<?xml version="1.0" encoding="utf-8"?>
<test-run id="2" testcasecount="372" result="Passed" total="372" passed="372" failed="0" inconclusive="0" skipped="0" asserts="0" engine-version="3.5.0.0" clr-version="4.0.30319.42000" start-time="2026-07-12 15:18:33Z" end-time="2026-07-12 15:18:34Z" duration="0,7481618">
  <test-suite type="TestSuite" id="1000" name="Clean Energy Prototype" fullname="Clean Energy Prototype" runstate="Runnable" testcasecount="372" result="Passed" start-time="2026-07-12 15:18:33Z" end-time="2026-07-12 15:18:34Z" duration="0.748162" total="372" passed="372" failed="0" inconclusive="0" skipped="0" asserts="0">
    <properties>
      <property name="platform" value="EditMode" />
    </properties>
    <test-suite type="Assembly" id="1481" name="CleanEnergy.Tests.EditMode.dll" fullname="E:/CURSOL PROJELER/game/Library/ScriptAssemblies/CleanEnergy.Tests.EditMode.dll" runstate="Runnable" testcasecount="372" result="Passed" start-time="2026-07-12 15:18:33Z" end-time="2026-07-12 15:18:34Z" duration="0.735039" total="372" passed="372" failed="0" inconclusive="0" skipped="0" asserts="0">
      <properties>
        <property name="_PID" value="21628" />
        <property name="_APPDOMAIN" value="Unity Child Domain" />
        <property name="platform" value="EditMode" />
        <property name="EditorOnly" value="True" />
      </properties>
      <test-suite type="TestSuite" id="1482" name="CleanEnergy" fullname="CleanEnergy" runstate="Runnable" testcasecount="372" result="Passed" start-time="2026-07-12 15:18:33Z" end-time="2026-07-12 15:18:34Z" duration="0.728380" total="372" passed="372" failed="0" inconclusive="0" skipped="0" asserts="0">
        <properties />
        <test-suite type="TestSuite" id="1483" name="Tests" fullname="CleanEnergy.Tests" runstate="Runnable" testcasecount="372" result="Passed" start-time="2026-07-12 15:18:33Z" end-time="2026-07-12 15:18:34Z" duration="0.721334" total="372" passed="372" failed="0" inconclusive="0" skipped="0" asserts="0">
          <properties />
          <test-suite type="TestSuite" id="1484" name="EditMode" fullname="CleanEnergy.Tests.EditMode" runstate="Runnable" testcasecount="372" result="Passed" start-time="2026-07-12 15:18:33Z" end-time="2026-07-12 15:18:34Z" duration="0.711815" total="372" passed="372" failed="0" inconclusive="0" skipped="0" asserts="0">
            <properties />
            <test-suite type="TestFixture" id="1001" name="BootstrapFlowTests" fullname="CleanEnergy.Tests.EditMode.BootstrapFlowTests" classname="CleanEnergy.Tests.EditMode.BootstrapFlowTests" runstate="Runnable" testcasecount="2" result="Passed" start-time="2026-07-12 15:18:33Z" end-time="2026-07-12 15:18:33Z" duration="0.035030" total="2" passed="2" failed="0" inconclusive="0" skipped="0" asserts="0">
              <properties />
              <test-case id="1003" name="IsBootstrapScene_MatchesName" fullname="CleanEnergy.Tests.EditMode.BootstrapFlowTests.IsBootstrapScene_MatchesName" methodname="IsBootstrapScene_MatchesName" classname="CleanEnergy.Tests.EditMode.BootstrapFlowTests" runstate="Runnable" seed="1535020481" result="Passed" start-time="2026-07-12 15:18:33Z" end-time="2026-07-12 15:18:33Z" duration="0.014522" asserts="0">
                <properties>
                  <property name="retryIteration" value="0" />
                  <property name="repeatIteration" value="0" />
                </properties>
              </test-case>
              <test-case id="1002" name="SceneNames_IncludeBootstrapFirst" fullname="CleanEnergy.Tests.EditMode.BootstrapFlowTests.SceneNames_IncludeBootstrapFirst" methodname="SceneNames_IncludeBootstrapFirst" classname="CleanEnergy.Tests.EditMode.BootstrapFlowTests" runstate="Runnable" seed="1792582144" result="Passed" start-time="2026-07-12 15:18:33Z" end-time="2026-07-12 15:18:33Z" duration="0.004429" asserts="0">
                <properties>
                  <property name="retryIteration" value="0" />
                  <property name="repeatIteration" value="0" />
                </properties>
              </test-case>
            </test-suite>
            <test-suite type="TestFixture" id="1004" name="BuildCategoryTabTests" fullname="CleanEnergy.Tests.EditMode.BuildCategoryTabTests" classname="CleanEnergy.Tests.EditMode.BuildCategoryTabTests" runstate="Runnable" testcasecount="7" result="Passed" start-time="2026-07-12 15:18:33Z" end-time="2026-07-12 15:18:33Z" duration="0.013079" total="7" passed="7" failed="0" inconclusive="0" skipped="0" asserts="0">
              <properties />
              <test-case id="1010" name="FilterForTab_ReturnsAllInCategory_IncludingLocked" fullname="CleanEnergy.Tests.EditMode.BuildCategoryTabTests.FilterForTab_ReturnsAllInCategory_IncludingLocked" methodname="FilterForTab_ReturnsAllInCategory_IncludingLocked" classname="CleanEnergy.Tests.EditMode.BuildCategoryTabTests" runstate="Runnable" seed="1459316855" result="Passed" start-time="2026-07-12 15:18:33Z" end-time="2026-07-12 15:18:33Z" duration="0.004572" asserts="0">
                <properties>
                  <property name="retryIteration" value="0" />
                  <property name="repeatIteration" value="0" />
                </properties>
              </test-case>
              <test-case id="1007" name="Load_DefaultsToEnergy_WhenMissing" fullname="CleanEnergy.Tests.EditMode.BuildCategoryTabTests.Load_DefaultsToEnergy_WhenMissing" methodname="Load_DefaultsToEnergy_WhenMissing" classname="CleanEnergy.Tests.EditMode.BuildCategoryTabTests" runstate="Runnable" seed="583622087" result="Passed" start-time="2026-07-12 15:18:33Z" end-time="2026-07-12 15:18:33Z" duration="0.002194" asserts="0">
                <properties>
                  <property name="retryIteration" value="0" />
                  <property name="repeatIteration" value="0" />
                </properties>
              </test-case>
              <test-case id="1008" name="Load_FallsBackToEnergy_WhenCorrupt" fullname="CleanEnergy.Tests.EditMode.BuildCategoryTabTests.Load_FallsBackToEnergy_WhenCorrupt" methodname="Load_FallsBackToEnergy_WhenCorrupt" classname="CleanEnergy.Tests.EditMode.BuildCategoryTabTests" runstate="Runnable" seed="1930882111" result="Passed" start-time="2026-07-12 15:18:33Z" end-time="2026-07-12 15:18:33Z" duration="0.000793" asserts="0">
                <properties>
                  <property name="retryIteration" value="0" />
                  <property name="repeatIteration" value="0" />
                </properties>
              </test-case>
              <test-case id="1009" name="MatchesCategory_FiltersByDefinitionCategory" fullname="CleanEnergy.Tests.EditMode.BuildCategoryTabTests.MatchesCategory_FiltersByDefinitionCategory" methodname="MatchesCategory_FiltersByDefinitionCategory" classname="CleanEnergy.Tests.EditMode.BuildCategoryTabTests" runstate="Runnable" seed="1314750662" result="Passed" start-time="2026-07-12 15:18:33Z" end-time="2026-07-12 15:18:33Z" duration="0.000333" asserts="0">
                <properties>
                  <property name="retryIteration" value="0" />
                  <property name="repeatIteration" value="0" />
                </properties>
              </test-case>
              <test-case id="1005" name="PrefsKey_IsLockedName" fullname="CleanEnergy.Tests.EditMode.BuildCategoryTabTests.PrefsKey_IsLockedName" methodname="PrefsKey_IsLockedName" classname="CleanEnergy.Tests.EditMode.BuildCategoryTabTests" runstate="Runnable" seed="973656237" result="Passed" start-time="2026-07-12 15:18:33Z" end-time="2026-07-12 15:18:33Z" duration="0.000215" asserts="0">
                <properties>
                  <property name="retryIteration" value="0" />
                  <property name="repeatIteration" value="0" />
                </properties>
              </test-case>
              <test-case id="1006" name="SaveLoad_PersistsActiveCategory" fullname="CleanEnergy.Tests.EditMode.BuildCategoryTabTests.SaveLoad_PersistsActiveCategory" methodname="SaveLoad_PersistsActiveCategory" classname="CleanEnergy.Tests.EditMode.BuildCategoryTabTests" runstate="Runnable" seed="948753962" result="Passed" start-time="2026-07-12 15:18:33Z" end-time="2026-07-12 15:18:33Z" duration="0.000454" asserts="0">
                <properties>
                  <property name="retryIteration" value="0" />
                  <property name="repeatIteration" value="0" />
                </properties>
              </test-case>
              <test-case id="1011" name="SetActiveCategory_WritesPrefs" fullname="CleanEnergy.Tests.EditMode.BuildCategoryTabTests.SetActiveCategory_WritesPrefs" methodname="SetActiveCategory_WritesPrefs" classname="CleanEnergy.Tests.EditMode.BuildCategoryTabTests" runstate="Runnable" seed="2056599118" result="Passed" start-time="2026-07-12 15:18:33Z" end-time="2026-07-12 15:18:33Z" duration="0.001895" asserts="0">
                <properties>
                  <property name="retryIteration" value="0" />
                  <property name="repeatIteration" value="0" />
                </properties>
              </test-case>
            </test-suite>
            <test-suite type="TestFixture" id="1012" name="BuildingRotateTests" fullname="CleanEnergy.Tests.EditMode.BuildingRotateTests" classname="CleanEnergy.Tests.EditMode.BuildingRotateTests" runstate="Runnable" testcasecount="2" result="Passed" start-time="2026-07-12 15:18:33Z" end-time="2026-07-12 15:18:33Z" duration="0.004520" total="2" passed="2" failed="0" inconclusive="0" skipped="0" asserts="0">
              <properties />
              <test-case id="1014" name="CancelPlacement_ResetsRotation" fullname="CleanEnergy.Tests.EditMode.BuildingRotateTests.CancelPlacement_ResetsRotation" methodname="CancelPlacement_ResetsRotation" classname="CleanEnergy.Tests.EditMode.BuildingRotateTests" runstate="Runnable" seed="1787976033" result="Passed" start-time="2026-07-12 15:18:33Z" end-time="2026-07-12 15:18:33Z" duration="0.002744" asserts="0">
                <properties>
                  <property name="retryIteration" value="0" />
                  <property name="repeatIteration" value="0" />
                </properties>
              </test-case>
              <test-case id="1013" name="CycleRotation_WrapsZeroToThree" fullname="CleanEnergy.Tests.EditMode.BuildingRotateTests.CycleRotation_WrapsZeroToThree" methodname="CycleRotation_WrapsZeroToThree" classname="CleanEnergy.Tests.EditMode.BuildingRotateTests" runstate="Runnable" seed="431550060" result="Passed" start-time="2026-07-12 15:18:33Z" end-time="2026-07-12 15:18:33Z" duration="0.000593" asserts="0">
                <properties>
                  <property name="retryIteration" value="0" />
                  <property name="repeatIteration" value="0" />
                </properties>
              </test-case>
            </test-suite>
            <test-suite type="TestFixture" id="1015" name="BulkRepairTests" fullname="CleanEnergy.Tests.EditMode.BulkRepairTests" classname="CleanEnergy.Tests.EditMode.BulkRepairTests" runstate="Runnable" testcasecount="2" result="Passed" start-time="2026-07-12 15:18:33Z" end-time="2026-07-12 15:18:33Z" duration="0.006800" total="2" passed="2" failed="0" inconclusive="0" skipped="0" asserts="0">
              <properties />
              <test-case id="1016" name="BulkRepair_AtomicallyRepairsCoveredProducers" fullname="CleanEnergy.Tests.EditMode.BulkRepairTests.BulkRepair_AtomicallyRepairsCoveredProducers" methodname="BulkRepair_AtomicallyRepairsCoveredProducers" classname="CleanEnergy.Tests.EditMode.BulkRepairTests" runstate="Runnable" seed="1615459080" result="Passed" start-time="2026-07-12 15:18:33Z" end-time="2026-07-12 15:18:33Z" duration="0.005056" asserts="0">
                <properties>
                  <property name="retryIteration" value="0" />
                  <property name="repeatIteration" value="0" />
                </properties>
              </test-case>
              <test-case id="1017" name="BulkRepair_FailsWithoutSpending_WhenBroke" fullname="CleanEnergy.Tests.EditMode.BulkRepairTests.BulkRepair_FailsWithoutSpending_WhenBroke" methodname="BulkRepair_FailsWithoutSpending_WhenBroke" classname="CleanEnergy.Tests.EditMode.BulkRepairTests" runstate="Runnable" seed="1581862072" result="Passed" start-time="2026-07-12 15:18:33Z" end-time="2026-07-12 15:18:33Z" duration="0.000737" asserts="0">
                <properties>
                  <property name="retryIteration" value="0" />
                  <property name="repeatIteration" value="0" />
                </properties>
              </test-case>
            </test-suite>
            <test-suite type="TestFixture" id="1022" name="CameraFocusTests" fullname="CleanEnergy.Tests.EditMode.CameraFocusTests" classname="CleanEnergy.Tests.EditMode.CameraFocusTests" runstate="Runnable" testcasecount="2" result="Passed" start-time="2026-07-12 15:18:33Z" end-time="2026-07-12 15:18:33Z" duration="0.005038" total="2" passed="2" failed="0" inconclusive="0" skipped="0" asserts="0">
              <properties />
              <test-case id="1024" name="LerpFocus_MidpointBetween" fullname="CleanEnergy.Tests.EditMode.CameraFocusTests.LerpFocus_MidpointBetween" methodname="LerpFocus_MidpointBetween" classname="CleanEnergy.Tests.EditMode.CameraFocusTests" runstate="Runnable" seed="801385786" result="Passed" start-time="2026-07-12 15:18:33Z" end-time="2026-07-12 15:18:33Z" duration="0.000423" asserts="0">
                <properties>
                  <property name="retryIteration" value="0" />
                  <property name="repeatIteration" value="0" />
                </properties>
              </test-case>
              <test-case id="1023" name="SmoothStep_EndsAtOne" fullname="CleanEnergy.Tests.EditMode.CameraFocusTests.SmoothStep_EndsAtOne" methodname="SmoothStep_EndsAtOne" classname="CleanEnergy.Tests.EditMode.CameraFocusTests" runstate="Runnable" seed="1961391901" result="Passed" start-time="2026-07-12 15:18:33Z" end-time="2026-07-12 15:18:33Z" duration="0.003619" asserts="0">
                <properties>
                  <property name="retryIteration" value="0" />
                  <property name="repeatIteration" value="0" />
                </properties>
              </test-case>
            </test-suite>
            <test-suite type="TestFixture" id="1018" name="CamKeybindTests" fullname="CleanEnergy.Tests.EditMode.CamKeybindTests" classname="CleanEnergy.Tests.EditMode.CamKeybindTests" runstate="Runnable" testcasecount="3" result="Passed" start-time="2026-07-12 15:18:33Z" end-time="2026-07-12 15:18:33Z" duration="0.005990" total="3" passed="3" failed="0" inconclusive="0" skipped="0" asserts="0">
              <properties />
              <test-case id="1019" name="CameraDefaults_AreWasdAndQE" fullname="CleanEnergy.Tests.EditMode.CamKeybindTests.CameraDefaults_AreWasdAndQE" methodname="CameraDefaults_AreWasdAndQE" classname="CleanEnergy.Tests.EditMode.CamKeybindTests" runstate="Runnable" seed="1680197022" result="Passed" start-time="2026-07-12 15:18:33Z" end-time="2026-07-12 15:18:33Z" duration="0.002950" asserts="0">
                <properties>
                  <property name="retryIteration" value="0" />
                  <property name="repeatIteration" value="0" />
                </properties>
              </test-case>
              <test-case id="1021" name="CameraRemap_PersistsValidKey" fullname="CleanEnergy.Tests.EditMode.CamKeybindTests.CameraRemap_PersistsValidKey" methodname="CameraRemap_PersistsValidKey" classname="CleanEnergy.Tests.EditMode.CamKeybindTests" runstate="Runnable" seed="1953547005" result="Passed" start-time="2026-07-12 15:18:33Z" end-time="2026-07-12 15:18:33Z" duration="0.000856" asserts="0">
                <properties>
                  <property name="retryIteration" value="0" />
                  <property name="repeatIteration" value="0" />
                </properties>
              </test-case>
              <test-case id="1020" name="CameraRemap_RejectsFunctionKeys" fullname="CleanEnergy.Tests.EditMode.CamKeybindTests.CameraRemap_RejectsFunctionKeys" methodname="CameraRemap_RejectsFunctionKeys" classname="CleanEnergy.Tests.EditMode.CamKeybindTests" runstate="Runnable" seed="403845748" result="Passed" start-time="2026-07-12 15:18:33Z" end-time="2026-07-12 15:18:33Z" duration="0.000893" asserts="0">
                <properties>
                  <property name="retryIteration" value="0" />
                  <property name="repeatIteration" value="0" />
                </properties>
              </test-case>
            </test-suite>
            <test-suite type="TestFixture" id="1025" name="CloudStubTests" fullname="CleanEnergy.Tests.EditMode.CloudStubTests" classname="CleanEnergy.Tests.EditMode.CloudStubTests" runstate="Runnable" testcasecount="5" result="Passed" start-time="2026-07-12 15:18:33Z" end-time="2026-07-12 15:18:33Z" duration="0.005923" total="5" passed="5" failed="0" inconclusive="0" skipped="0" asserts="0">
              <properties />
              <test-case id="1028" name="GameServices_RegistersLocalByDefault" fullname="CleanEnergy.Tests.EditMode.CloudStubTests.GameServices_RegistersLocalByDefault" methodname="GameServices_RegistersLocalByDefault" classname="CleanEnergy.Tests.EditMode.CloudStubTests" runstate="Runnable" seed="1339682922" result="Passed" start-time="2026-07-12 15:18:33Z" end-time="2026-07-12 15:18:33Z" duration="0.003355" asserts="0">
                <properties>
                  <property name="retryIteration" value="0" />
                  <property name="repeatIteration" value="0" />
                </properties>
              </test-case>
              <test-case id="1026" name="LocalCloudSaveStore_PassthroughDirectory" fullname="CleanEnergy.Tests.EditMode.CloudStubTests.LocalCloudSaveStore_PassthroughDirectory" methodname="LocalCloudSaveStore_PassthroughDirectory" classname="CleanEnergy.Tests.EditMode.CloudStubTests" runstate="Runnable" seed="373370597" result="Passed" start-time="2026-07-12 15:18:33Z" end-time="2026-07-12 15:18:33Z" duration="0.000268" asserts="0">
                <properties>
                  <property name="retryIteration" value="0" />
                  <property name="repeatIteration" value="0" />
                </properties>
              </test-case>
              <test-case id="1029" name="RegisterCloudSaveStore_AcceptsStub" fullname="CleanEnergy.Tests.EditMode.CloudStubTests.RegisterCloudSaveStore_AcceptsStub" methodname="RegisterCloudSaveStore_AcceptsStub" classname="CleanEnergy.Tests.EditMode.CloudStubTests" runstate="Runnable" seed="168891305" result="Passed" start-time="2026-07-12 15:18:33Z" end-time="2026-07-12 15:18:33Z" duration="0.000435" asserts="0">
                <properties>
                  <property name="retryIteration" value="0" />
                  <property name="repeatIteration" value="0" />
                </properties>
              </test-case>
              <test-case id="1030" name="SaveGameService_UsesResolvedDirectory" fullname="CleanEnergy.Tests.EditMode.CloudStubTests.SaveGameService_UsesResolvedDirectory" methodname="SaveGameService_UsesResolvedDirectory" classname="CleanEnergy.Tests.EditMode.CloudStubTests" runstate="Runnable" seed="1312141484" result="Passed" start-time="2026-07-12 15:18:33Z" end-time="2026-07-12 15:18:33Z" duration="0.000294" asserts="0">
                <properties>
                  <property name="retryIteration" value="0" />
                  <property name="repeatIteration" value="0" />
                </properties>
              </test-case>
              <test-case id="1027" name="SteamCloudStub_UnavailableWithoutSdk" fullname="CleanEnergy.Tests.EditMode.CloudStubTests.SteamCloudStub_UnavailableWithoutSdk" methodname="SteamCloudStub_UnavailableWithoutSdk" classname="CleanEnergy.Tests.EditMode.CloudStubTests" runstate="Runnable" seed="1942765998" result="Passed" start-time="2026-07-12 15:18:33Z" end-time="2026-07-12 15:18:33Z" duration="0.000169" asserts="0">
                <properties>
                  <property name="retryIteration" value="0" />
                  <property name="repeatIteration" value="0" />
                </properties>
              </test-case>
            </test-suite>
            <test-suite type="TestFixture" id="1031" name="CreditInterestTests" fullname="CleanEnergy.Tests.EditMode.CreditInterestTests" classname="CleanEnergy.Tests.EditMode.CreditInterestTests" runstate="Runnable" testcasecount="4" result="Passed" start-time="2026-07-12 15:18:33Z" end-time="2026-07-12 15:18:33Z" duration="0.002619" total="4" passed="4" failed="0" inconclusive="0" skipped="0" asserts="0">
              <properties />
              <test-case id="1033" name="Interest_CeilOnePercent_MinOne_DoesNotChangePrincipal" fullname="CleanEnergy.Tests.EditMode.CreditInterestTests.Interest_CeilOnePercent_MinOne_DoesNotChangePrincipal" methodname="Interest_CeilOnePercent_MinOne_DoesNotChangePrincipal" classname="CleanEnergy.Tests.EditMode.CreditInterestTests" runstate="Runnable" seed="1835422873" result="Passed" start-time="2026-07-12 15:18:33Z" end-time="2026-07-12 15:18:33Z" duration="0.000508" asserts="0">
                <properties>
                  <property name="retryIteration" value="0" />
                  <property name="repeatIteration" value="0" />
                </properties>
              </test-case>
              <test-case id="1035" name="SaveData_RoundTripsCreditDebt" fullname="CleanEnergy.Tests.EditMode.CreditInterestTests.SaveData_RoundTripsCreditDebt" methodname="SaveData_RoundTripsCreditDebt" classname="CleanEnergy.Tests.EditMode.CreditInterestTests" runstate="Runnable" seed="860408051" result="Passed" start-time="2026-07-12 15:18:33Z" end-time="2026-07-12 15:18:33Z" duration="0.000810" asserts="0">
                <properties>
                  <property name="retryIteration" value="0" />
                  <property name="repeatIteration" value="0" />
                </properties>
              </test-case>
              <test-case id="1032" name="TryGrant_OpensDebtOfCreditAmount" fullname="CleanEnergy.Tests.EditMode.CreditInterestTests.TryGrant_OpensDebtOfCreditAmount" methodname="TryGrant_OpensDebtOfCreditAmount" classname="CleanEnergy.Tests.EditMode.CreditInterestTests" runstate="Runnable" seed="340274332" result="Passed" start-time="2026-07-12 15:18:33Z" end-time="2026-07-12 15:18:33Z" duration="0.000142" asserts="0">
                <properties>
                  <property name="retryIteration" value="0" />
                  <property name="repeatIteration" value="0" />
                </properties>
              </test-case>
              <test-case id="1034" name="TryRepay_ClearsDebt" fullname="CleanEnergy.Tests.EditMode.CreditInterestTests.TryRepay_ClearsDebt" methodname="TryRepay_ClearsDebt" classname="CleanEnergy.Tests.EditMode.CreditInterestTests" runstate="Runnable" seed="712319226" result="Passed" start-time="2026-07-12 15:18:33Z" end-time="2026-07-12 15:18:33Z" duration="0.000212" asserts="0">
                <properties>
                  <property name="retryIteration" value="0" />
                  <property name="repeatIteration" value="0" />
                </properties>
              </test-case>
            </test-suite>
            <test-suite type="TestFixture" id="1036" name="DayCycleLightingTests" fullname="CleanEnergy.Tests.EditMode.DayCycleLightingTests" classname="CleanEnergy.Tests.EditMode.DayCycleLightingTests" runstate="Runnable" testcasecount="3" result="Passed" start-time="2026-07-12 15:18:33Z" end-time="2026-07-12 15:18:33Z" duration="0.005013" total="3" passed="3" failed="0" inconclusive="0" skipped="0" asserts="0">
              <properties />
              <test-case id="1038" name="ApplyPhase_UpdatesLightAndAmbient" fullname="CleanEnergy.Tests.EditMode.DayCycleLightingTests.ApplyPhase_UpdatesLightAndAmbient" methodname="ApplyPhase_UpdatesLightAndAmbient" classname="CleanEnergy.Tests.EditMode.DayCycleLightingTests" runstate="Runnable" seed="122981403" result="Passed" start-time="2026-07-12 15:18:33Z" end-time="2026-07-12 15:18:33Z" duration="0.002457" asserts="0">
                <properties>
                  <property name="retryIteration" value="0" />
                  <property name="repeatIteration" value="0" />
                </properties>
              </test-case>
              <test-case id="1037" name="Resolve_DawnNoonEveningNight_FixedTable" fullname="CleanEnergy.Tests.EditMode.DayCycleLightingTests.Resolve_DawnNoonEveningNight_FixedTable" methodname="Resolve_DawnNoonEveningNight_FixedTable" classname="CleanEnergy.Tests.EditMode.DayCycleLightingTests" runstate="Runnable" seed="963260991" result="Passed" start-time="2026-07-12 15:18:33Z" end-time="2026-07-12 15:18:33Z" duration="0.000321" asserts="0">
                <properties>
                  <property name="retryIteration" value="0" />
                  <property name="repeatIteration" value="0" />
                </properties>
              </test-case>
              <test-case id="1039" name="Update_FreezesWhilePaused" fullname="CleanEnergy.Tests.EditMode.DayCycleLightingTests.Update_FreezesWhilePaused" methodname="Update_FreezesWhilePaused" classname="CleanEnergy.Tests.EditMode.DayCycleLightingTests" runstate="Runnable" seed="1341991061" result="Passed" start-time="2026-07-12 15:18:33Z" end-time="2026-07-12 15:18:33Z" duration="0.001299" asserts="0">
                <properties>
                  <property name="retryIteration" value="0" />
                  <property name="repeatIteration" value="0" />
                </properties>
              </test-case>
            </test-suite>
            <test-suite type="TestFixture" id="1040" name="DayCycleTests" fullname="CleanEnergy.Tests.EditMode.DayCycleTests" classname="CleanEnergy.Tests.EditMode.DayCycleTests" runstate="Runnable" testcasecount="10" result="Passed" start-time="2026-07-12 15:18:33Z" end-time="2026-07-12 15:18:33Z" duration="0.007964" total="10" passed="10" failed="0" inconclusive="0" skipped="0" asserts="0">
              <properties />
              <test-case id="1043" name="DemandMultiplier_EveningGreaterThanNoon" fullname="CleanEnergy.Tests.EditMode.DayCycleTests.DemandMultiplier_EveningGreaterThanNoon" methodname="DemandMultiplier_EveningGreaterThanNoon" classname="CleanEnergy.Tests.EditMode.DayCycleTests" runstate="Runnable" seed="174211707" result="Passed" start-time="2026-07-12 15:18:33Z" end-time="2026-07-12 15:18:33Z" duration="0.000509" asserts="0">
                <properties>
                  <property name="retryIteration" value="0" />
                  <property name="repeatIteration" value="0" />
                </properties>
              </test-case>
              <test-case id="1042" name="HalfDay_IsEvening" fullname="CleanEnergy.Tests.EditMode.DayCycleTests.HalfDay_IsEvening" methodname="HalfDay_IsEvening" classname="CleanEnergy.Tests.EditMode.DayCycleTests" runstate="Runnable" seed="632133114" result="Passed" start-time="2026-07-12 15:18:33Z" end-time="2026-07-12 15:18:33Z" duration="0.000269" asserts="0">
                <properties>
                  <property name="retryIteration" value="0" />
                  <property name="repeatIteration" value="0" />
                </properties>
              </test-case>
              <test-case id="1045" name="Hydro_UnchangedAcrossPhases" fullname="CleanEnergy.Tests.EditMode.DayCycleTests.Hydro_UnchangedAcrossPhases" methodname="Hydro_UnchangedAcrossPhases" classname="CleanEnergy.Tests.EditMode.DayCycleTests" runstate="Runnable" seed="997010968" result="Passed" start-time="2026-07-12 15:18:33Z" end-time="2026-07-12 15:18:33Z" duration="0.002338" asserts="0">
                <properties>
                  <property name="retryIteration" value="0" />
                  <property name="repeatIteration" value="0" />
                </properties>
              </test-case>
              <test-case id="1047" name="PhaseFromNormalized_Boundaries" fullname="CleanEnergy.Tests.EditMode.DayCycleTests.PhaseFromNormalized_Boundaries" methodname="PhaseFromNormalized_Boundaries" classname="CleanEnergy.Tests.EditMode.DayCycleTests" runstate="Runnable" seed="65816033" result="Passed" start-time="2026-07-12 15:18:33Z" end-time="2026-07-12 15:18:33Z" duration="0.000243" asserts="0">
                <properties>
                  <property name="retryIteration" value="0" />
                  <property name="repeatIteration" value="0" />
                </properties>
              </test-case>
              <test-case id="1044" name="Solar_NightProductionIsZero" fullname="CleanEnergy.Tests.EditMode.DayCycleTests.Solar_NightProductionIsZero" methodname="Solar_NightProductionIsZero" classname="CleanEnergy.Tests.EditMode.DayCycleTests" runstate="Runnable" seed="61382802" result="Passed" start-time="2026-07-12 15:18:33Z" end-time="2026-07-12 15:18:33Z" duration="0.000541" asserts="0">
                <properties>
                  <property name="retryIteration" value="0" />
                  <property name="repeatIteration" value="0" />
                </properties>
              </test-case>
              <test-case id="1050" name="Solar_StillZeroAtNight" fullname="CleanEnergy.Tests.EditMode.DayCycleTests.Solar_StillZeroAtNight" methodname="Solar_StillZeroAtNight" classname="CleanEnergy.Tests.EditMode.DayCycleTests" runstate="Runnable" seed="74052103" result="Passed" start-time="2026-07-12 15:18:33Z" end-time="2026-07-12 15:18:33Z" duration="0.000475" asserts="0">
                <properties>
                  <property name="retryIteration" value="0" />
                  <property name="repeatIteration" value="0" />
                </properties>
              </test-case>
              <test-case id="1041" name="TickZero_IsMorning" fullname="CleanEnergy.Tests.EditMode.DayCycleTests.TickZero_IsMorning" methodname="TickZero_IsMorning" classname="CleanEnergy.Tests.EditMode.DayCycleTests" runstate="Runnable" seed="1790086834" result="Passed" start-time="2026-07-12 15:18:33Z" end-time="2026-07-12 15:18:33Z" duration="0.000171" asserts="0">
                <properties>
                  <property name="retryIteration" value="0" />
                  <property name="repeatIteration" value="0" />
                </properties>
              </test-case>
              <test-case id="1046" name="VillageDemand_ScalesWithPhase" fullname="CleanEnergy.Tests.EditMode.DayCycleTests.VillageDemand_ScalesWithPhase" methodname="VillageDemand_ScalesWithPhase" classname="CleanEnergy.Tests.EditMode.DayCycleTests" runstate="Runnable" seed="1914687918" result="Passed" start-time="2026-07-12 15:18:33Z" end-time="2026-07-12 15:18:33Z" duration="0.000522" asserts="0">
                <properties>
                  <property name="retryIteration" value="0" />
                  <property name="repeatIteration" value="0" />
                </properties>
              </test-case>
              <test-case id="1049" name="Wind_NightGreaterThanNoon" fullname="CleanEnergy.Tests.EditMode.DayCycleTests.Wind_NightGreaterThanNoon" methodname="Wind_NightGreaterThanNoon" classname="CleanEnergy.Tests.EditMode.DayCycleTests" runstate="Runnable" seed="515731600" result="Passed" start-time="2026-07-12 15:18:33Z" end-time="2026-07-12 15:18:33Z" duration="0.000461" asserts="0">
                <properties>
                  <property name="retryIteration" value="0" />
                  <property name="repeatIteration" value="0" />
                </properties>
              </test-case>
              <test-case id="1048" name="WindFactor_TableMatchesSpec" fullname="CleanEnergy.Tests.EditMode.DayCycleTests.WindFactor_TableMatchesSpec" methodname="WindFactor_TableMatchesSpec" classname="CleanEnergy.Tests.EditMode.DayCycleTests" runstate="Runnable" seed="1313997465" result="Passed" start-time="2026-07-12 15:18:33Z" end-time="2026-07-12 15:18:33Z" duration="0.000175" asserts="0">
                <properties>
                  <property name="retryIteration" value="0" />
                  <property name="repeatIteration" value="0" />
                </properties>
              </test-case>
            </test-suite>
            <test-suite type="TestFixture" id="1051" name="DebugViewHotkeysTests" fullname="CleanEnergy.Tests.EditMode.DebugViewHotkeysTests" classname="CleanEnergy.Tests.EditMode.DebugViewHotkeysTests" runstate="Runnable" testcasecount="2" result="Passed" start-time="2026-07-12 15:18:33Z" end-time="2026-07-12 15:18:33Z" duration="0.001724" total="2" passed="2" failed="0" inconclusive="0" skipped="0" asserts="0">
              <properties />
              <test-case id="1052" name="F1toF6_MapToModes" fullname="CleanEnergy.Tests.EditMode.DebugViewHotkeysTests.F1toF6_MapToModes" methodname="F1toF6_MapToModes" classname="CleanEnergy.Tests.EditMode.DebugViewHotkeysTests" runstate="Runnable" seed="25587711" result="Passed" start-time="2026-07-12 15:18:33Z" end-time="2026-07-12 15:18:33Z" duration="0.000553" asserts="0">
                <properties>
                  <property name="retryIteration" value="0" />
                  <property name="repeatIteration" value="0" />
                </properties>
              </test-case>
              <test-case id="1053" name="OtherKey_ReturnsFalse" fullname="CleanEnergy.Tests.EditMode.DebugViewHotkeysTests.OtherKey_ReturnsFalse" methodname="OtherKey_ReturnsFalse" classname="CleanEnergy.Tests.EditMode.DebugViewHotkeysTests" runstate="Runnable" seed="1739923854" result="Passed" start-time="2026-07-12 15:18:33Z" end-time="2026-07-12 15:18:33Z" duration="0.000170" asserts="0">
                <properties>
                  <property name="retryIteration" value="0" />
                  <property name="repeatIteration" value="0" />
                </properties>
              </test-case>
            </test-suite>
            <test-suite type="TestFixture" id="1054" name="DemandDebugOverlayTests" fullname="CleanEnergy.Tests.EditMode.DemandDebugOverlayTests" classname="CleanEnergy.Tests.EditMode.DemandDebugOverlayTests" runstate="Runnable" testcasecount="3" result="Passed" start-time="2026-07-12 15:18:33Z" end-time="2026-07-12 15:18:33Z" duration="0.001556" total="3" passed="3" failed="0" inconclusive="0" skipped="0" asserts="0">
              <properties />
              <test-case id="1056" name="ColorForRatio_HighIsMoreOrange" fullname="CleanEnergy.Tests.EditMode.DemandDebugOverlayTests.ColorForRatio_HighIsMoreOrange" methodname="ColorForRatio_HighIsMoreOrange" classname="CleanEnergy.Tests.EditMode.DemandDebugOverlayTests" runstate="Runnable" seed="1976601738" result="Passed" start-time="2026-07-12 15:18:33Z" end-time="2026-07-12 15:18:33Z" duration="0.000329" asserts="0">
                <properties>
                  <property name="retryIteration" value="0" />
                  <property name="repeatIteration" value="0" />
                </properties>
              </test-case>
              <test-case id="1055" name="ComputeRatio_UsesBaseDemand" fullname="CleanEnergy.Tests.EditMode.DemandDebugOverlayTests.ComputeRatio_UsesBaseDemand" methodname="ComputeRatio_UsesBaseDemand" classname="CleanEnergy.Tests.EditMode.DemandDebugOverlayTests" runstate="Runnable" seed="922110923" result="Passed" start-time="2026-07-12 15:18:33Z" end-time="2026-07-12 15:18:33Z" duration="0.000202" asserts="0">
                <properties>
                  <property name="retryIteration" value="0" />
                  <property name="repeatIteration" value="0" />
                </properties>
              </test-case>
              <test-case id="1057" name="F9_MapsToDemand" fullname="CleanEnergy.Tests.EditMode.DemandDebugOverlayTests.F9_MapsToDemand" methodname="F9_MapsToDemand" classname="CleanEnergy.Tests.EditMode.DemandDebugOverlayTests" runstate="Runnable" seed="1860490783" result="Passed" start-time="2026-07-12 15:18:33Z" end-time="2026-07-12 15:18:33Z" duration="0.000195" asserts="0">
                <properties>
                  <property name="retryIteration" value="0" />
                  <property name="repeatIteration" value="0" />
                </properties>
              </test-case>
            </test-suite>
            <test-suite type="TestFixture" id="1058" name="DemolishBuildingTests" fullname="CleanEnergy.Tests.EditMode.DemolishBuildingTests" classname="CleanEnergy.Tests.EditMode.DemolishBuildingTests" runstate="Runnable" testcasecount="1" result="Passed" start-time="2026-07-12 15:18:33Z" end-time="2026-07-12 15:18:33Z" duration="0.008441" total="1" passed="1" failed="0" inconclusive="0" skipped="0" asserts="0">
              <properties />
              <test-case id="1059" name="TryDemolish_RefundsHalfAndClearsOccupancy" fullname="CleanEnergy.Tests.EditMode.DemolishBuildingTests.TryDemolish_RefundsHalfAndClearsOccupancy" methodname="TryDemolish_RefundsHalfAndClearsOccupancy" classname="CleanEnergy.Tests.EditMode.DemolishBuildingTests" runstate="Runnable" seed="1614198270" result="Passed" start-time="2026-07-12 15:18:33Z" end-time="2026-07-12 15:18:33Z" duration="0.007486" asserts="0">
                <properties>
                  <property name="retryIteration" value="0" />
                  <property name="repeatIteration" value="0" />
                </properties>
                <output><![CDATA[[Placement] Demolished group (1). Refund=20 Stack=1
]]></output>
              </test-case>
            </test-suite>
            <test-suite type="TestFixture" id="1060" name="DemolishUndoTests" fullname="CleanEnergy.Tests.EditMode.DemolishUndoTests" classname="CleanEnergy.Tests.EditMode.DemolishUndoTests" runstate="Runnable" testcasecount="4" result="Passed" start-time="2026-07-12 15:18:33Z" end-time="2026-07-12 15:18:33Z" duration="0.008022" total="4" passed="4" failed="0" inconclusive="0" skipped="0" asserts="0">
              <properties />
              <test-case id="1062" name="ClearDemolishUndo_ClearsPending" fullname="CleanEnergy.Tests.EditMode.DemolishUndoTests.ClearDemolishUndo_ClearsPending" methodname="ClearDemolishUndo_ClearsPending" classname="CleanEnergy.Tests.EditMode.DemolishUndoTests" runstate="Runnable" seed="579382940" result="Passed" start-time="2026-07-12 15:18:33Z" end-time="2026-07-12 15:18:33Z" duration="0.001527" asserts="0">
                <properties>
                  <property name="retryIteration" value="0" />
                  <property name="repeatIteration" value="0" />
                </properties>
                <output><![CDATA[[Placement] Demolished group (1). Refund=20 Stack=1
]]></output>
              </test-case>
              <test-case id="1064" name="SecondDemolish_PushesOntoStack" fullname="CleanEnergy.Tests.EditMode.DemolishUndoTests.SecondDemolish_PushesOntoStack" methodname="SecondDemolish_PushesOntoStack" classname="CleanEnergy.Tests.EditMode.DemolishUndoTests" runstate="Runnable" seed="1822082041" result="Passed" start-time="2026-07-12 15:18:33Z" end-time="2026-07-12 15:18:33Z" duration="0.001753" asserts="0">
                <properties>
                  <property name="retryIteration" value="0" />
                  <property name="repeatIteration" value="0" />
                </properties>
                <output><![CDATA[[Placement] Demolished group (1). Refund=20 Stack=1
[Placement] Demolished group (1). Refund=20 Stack=2
]]></output>
              </test-case>
              <test-case id="1061" name="TryDemolish_StoresUndoSnapshot" fullname="CleanEnergy.Tests.EditMode.DemolishUndoTests.TryDemolish_StoresUndoSnapshot" methodname="TryDemolish_StoresUndoSnapshot" classname="CleanEnergy.Tests.EditMode.DemolishUndoTests" runstate="Runnable" seed="1576952213" result="Passed" start-time="2026-07-12 15:18:33Z" end-time="2026-07-12 15:18:33Z" duration="0.001405" asserts="0">
                <properties>
                  <property name="retryIteration" value="0" />
                  <property name="repeatIteration" value="0" />
                </properties>
                <output><![CDATA[[Placement] Demolished group (1). Refund=20 Stack=1
]]></output>
              </test-case>
              <test-case id="1063" name="TryUndo_WithoutMap_FailsAndRestoresRefundSpend" fullname="CleanEnergy.Tests.EditMode.DemolishUndoTests.TryUndo_WithoutMap_FailsAndRestoresRefundSpend" methodname="TryUndo_WithoutMap_FailsAndRestoresRefundSpend" classname="CleanEnergy.Tests.EditMode.DemolishUndoTests" runstate="Runnable" seed="2065434277" result="Passed" start-time="2026-07-12 15:18:33Z" end-time="2026-07-12 15:18:33Z" duration="0.001927" asserts="0">
                <properties>
                  <property name="retryIteration" value="0" />
                  <property name="repeatIteration" value="0" />
                </properties>
                <output><![CDATA[[Placement] Demolished group (1). Refund=20 Stack=1
]]></output>
              </test-case>
            </test-suite>
            <test-suite type="TestFixture" id="1065" name="DistributionHubTests" fullname="CleanEnergy.Tests.EditMode.DistributionHubTests" classname="CleanEnergy.Tests.EditMode.DistributionHubTests" runstate="Runnable" testcasecount="5" result="Passed" start-time="2026-07-12 15:18:33Z" end-time="2026-07-12 15:18:33Z" duration="0.006446" total="5" passed="5" failed="0" inconclusive="0" skipped="0" asserts="0">
              <properties />
              <test-case id="1070" name="DistributionHub_WithHubFlag_IsHub" fullname="CleanEnergy.Tests.EditMode.DistributionHubTests.DistributionHub_WithHubFlag_IsHub" methodname="DistributionHub_WithHubFlag_IsHub" classname="CleanEnergy.Tests.EditMode.DistributionHubTests" runstate="Runnable" seed="1673981097" result="Passed" start-time="2026-07-12 15:18:33Z" end-time="2026-07-12 15:18:33Z" duration="0.000497" asserts="0">
                <properties>
                  <property name="retryIteration" value="0" />
                  <property name="repeatIteration" value="0" />
                </properties>
              </test-case>
              <test-case id="1066" name="LongRangeHub_ConnectsDistantNodes" fullname="CleanEnergy.Tests.EditMode.DistributionHubTests.LongRangeHub_ConnectsDistantNodes" methodname="LongRangeHub_ConnectsDistantNodes" classname="CleanEnergy.Tests.EditMode.DistributionHubTests" runstate="Runnable" seed="1949914990" result="Passed" start-time="2026-07-12 15:18:33Z" end-time="2026-07-12 15:18:33Z" duration="0.002984" asserts="0">
                <properties>
                  <property name="retryIteration" value="0" />
                  <property name="repeatIteration" value="0" />
                </properties>
              </test-case>
              <test-case id="1069" name="PowerLineId_WithoutHubFlag_IsNotHub" fullname="CleanEnergy.Tests.EditMode.DistributionHubTests.PowerLineId_WithoutHubFlag_IsNotHub" methodname="PowerLineId_WithoutHubFlag_IsNotHub" classname="CleanEnergy.Tests.EditMode.DistributionHubTests" runstate="Runnable" seed="1537454547" result="Passed" start-time="2026-07-12 15:18:33Z" end-time="2026-07-12 15:18:33Z" duration="0.000446" asserts="0">
                <properties>
                  <property name="retryIteration" value="0" />
                  <property name="repeatIteration" value="0" />
                </properties>
              </test-case>
              <test-case id="1068" name="ShortRangeFails_LongRangeSucceeds_SameLayout" fullname="CleanEnergy.Tests.EditMode.DistributionHubTests.ShortRangeFails_LongRangeSucceeds_SameLayout" methodname="ShortRangeFails_LongRangeSucceeds_SameLayout" classname="CleanEnergy.Tests.EditMode.DistributionHubTests" runstate="Runnable" seed="678527680" result="Passed" start-time="2026-07-12 15:18:33Z" end-time="2026-07-12 15:18:33Z" duration="0.000339" asserts="0">
                <properties>
                  <property name="retryIteration" value="0" />
                  <property name="repeatIteration" value="0" />
                </properties>
              </test-case>
              <test-case id="1067" name="ShortRangeHub_DoesNotConnectDistantNodes" fullname="CleanEnergy.Tests.EditMode.DistributionHubTests.ShortRangeHub_DoesNotConnectDistantNodes" methodname="ShortRangeHub_DoesNotConnectDistantNodes" classname="CleanEnergy.Tests.EditMode.DistributionHubTests" runstate="Runnable" seed="357623242" result="Passed" start-time="2026-07-12 15:18:33Z" end-time="2026-07-12 15:18:33Z" duration="0.000444" asserts="0">
                <properties>
                  <property name="retryIteration" value="0" />
                  <property name="repeatIteration" value="0" />
                </properties>
              </test-case>
            </test-suite>
            <test-suite type="TestFixture" id="1071" name="EdgeParticleTests" fullname="CleanEnergy.Tests.EditMode.EdgeParticleTests" classname="CleanEnergy.Tests.EditMode.EdgeParticleTests" runstate="Runnable" testcasecount="2" result="Passed" start-time="2026-07-12 15:18:33Z" end-time="2026-07-12 15:18:33Z" duration="0.001895" total="2" passed="2" failed="0" inconclusive="0" skipped="0" asserts="0">
              <properties />
              <test-case id="1072" name="ClampEdgeCount_CapsAtSixtyFour" fullname="CleanEnergy.Tests.EditMode.EdgeParticleTests.ClampEdgeCount_CapsAtSixtyFour" methodname="ClampEdgeCount_CapsAtSixtyFour" classname="CleanEnergy.Tests.EditMode.EdgeParticleTests" runstate="Runnable" seed="1710360332" result="Passed" start-time="2026-07-12 15:18:33Z" end-time="2026-07-12 15:18:33Z" duration="0.000338" asserts="0">
                <properties>
                  <property name="retryIteration" value="0" />
                  <property name="repeatIteration" value="0" />
                </properties>
              </test-case>
              <test-case id="1073" name="ParticlesForUtilization_CapsAtEight" fullname="CleanEnergy.Tests.EditMode.EdgeParticleTests.ParticlesForUtilization_CapsAtEight" methodname="ParticlesForUtilization_CapsAtEight" classname="CleanEnergy.Tests.EditMode.EdgeParticleTests" runstate="Runnable" seed="1838521800" result="Passed" start-time="2026-07-12 15:18:33Z" end-time="2026-07-12 15:18:33Z" duration="0.000340" asserts="0">
                <properties>
                  <property name="retryIteration" value="0" />
                  <property name="repeatIteration" value="0" />
                </properties>
              </test-case>
            </test-suite>
            <test-suite type="TestFixture" id="1074" name="EmergencyCreditTests" fullname="CleanEnergy.Tests.EditMode.EmergencyCreditTests" classname="CleanEnergy.Tests.EditMode.EmergencyCreditTests" runstate="Runnable" testcasecount="4" result="Passed" start-time="2026-07-12 15:18:33Z" end-time="2026-07-12 15:18:33Z" duration="0.002848" total="4" passed="4" failed="0" inconclusive="0" skipped="0" asserts="0">
              <properties />
              <test-case id="1077" name="Reset_AllowsGrantAgain" fullname="CleanEnergy.Tests.EditMode.EmergencyCreditTests.Reset_AllowsGrantAgain" methodname="Reset_AllowsGrantAgain" classname="CleanEnergy.Tests.EditMode.EmergencyCreditTests" runstate="Runnable" seed="738246723" result="Passed" start-time="2026-07-12 15:18:33Z" end-time="2026-07-12 15:18:33Z" duration="0.000375" asserts="0">
                <properties>
                  <property name="retryIteration" value="0" />
                  <property name="repeatIteration" value="0" />
                </properties>
              </test-case>
              <test-case id="1078" name="SaveData_RoundTripsEmergencyCreditUsed" fullname="CleanEnergy.Tests.EditMode.EmergencyCreditTests.SaveData_RoundTripsEmergencyCreditUsed" methodname="SaveData_RoundTripsEmergencyCreditUsed" classname="CleanEnergy.Tests.EditMode.EmergencyCreditTests" runstate="Runnable" seed="213289035" result="Passed" start-time="2026-07-12 15:18:33Z" end-time="2026-07-12 15:18:33Z" duration="0.000491" asserts="0">
                <properties>
                  <property name="retryIteration" value="0" />
                  <property name="repeatIteration" value="0" />
                </properties>
              </test-case>
              <test-case id="1075" name="TryGrant_WhenBroke_AddsCreditOnce" fullname="CleanEnergy.Tests.EditMode.EmergencyCreditTests.TryGrant_WhenBroke_AddsCreditOnce" methodname="TryGrant_WhenBroke_AddsCreditOnce" classname="CleanEnergy.Tests.EditMode.EmergencyCreditTests" runstate="Runnable" seed="392811451" result="Passed" start-time="2026-07-12 15:18:33Z" end-time="2026-07-12 15:18:33Z" duration="0.000311" asserts="0">
                <properties>
                  <property name="retryIteration" value="0" />
                  <property name="repeatIteration" value="0" />
                </properties>
              </test-case>
              <test-case id="1076" name="TryGrant_WhenHasMoney_DoesNothing" fullname="CleanEnergy.Tests.EditMode.EmergencyCreditTests.TryGrant_WhenHasMoney_DoesNothing" methodname="TryGrant_WhenHasMoney_DoesNothing" classname="CleanEnergy.Tests.EditMode.EmergencyCreditTests" runstate="Runnable" seed="2023399499" result="Passed" start-time="2026-07-12 15:18:33Z" end-time="2026-07-12 15:18:33Z" duration="0.000260" asserts="0">
                <properties>
                  <property name="retryIteration" value="0" />
                  <property name="repeatIteration" value="0" />
                </properties>
              </test-case>
            </test-suite>
            <test-suite type="TestFixture" id="1079" name="EnergySystemTests" fullname="CleanEnergy.Tests.EditMode.EnergySystemTests" classname="CleanEnergy.Tests.EditMode.EnergySystemTests" runstate="Runnable" testcasecount="6" result="Passed" start-time="2026-07-12 15:18:33Z" end-time="2026-07-12 15:18:33Z" duration="0.006644" total="6" passed="6" failed="0" inconclusive="0" skipped="0" asserts="0">
              <properties />
              <test-case id="1081" name="Balance_NoShortage_WhenProductionMeetsDemand" fullname="CleanEnergy.Tests.EditMode.EnergySystemTests.Balance_NoShortage_WhenProductionMeetsDemand" methodname="Balance_NoShortage_WhenProductionMeetsDemand" classname="CleanEnergy.Tests.EditMode.EnergySystemTests" runstate="Runnable" seed="1506919132" result="Passed" start-time="2026-07-12 15:18:33Z" end-time="2026-07-12 15:18:33Z" duration="0.002839" asserts="0">
                <properties>
                  <property name="retryIteration" value="0" />
                  <property name="repeatIteration" value="0" />
                </properties>
              </test-case>
              <test-case id="1082" name="Balance_Shortage_WhenDemandExceedsProductionAndEmptyBattery" fullname="CleanEnergy.Tests.EditMode.EnergySystemTests.Balance_Shortage_WhenDemandExceedsProductionAndEmptyBattery" methodname="Balance_Shortage_WhenDemandExceedsProductionAndEmptyBattery" classname="CleanEnergy.Tests.EditMode.EnergySystemTests" runstate="Runnable" seed="399287863" result="Passed" start-time="2026-07-12 15:18:33Z" end-time="2026-07-12 15:18:33Z" duration="0.000685" asserts="0">
                <properties>
                  <property name="retryIteration" value="0" />
                  <property name="repeatIteration" value="0" />
                </properties>
              </test-case>
              <test-case id="1084" name="Graph_ConnectsThroughHub" fullname="CleanEnergy.Tests.EditMode.EnergySystemTests.Graph_ConnectsThroughHub" methodname="Graph_ConnectsThroughHub" classname="CleanEnergy.Tests.EditMode.EnergySystemTests" runstate="Runnable" seed="302566573" result="Passed" start-time="2026-07-12 15:18:33Z" end-time="2026-07-12 15:18:33Z" duration="0.000296" asserts="0">
                <properties>
                  <property name="retryIteration" value="0" />
                  <property name="repeatIteration" value="0" />
                </properties>
              </test-case>
              <test-case id="1085" name="Graph_WithoutLink_SeparateComponents" fullname="CleanEnergy.Tests.EditMode.EnergySystemTests.Graph_WithoutLink_SeparateComponents" methodname="Graph_WithoutLink_SeparateComponents" classname="CleanEnergy.Tests.EditMode.EnergySystemTests" runstate="Runnable" seed="456367110" result="Passed" start-time="2026-07-12 15:18:33Z" end-time="2026-07-12 15:18:33Z" duration="0.000248" asserts="0">
                <properties>
                  <property name="retryIteration" value="0" />
                  <property name="repeatIteration" value="0" />
                </properties>
              </test-case>
              <test-case id="1080" name="ProductionFormula_UsesPotentialAndEfficiency" fullname="CleanEnergy.Tests.EditMode.EnergySystemTests.ProductionFormula_UsesPotentialAndEfficiency" methodname="ProductionFormula_UsesPotentialAndEfficiency" classname="CleanEnergy.Tests.EditMode.EnergySystemTests" runstate="Runnable" seed="1607013677" result="Passed" start-time="2026-07-12 15:18:33Z" end-time="2026-07-12 15:18:33Z" duration="0.000491" asserts="0">
                <properties>
                  <property name="retryIteration" value="0" />
                  <property name="repeatIteration" value="0" />
                </properties>
              </test-case>
              <test-case id="1083" name="Surplus_ChargesBatteryUpToCapacity" fullname="CleanEnergy.Tests.EditMode.EnergySystemTests.Surplus_ChargesBatteryUpToCapacity" methodname="Surplus_ChargesBatteryUpToCapacity" classname="CleanEnergy.Tests.EditMode.EnergySystemTests" runstate="Runnable" seed="1839606485" result="Passed" start-time="2026-07-12 15:18:33Z" end-time="2026-07-12 15:18:33Z" duration="0.000385" asserts="0">
                <properties>
                  <property name="retryIteration" value="0" />
                  <property name="repeatIteration" value="0" />
                </properties>
              </test-case>
            </test-suite>
            <test-suite type="TestFixture" id="1095" name="EnvironmentalLayerTests" fullname="CleanEnergy.Tests.EditMode.EnvironmentalLayerTests" classname="CleanEnergy.Tests.EditMode.EnvironmentalLayerTests" runstate="Runnable" testcasecount="2" result="Passed" start-time="2026-07-12 15:18:33Z" end-time="2026-07-12 15:18:33Z" duration="0.001989" total="2" passed="2" failed="0" inconclusive="0" skipped="0" asserts="0">
              <properties />
              <test-case id="1097" name="Hotkey_F10_MapsEnvironmental" fullname="CleanEnergy.Tests.EditMode.EnvironmentalLayerTests.Hotkey_F10_MapsEnvironmental" methodname="Hotkey_F10_MapsEnvironmental" classname="CleanEnergy.Tests.EditMode.EnvironmentalLayerTests" runstate="Runnable" seed="1586685351" result="Passed" start-time="2026-07-12 15:18:33Z" end-time="2026-07-12 15:18:33Z" duration="0.000284" asserts="0">
                <properties>
                  <property name="retryIteration" value="0" />
                  <property name="repeatIteration" value="0" />
                </properties>
              </test-case>
              <test-case id="1096" name="Score_ScalesWithNearbyProducers" fullname="CleanEnergy.Tests.EditMode.EnvironmentalLayerTests.Score_ScalesWithNearbyProducers" methodname="Score_ScalesWithNearbyProducers" classname="CleanEnergy.Tests.EditMode.EnvironmentalLayerTests" runstate="Runnable" seed="1023694133" result="Passed" start-time="2026-07-12 15:18:33Z" end-time="2026-07-12 15:18:33Z" duration="0.000804" asserts="0">
                <properties>
                  <property name="retryIteration" value="0" />
                  <property name="repeatIteration" value="0" />
                </properties>
              </test-case>
            </test-suite>
            <test-suite type="TestFixture" id="1086" name="EnvMeterTests" fullname="CleanEnergy.Tests.EditMode.EnvMeterTests" classname="CleanEnergy.Tests.EditMode.EnvMeterTests" runstate="Runnable" testcasecount="3" result="Passed" start-time="2026-07-12 15:18:33Z" end-time="2026-07-12 15:18:33Z" duration="0.002685" total="3" passed="3" failed="0" inconclusive="0" skipped="0" asserts="0">
              <properties />
              <test-case id="1089" name="EmptyOccupied_ReturnsEmptyMeter" fullname="CleanEnergy.Tests.EditMode.EnvMeterTests.EmptyOccupied_ReturnsEmptyMeter" methodname="EmptyOccupied_ReturnsEmptyMeter" classname="CleanEnergy.Tests.EditMode.EnvMeterTests" runstate="Runnable" seed="2131984973" result="Passed" start-time="2026-07-12 15:18:33Z" end-time="2026-07-12 15:18:33Z" duration="0.000822" asserts="0">
                <properties>
                  <property name="retryIteration" value="0" />
                  <property name="repeatIteration" value="0" />
                </properties>
              </test-case>
              <test-case id="1088" name="HighDensitySites_PreferCountLabel" fullname="CleanEnergy.Tests.EditMode.EnvMeterTests.HighDensitySites_PreferCountLabel" methodname="HighDensitySites_PreferCountLabel" classname="CleanEnergy.Tests.EditMode.EnvMeterTests" runstate="Runnable" seed="1085405054" result="Passed" start-time="2026-07-12 15:18:33Z" end-time="2026-07-12 15:18:33Z" duration="0.000578" asserts="0">
                <properties>
                  <property name="retryIteration" value="0" />
                  <property name="repeatIteration" value="0" />
                </properties>
              </test-case>
              <test-case id="1087" name="MeanDensity_AveragesProducerScores" fullname="CleanEnergy.Tests.EditMode.EnvMeterTests.MeanDensity_AveragesProducerScores" methodname="MeanDensity_AveragesProducerScores" classname="CleanEnergy.Tests.EditMode.EnvMeterTests" runstate="Runnable" seed="1128112491" result="Passed" start-time="2026-07-12 15:18:33Z" end-time="2026-07-12 15:18:33Z" duration="0.000384" asserts="0">
                <properties>
                  <property name="retryIteration" value="0" />
                  <property name="repeatIteration" value="0" />
                </properties>
              </test-case>
            </test-suite>
            <test-suite type="TestFixture" id="1090" name="EnvScoreTests" fullname="CleanEnergy.Tests.EditMode.EnvScoreTests" classname="CleanEnergy.Tests.EditMode.EnvScoreTests" runstate="Runnable" testcasecount="4" result="Passed" start-time="2026-07-12 15:18:33Z" end-time="2026-07-12 15:18:33Z" duration="0.002998" total="4" passed="4" failed="0" inconclusive="0" skipped="0" asserts="0">
              <properties />
              <test-case id="1092" name="HighDensity_AppliesUpkeepMultiplier" fullname="CleanEnergy.Tests.EditMode.EnvScoreTests.HighDensity_AppliesUpkeepMultiplier" methodname="HighDensity_AppliesUpkeepMultiplier" classname="CleanEnergy.Tests.EditMode.EnvScoreTests" runstate="Runnable" seed="1015391596" result="Passed" start-time="2026-07-12 15:18:33Z" end-time="2026-07-12 15:18:33Z" duration="0.000196" asserts="0">
                <properties>
                  <property name="retryIteration" value="0" />
                  <property name="repeatIteration" value="0" />
                </properties>
              </test-case>
              <test-case id="1091" name="Score_IsZeroToOne_FromProducerDensity" fullname="CleanEnergy.Tests.EditMode.EnvScoreTests.Score_IsZeroToOne_FromProducerDensity" methodname="Score_IsZeroToOne_FromProducerDensity" classname="CleanEnergy.Tests.EditMode.EnvScoreTests" runstate="Runnable" seed="1358415538" result="Passed" start-time="2026-07-12 15:18:33Z" end-time="2026-07-12 15:18:33Z" duration="0.000603" asserts="0">
                <properties>
                  <property name="retryIteration" value="0" />
                  <property name="repeatIteration" value="0" />
                </properties>
              </test-case>
              <test-case id="1094" name="UpkeepService_NoPenalty_BelowThreshold" fullname="CleanEnergy.Tests.EditMode.EnvScoreTests.UpkeepService_NoPenalty_BelowThreshold" methodname="UpkeepService_NoPenalty_BelowThreshold" classname="CleanEnergy.Tests.EditMode.EnvScoreTests" runstate="Runnable" seed="1251675225" result="Passed" start-time="2026-07-12 15:18:33Z" end-time="2026-07-12 15:18:33Z" duration="0.000695" asserts="0">
                <properties>
                  <property name="retryIteration" value="0" />
                  <property name="repeatIteration" value="0" />
                </properties>
              </test-case>
              <test-case id="1093" name="UpkeepService_RaisesProducerCost_WhenDensityHigh" fullname="CleanEnergy.Tests.EditMode.EnvScoreTests.UpkeepService_RaisesProducerCost_WhenDensityHigh" methodname="UpkeepService_RaisesProducerCost_WhenDensityHigh" classname="CleanEnergy.Tests.EditMode.EnvScoreTests" runstate="Runnable" seed="1679446415" result="Passed" start-time="2026-07-12 15:18:33Z" end-time="2026-07-12 15:18:33Z" duration="0.000379" asserts="0">
                <properties>
                  <property name="retryIteration" value="0" />
                  <property name="repeatIteration" value="0" />
                </properties>
              </test-case>
            </test-suite>
            <test-suite type="TestFixture" id="1098" name="FailToastTests" fullname="CleanEnergy.Tests.EditMode.FailToastTests" classname="CleanEnergy.Tests.EditMode.FailToastTests" runstate="Runnable" testcasecount="3" result="Passed" start-time="2026-07-12 15:18:33Z" end-time="2026-07-12 15:18:33Z" duration="0.002170" total="3" passed="3" failed="0" inconclusive="0" skipped="0" asserts="0">
              <properties />
              <test-case id="1099" name="FormatFailToast_ParityWithWinStyle" fullname="CleanEnergy.Tests.EditMode.FailToastTests.FormatFailToast_ParityWithWinStyle" methodname="FormatFailToast_ParityWithWinStyle" classname="CleanEnergy.Tests.EditMode.FailToastTests" runstate="Runnable" seed="1004742328" result="Passed" start-time="2026-07-12 15:18:33Z" end-time="2026-07-12 15:18:33Z" duration="0.000251" asserts="0">
                <properties>
                  <property name="retryIteration" value="0" />
                  <property name="repeatIteration" value="0" />
                </properties>
              </test-case>
              <test-case id="1100" name="ScenarioFailedEvent_CarriesDefaultReason" fullname="CleanEnergy.Tests.EditMode.FailToastTests.ScenarioFailedEvent_CarriesDefaultReason" methodname="ScenarioFailedEvent_CarriesDefaultReason" classname="CleanEnergy.Tests.EditMode.FailToastTests" runstate="Runnable" seed="1776176332" result="Passed" start-time="2026-07-12 15:18:33Z" end-time="2026-07-12 15:18:33Z" duration="0.000242" asserts="0">
                <properties>
                  <property name="retryIteration" value="0" />
                  <property name="repeatIteration" value="0" />
                </properties>
              </test-case>
              <test-case id="1101" name="ScenarioHud_ReturnToMenu_ExistsLikeWin" fullname="CleanEnergy.Tests.EditMode.FailToastTests.ScenarioHud_ReturnToMenu_ExistsLikeWin" methodname="ScenarioHud_ReturnToMenu_ExistsLikeWin" classname="CleanEnergy.Tests.EditMode.FailToastTests" runstate="Runnable" seed="536670202" result="Passed" start-time="2026-07-12 15:18:33Z" end-time="2026-07-12 15:18:33Z" duration="0.000656" asserts="0">
                <properties>
                  <property name="retryIteration" value="0" />
                  <property name="repeatIteration" value="0" />
                </properties>
              </test-case>
            </test-suite>
            <test-suite type="TestFixture" id="1102" name="FifthScenarioTests" fullname="CleanEnergy.Tests.EditMode.FifthScenarioTests" classname="CleanEnergy.Tests.EditMode.FifthScenarioTests" runstate="Runnable" testcasecount="3" result="Passed" start-time="2026-07-12 15:18:33Z" end-time="2026-07-12 15:18:33Z" duration="0.002847" total="3" passed="3" failed="0" inconclusive="0" skipped="0" asserts="0">
              <properties />
              <test-case id="1104" name="ApplyToMapSettings_WritesAridOverrides" fullname="CleanEnergy.Tests.EditMode.FifthScenarioTests.ApplyToMapSettings_WritesAridOverrides" methodname="ApplyToMapSettings_WritesAridOverrides" classname="CleanEnergy.Tests.EditMode.FifthScenarioTests" runstate="Runnable" seed="1465733539" result="Passed" start-time="2026-07-12 15:18:33Z" end-time="2026-07-12 15:18:33Z" duration="0.000762" asserts="0">
                <properties>
                  <property name="retryIteration" value="0" />
                  <property name="repeatIteration" value="0" />
                </properties>
              </test-case>
              <test-case id="1103" name="AridPlateau_HasHighSolarLowWindLowHydro" fullname="CleanEnergy.Tests.EditMode.FifthScenarioTests.AridPlateau_HasHighSolarLowWindLowHydro" methodname="AridPlateau_HasHighSolarLowWindLowHydro" classname="CleanEnergy.Tests.EditMode.FifthScenarioTests" runstate="Runnable" seed="7442553" result="Passed" start-time="2026-07-12 15:18:33Z" end-time="2026-07-12 15:18:33Z" duration="0.000304" asserts="0">
                <properties>
                  <property name="retryIteration" value="0" />
                  <property name="repeatIteration" value="0" />
                </properties>
              </test-case>
              <test-case id="1105" name="CanonicalCatalog_HasFiveIncludingAridPlateau" fullname="CleanEnergy.Tests.EditMode.FifthScenarioTests.CanonicalCatalog_HasFiveIncludingAridPlateau" methodname="CanonicalCatalog_HasFiveIncludingAridPlateau" classname="CleanEnergy.Tests.EditMode.FifthScenarioTests" runstate="Runnable" seed="34747992" result="Passed" start-time="2026-07-12 15:18:33Z" end-time="2026-07-12 15:18:33Z" duration="0.000775" asserts="0">
                <properties>
                  <property name="retryIteration" value="0" />
                  <property name="repeatIteration" value="0" />
                </properties>
              </test-case>
            </test-suite>
            <test-suite type="TestFixture" id="1106" name="FourScenarioMenuTests" fullname="CleanEnergy.Tests.EditMode.FourScenarioMenuTests" classname="CleanEnergy.Tests.EditMode.FourScenarioMenuTests" runstate="Runnable" testcasecount="2" result="Passed" start-time="2026-07-12 15:18:33Z" end-time="2026-07-12 15:18:33Z" duration="0.001343" total="2" passed="2" failed="0" inconclusive="0" skipped="0" asserts="0">
              <properties />
              <test-case id="1107" name="CanonicalScenarioIds_HasFiveInLockedOrder" fullname="CleanEnergy.Tests.EditMode.FourScenarioMenuTests.CanonicalScenarioIds_HasFiveInLockedOrder" methodname="CanonicalScenarioIds_HasFiveInLockedOrder" classname="CleanEnergy.Tests.EditMode.FourScenarioMenuTests" runstate="Runnable" seed="21421293" result="Passed" start-time="2026-07-12 15:18:33Z" end-time="2026-07-12 15:18:33Z" duration="0.000299" asserts="0">
                <properties>
                  <property name="retryIteration" value="0" />
                  <property name="repeatIteration" value="0" />
                </properties>
              </test-case>
              <test-case id="1108" name="CanonicalScenarioLabels_MatchIdsLength" fullname="CleanEnergy.Tests.EditMode.FourScenarioMenuTests.CanonicalScenarioLabels_MatchIdsLength" methodname="CanonicalScenarioLabels_MatchIdsLength" classname="CleanEnergy.Tests.EditMode.FourScenarioMenuTests" runstate="Runnable" seed="1574888460" result="Passed" start-time="2026-07-12 15:18:33Z" end-time="2026-07-12 15:18:33Z" duration="0.000151" asserts="0">
                <properties>
                  <property name="retryIteration" value="0" />
                  <property name="repeatIteration" value="0" />
                </properties>
              </test-case>
            </test-suite>
            <test-suite type="TestFixture" id="1109" name="FourthScenarioTests" fullname="CleanEnergy.Tests.EditMode.FourthScenarioTests" classname="CleanEnergy.Tests.EditMode.FourthScenarioTests" runstate="Runnable" testcasecount="2" result="Passed" start-time="2026-07-12 15:18:33Z" end-time="2026-07-12 15:18:33Z" duration="0.001318" total="2" passed="2" failed="0" inconclusive="0" skipped="0" asserts="0">
              <properties />
              <test-case id="1111" name="ApplyToMapSettings_WritesHydroFriendlyThresholds" fullname="CleanEnergy.Tests.EditMode.FourthScenarioTests.ApplyToMapSettings_WritesHydroFriendlyThresholds" methodname="ApplyToMapSettings_WritesHydroFriendlyThresholds" classname="CleanEnergy.Tests.EditMode.FourthScenarioTests" runstate="Runnable" seed="993732174" result="Passed" start-time="2026-07-12 15:18:33Z" end-time="2026-07-12 15:18:33Z" duration="0.000463" asserts="0">
                <properties>
                  <property name="retryIteration" value="0" />
                  <property name="repeatIteration" value="0" />
                </properties>
              </test-case>
              <test-case id="1110" name="PineBasin_HasHighHydroMidSolarLowWind" fullname="CleanEnergy.Tests.EditMode.FourthScenarioTests.PineBasin_HasHighHydroMidSolarLowWind" methodname="PineBasin_HasHighHydroMidSolarLowWind" classname="CleanEnergy.Tests.EditMode.FourthScenarioTests" runstate="Runnable" seed="212834230" result="Passed" start-time="2026-07-12 15:18:33Z" end-time="2026-07-12 15:18:33Z" duration="0.000301" asserts="0">
                <properties>
                  <property name="retryIteration" value="0" />
                  <property name="repeatIteration" value="0" />
                </properties>
              </test-case>
            </test-suite>
            <test-suite type="TestFixture" id="1112" name="GlobalRepairTests" fullname="CleanEnergy.Tests.EditMode.GlobalRepairTests" classname="CleanEnergy.Tests.EditMode.GlobalRepairTests" runstate="Runnable" testcasecount="2" result="Passed" start-time="2026-07-12 15:18:33Z" end-time="2026-07-12 15:18:33Z" duration="0.003279" total="2" passed="2" failed="0" inconclusive="0" skipped="0" asserts="0">
              <properties />
              <test-case id="1113" name="GlobalRepair_AtomicallyRepairsAllProducers" fullname="CleanEnergy.Tests.EditMode.GlobalRepairTests.GlobalRepair_AtomicallyRepairsAllProducers" methodname="GlobalRepair_AtomicallyRepairsAllProducers" classname="CleanEnergy.Tests.EditMode.GlobalRepairTests" runstate="Runnable" seed="1096702058" result="Passed" start-time="2026-07-12 15:18:33Z" end-time="2026-07-12 15:18:33Z" duration="0.001845" asserts="0">
                <properties>
                  <property name="retryIteration" value="0" />
                  <property name="repeatIteration" value="0" />
                </properties>
              </test-case>
              <test-case id="1114" name="GlobalRepair_FailsWithoutSpending_WhenBroke" fullname="CleanEnergy.Tests.EditMode.GlobalRepairTests.GlobalRepair_FailsWithoutSpending_WhenBroke" methodname="GlobalRepair_FailsWithoutSpending_WhenBroke" classname="CleanEnergy.Tests.EditMode.GlobalRepairTests" runstate="Runnable" seed="306914612" result="Passed" start-time="2026-07-12 15:18:33Z" end-time="2026-07-12 15:18:33Z" duration="0.000549" asserts="0">
                <properties>
                  <property name="retryIteration" value="0" />
                  <property name="repeatIteration" value="0" />
                </properties>
              </test-case>
            </test-suite>
            <test-suite type="TestFixture" id="1402" name="GridServiceTests" fullname="CleanEnergy.Tests.EditMode.GridServiceTests" classname="CleanEnergy.Tests.EditMode.GridServiceTests" runstate="Runnable" testcasecount="2" result="Passed" start-time="2026-07-12 15:18:33Z" end-time="2026-07-12 15:18:33Z" duration="0.002231" total="2" passed="2" failed="0" inconclusive="0" skipped="0" asserts="0">
              <properties />
              <test-case id="1404" name="OutOfBounds_TryGetReturnsFalse" fullname="CleanEnergy.Tests.EditMode.GridServiceTests.OutOfBounds_TryGetReturnsFalse" methodname="OutOfBounds_TryGetReturnsFalse" classname="CleanEnergy.Tests.EditMode.GridServiceTests" runstate="Runnable" seed="176819207" result="Passed" start-time="2026-07-12 15:18:33Z" end-time="2026-07-12 15:18:33Z" duration="0.000284" asserts="0">
                <properties>
                  <property name="retryIteration" value="0" />
                  <property name="repeatIteration" value="0" />
                </properties>
              </test-case>
              <test-case id="1403" name="WorldAndGrid_RoundTripIsConsistent" fullname="CleanEnergy.Tests.EditMode.GridServiceTests.WorldAndGrid_RoundTripIsConsistent" methodname="WorldAndGrid_RoundTripIsConsistent" classname="CleanEnergy.Tests.EditMode.GridServiceTests" runstate="Runnable" seed="11669110" result="Passed" start-time="2026-07-12 15:18:33Z" end-time="2026-07-12 15:18:33Z" duration="0.001015" asserts="0">
                <properties>
                  <property name="retryIteration" value="0" />
                  <property name="repeatIteration" value="0" />
                </properties>
              </test-case>
            </test-suite>
            <test-suite type="TestFixture" id="1398" name="HeightMapGeneratorTests" fullname="CleanEnergy.Tests.EditMode.HeightMapGeneratorTests" classname="CleanEnergy.Tests.EditMode.HeightMapGeneratorTests" runstate="Runnable" testcasecount="3" result="Passed" start-time="2026-07-12 15:18:33Z" end-time="2026-07-12 15:18:33Z" duration="0.032351" total="3" passed="3" failed="0" inconclusive="0" skipped="0" asserts="0">
              <properties />
              <test-case id="1400" name="DifferentSeed_ProducesDifferentHeightMap" fullname="CleanEnergy.Tests.EditMode.HeightMapGeneratorTests.DifferentSeed_ProducesDifferentHeightMap" methodname="DifferentSeed_ProducesDifferentHeightMap" classname="CleanEnergy.Tests.EditMode.HeightMapGeneratorTests" runstate="Runnable" seed="667558323" result="Passed" start-time="2026-07-12 15:18:33Z" end-time="2026-07-12 15:18:33Z" duration="0.005354" asserts="0">
                <properties>
                  <property name="retryIteration" value="0" />
                  <property name="repeatIteration" value="0" />
                </properties>
              </test-case>
              <test-case id="1401" name="HeightValues_AreNormalizedToZeroOne" fullname="CleanEnergy.Tests.EditMode.HeightMapGeneratorTests.HeightValues_AreNormalizedToZeroOne" methodname="HeightValues_AreNormalizedToZeroOne" classname="CleanEnergy.Tests.EditMode.HeightMapGeneratorTests" runstate="Runnable" seed="1001623572" result="Passed" start-time="2026-07-12 15:18:33Z" end-time="2026-07-12 15:18:33Z" duration="0.016189" asserts="0">
                <properties>
                  <property name="retryIteration" value="0" />
                  <property name="repeatIteration" value="0" />
                </properties>
              </test-case>
              <test-case id="1399" name="SameSeed_ProducesIdenticalHeightMap" fullname="CleanEnergy.Tests.EditMode.HeightMapGeneratorTests.SameSeed_ProducesIdenticalHeightMap" methodname="SameSeed_ProducesIdenticalHeightMap" classname="CleanEnergy.Tests.EditMode.HeightMapGeneratorTests" runstate="Runnable" seed="1016885171" result="Passed" start-time="2026-07-12 15:18:33Z" end-time="2026-07-12 15:18:33Z" duration="0.009865" asserts="0">
                <properties>
                  <property name="retryIteration" value="0" />
                  <property name="repeatIteration" value="0" />
                </properties>
              </test-case>
            </test-suite>
            <test-suite type="TestFixture" id="1115" name="HudSurplusTests" fullname="CleanEnergy.Tests.EditMode.HudSurplusTests" classname="CleanEnergy.Tests.EditMode.HudSurplusTests" runstate="Runnable" testcasecount="2" result="Passed" start-time="2026-07-12 15:18:33Z" end-time="2026-07-12 15:18:33Z" duration="0.001390" total="2" passed="2" failed="0" inconclusive="0" skipped="0" asserts="0">
              <properties />
              <test-case id="1117" name="ReadSatisfaction_UsesScenarioState" fullname="CleanEnergy.Tests.EditMode.HudSurplusTests.ReadSatisfaction_UsesScenarioState" methodname="ReadSatisfaction_UsesScenarioState" classname="CleanEnergy.Tests.EditMode.HudSurplusTests" runstate="Runnable" seed="1174511916" result="Passed" start-time="2026-07-12 15:18:33Z" end-time="2026-07-12 15:18:33Z" duration="0.000343" asserts="0">
                <properties>
                  <property name="retryIteration" value="0" />
                  <property name="repeatIteration" value="0" />
                </properties>
              </test-case>
              <test-case id="1116" name="ReadSurplusSold_UsesBalanceResult" fullname="CleanEnergy.Tests.EditMode.HudSurplusTests.ReadSurplusSold_UsesBalanceResult" methodname="ReadSurplusSold_UsesBalanceResult" classname="CleanEnergy.Tests.EditMode.HudSurplusTests" runstate="Runnable" seed="235377168" result="Passed" start-time="2026-07-12 15:18:33Z" end-time="2026-07-12 15:18:33Z" duration="0.000168" asserts="0">
                <properties>
                  <property name="retryIteration" value="0" />
                  <property name="repeatIteration" value="0" />
                </properties>
              </test-case>
            </test-suite>
            <test-suite type="TestFixture" id="1118" name="InspectionPanelTests" fullname="CleanEnergy.Tests.EditMode.InspectionPanelTests" classname="CleanEnergy.Tests.EditMode.InspectionPanelTests" runstate="Runnable" testcasecount="5" result="Passed" start-time="2026-07-12 15:18:33Z" end-time="2026-07-12 15:18:33Z" duration="0.004453" total="5" passed="5" failed="0" inconclusive="0" skipped="0" asserts="0">
              <properties />
              <test-case id="1122" name="BuildingMissingFromGraph_NotInNetwork" fullname="CleanEnergy.Tests.EditMode.InspectionPanelTests.BuildingMissingFromGraph_NotInNetwork" methodname="BuildingMissingFromGraph_NotInNetwork" classname="CleanEnergy.Tests.EditMode.InspectionPanelTests" runstate="Runnable" seed="599543073" result="Passed" start-time="2026-07-12 15:18:33Z" end-time="2026-07-12 15:18:33Z" duration="0.000624" asserts="0">
                <properties>
                  <property name="retryIteration" value="0" />
                  <property name="repeatIteration" value="0" />
                </properties>
              </test-case>
              <test-case id="1123" name="EfficiencyHint_ForProducer" fullname="CleanEnergy.Tests.EditMode.InspectionPanelTests.EfficiencyHint_ForProducer" methodname="EfficiencyHint_ForProducer" classname="CleanEnergy.Tests.EditMode.InspectionPanelTests" runstate="Runnable" seed="2145788021" result="Passed" start-time="2026-07-12 15:18:33Z" end-time="2026-07-12 15:18:33Z" duration="0.001238" asserts="0">
                <properties>
                  <property name="retryIteration" value="0" />
                  <property name="repeatIteration" value="0" />
                </properties>
              </test-case>
              <test-case id="1119" name="EmptyBuilding_NoBuildingStatus" fullname="CleanEnergy.Tests.EditMode.InspectionPanelTests.EmptyBuilding_NoBuildingStatus" methodname="EmptyBuilding_NoBuildingStatus" classname="CleanEnergy.Tests.EditMode.InspectionPanelTests" runstate="Runnable" seed="562378818" result="Passed" start-time="2026-07-12 15:18:33Z" end-time="2026-07-12 15:18:33Z" duration="0.000345" asserts="0">
                <properties>
                  <property name="retryIteration" value="0" />
                  <property name="repeatIteration" value="0" />
                </properties>
              </test-case>
              <test-case id="1120" name="ProducerAlone_Isolated" fullname="CleanEnergy.Tests.EditMode.InspectionPanelTests.ProducerAlone_Isolated" methodname="ProducerAlone_Isolated" classname="CleanEnergy.Tests.EditMode.InspectionPanelTests" runstate="Runnable" seed="1705221805" result="Passed" start-time="2026-07-12 15:18:33Z" end-time="2026-07-12 15:18:33Z" duration="0.000430" asserts="0">
                <properties>
                  <property name="retryIteration" value="0" />
                  <property name="repeatIteration" value="0" />
                </properties>
              </test-case>
[...]
              <properties />
              <test-case id="1452" name="MaintenanceMultiplier_FullIsOne_BrokenIsTwo" fullname="CleanEnergy.Tests.EditMode.UpkeepMaintenanceTests.MaintenanceMultiplier_FullIsOne_BrokenIsTwo" methodname="MaintenanceMultiplier_FullIsOne_BrokenIsTwo" classname="CleanEnergy.Tests.EditMode.UpkeepMaintenanceTests" runstate="Runnable" seed="1900836540" result="Passed" start-time="2026-07-12 15:18:34Z" end-time="2026-07-12 15:18:34Z" duration="0.000175" asserts="0">
                <properties>
                  <property name="retryIteration" value="0" />
                  <property name="repeatIteration" value="0" />
                </properties>
              </test-case>
            </test-suite>
            <test-suite type="TestFixture" id="1453" name="VillagePopulationTests" fullname="CleanEnergy.Tests.EditMode.VillagePopulationTests" classname="CleanEnergy.Tests.EditMode.VillagePopulationTests" runstate="Runnable" testcasecount="4" result="Passed" start-time="2026-07-12 15:18:34Z" end-time="2026-07-12 15:18:34Z" duration="0.001723" total="4" passed="4" failed="0" inconclusive="0" skipped="0" asserts="0">
              <properties />
              <test-case id="1454" name="DemandScale_TracksPopulationRatio" fullname="CleanEnergy.Tests.EditMode.VillagePopulationTests.DemandScale_TracksPopulationRatio" methodname="DemandScale_TracksPopulationRatio" classname="CleanEnergy.Tests.EditMode.VillagePopulationTests" runstate="Runnable" seed="1295457288" result="Passed" start-time="2026-07-12 15:18:34Z" end-time="2026-07-12 15:18:34Z" duration="0.000336" asserts="0">
                <properties>
                  <property name="retryIteration" value="0" />
                  <property name="repeatIteration" value="0" />
                </properties>
              </test-case>
              <test-case id="1455" name="Tick_GrowsWhenCoverageHigh" fullname="CleanEnergy.Tests.EditMode.VillagePopulationTests.Tick_GrowsWhenCoverageHigh" methodname="Tick_GrowsWhenCoverageHigh" classname="CleanEnergy.Tests.EditMode.VillagePopulationTests" runstate="Runnable" seed="1247368082" result="Passed" start-time="2026-07-12 15:18:34Z" end-time="2026-07-12 15:18:34Z" duration="0.000190" asserts="0">
                <properties>
                  <property name="retryIteration" value="0" />
                  <property name="repeatIteration" value="0" />
                </properties>
              </test-case>
              <test-case id="1457" name="Tick_RespectsCapAndFloor" fullname="CleanEnergy.Tests.EditMode.VillagePopulationTests.Tick_RespectsCapAndFloor" methodname="Tick_RespectsCapAndFloor" classname="CleanEnergy.Tests.EditMode.VillagePopulationTests" runstate="Runnable" seed="1160112553" result="Passed" start-time="2026-07-12 15:18:34Z" end-time="2026-07-12 15:18:34Z" duration="0.000179" asserts="0">
                <properties>
                  <property name="retryIteration" value="0" />
                  <property name="repeatIteration" value="0" />
                </properties>
              </test-case>
              <test-case id="1456" name="Tick_ShrinksWhenCoverageLow" fullname="CleanEnergy.Tests.EditMode.VillagePopulationTests.Tick_ShrinksWhenCoverageLow" methodname="Tick_ShrinksWhenCoverageLow" classname="CleanEnergy.Tests.EditMode.VillagePopulationTests" runstate="Runnable" seed="1291769991" result="Passed" start-time="2026-07-12 15:18:34Z" end-time="2026-07-12 15:18:34Z" duration="0.000150" asserts="0">
                <properties>
                  <property name="retryIteration" value="0" />
                  <property name="repeatIteration" value="0" />
                </properties>
              </test-case>
            </test-suite>
            <test-suite type="TestFixture" id="1408" name="WaterFlowCalculatorTests" fullname="CleanEnergy.Tests.EditMode.WaterFlowCalculatorTests" classname="CleanEnergy.Tests.EditMode.WaterFlowCalculatorTests" runstate="Runnable" testcasecount="2" result="Passed" start-time="2026-07-12 15:18:34Z" end-time="2026-07-12 15:18:34Z" duration="0.132641" total="2" passed="2" failed="0" inconclusive="0" skipped="0" asserts="0">
              <properties />
              <test-case id="1410" name="SameHeightMap_ProducesDeterministicWater" fullname="CleanEnergy.Tests.EditMode.WaterFlowCalculatorTests.SameHeightMap_ProducesDeterministicWater" methodname="SameHeightMap_ProducesDeterministicWater" classname="CleanEnergy.Tests.EditMode.WaterFlowCalculatorTests" runstate="Runnable" seed="1709769005" result="Passed" start-time="2026-07-12 15:18:34Z" end-time="2026-07-12 15:18:34Z" duration="0.131143" asserts="0">
                <properties>
                  <property name="retryIteration" value="0" />
                  <property name="repeatIteration" value="0" />
                </properties>
              </test-case>
              <test-case id="1409" name="SlopedMap_RoutesFlowDownhillAndAccumulates" fullname="CleanEnergy.Tests.EditMode.WaterFlowCalculatorTests.SlopedMap_RoutesFlowDownhillAndAccumulates" methodname="SlopedMap_RoutesFlowDownhillAndAccumulates" classname="CleanEnergy.Tests.EditMode.WaterFlowCalculatorTests" runstate="Runnable" seed="297637638" result="Passed" start-time="2026-07-12 15:18:34Z" end-time="2026-07-12 15:18:34Z" duration="0.000680" asserts="0">
                <properties>
                  <property name="retryIteration" value="0" />
                  <property name="repeatIteration" value="0" />
                </properties>
              </test-case>
            </test-suite>
            <test-suite type="TestFixture" id="1458" name="WeatherDimTests" fullname="CleanEnergy.Tests.EditMode.WeatherDimTests" classname="CleanEnergy.Tests.EditMode.WeatherDimTests" runstate="Runnable" testcasecount="4" result="Passed" start-time="2026-07-12 15:18:34Z" end-time="2026-07-12 15:18:34Z" duration="0.004602" total="4" passed="4" failed="0" inconclusive="0" skipped="0" asserts="0">
              <properties />
              <test-case id="1461" name="ApplyPhase_Cloudy_UpdatesRenderSettingsAmbient" fullname="CleanEnergy.Tests.EditMode.WeatherDimTests.ApplyPhase_Cloudy_UpdatesRenderSettingsAmbient" methodname="ApplyPhase_Cloudy_UpdatesRenderSettingsAmbient" classname="CleanEnergy.Tests.EditMode.WeatherDimTests" runstate="Runnable" seed="1150621691" result="Passed" start-time="2026-07-12 15:18:34Z" end-time="2026-07-12 15:18:34Z" duration="0.000913" asserts="0">
                <properties>
                  <property name="retryIteration" value="0" />
                  <property name="repeatIteration" value="0" />
                </properties>
              </test-case>
              <test-case id="1459" name="Cloudy_DimsAmbientByPointSeven" fullname="CleanEnergy.Tests.EditMode.WeatherDimTests.Cloudy_DimsAmbientByPointSeven" methodname="Cloudy_DimsAmbientByPointSeven" classname="CleanEnergy.Tests.EditMode.WeatherDimTests" runstate="Runnable" seed="1497487990" result="Passed" start-time="2026-07-12 15:18:34Z" end-time="2026-07-12 15:18:34Z" duration="0.000320" asserts="0">
                <properties>
                  <property name="retryIteration" value="0" />
                  <property name="repeatIteration" value="0" />
                </properties>
              </test-case>
              <test-case id="1462" name="Evaluate_FreezesWhilePaused_EvenIfWeatherChanges" fullname="CleanEnergy.Tests.EditMode.WeatherDimTests.Evaluate_FreezesWhilePaused_EvenIfWeatherChanges" methodname="Evaluate_FreezesWhilePaused_EvenIfWeatherChanges" classname="CleanEnergy.Tests.EditMode.WeatherDimTests" runstate="Runnable" seed="583221925" result="Passed" start-time="2026-07-12 15:18:34Z" end-time="2026-07-12 15:18:34Z" duration="0.000902" asserts="0">
                <properties>
                  <property name="retryIteration" value="0" />
                  <property name="repeatIteration" value="0" />
                </properties>
              </test-case>
              <test-case id="1460" name="WindGust_DoesNotChangeAmbient" fullname="CleanEnergy.Tests.EditMode.WeatherDimTests.WindGust_DoesNotChangeAmbient" methodname="WindGust_DoesNotChangeAmbient" classname="CleanEnergy.Tests.EditMode.WeatherDimTests" runstate="Runnable" seed="1961467270" result="Passed" start-time="2026-07-12 15:18:34Z" end-time="2026-07-12 15:18:34Z" duration="0.000245" asserts="0">
                <properties>
                  <property name="retryIteration" value="0" />
                  <property name="repeatIteration" value="0" />
                </properties>
              </test-case>
            </test-suite>
            <test-suite type="TestFixture" id="1463" name="WeatherEventTests" fullname="CleanEnergy.Tests.EditMode.WeatherEventTests" classname="CleanEnergy.Tests.EditMode.WeatherEventTests" runstate="Runnable" testcasecount="5" result="Passed" start-time="2026-07-12 15:18:34Z" end-time="2026-07-12 15:18:34Z" duration="0.007168" total="5" passed="5" failed="0" inconclusive="0" skipped="0" asserts="0">
              <properties />
              <test-case id="1468" name="Advance_ExpiresActiveEvent" fullname="CleanEnergy.Tests.EditMode.WeatherEventTests.Advance_ExpiresActiveEvent" methodname="Advance_ExpiresActiveEvent" classname="CleanEnergy.Tests.EditMode.WeatherEventTests" runstate="Runnable" seed="642951615" result="Passed" start-time="2026-07-12 15:18:34Z" end-time="2026-07-12 15:18:34Z" duration="0.000606" asserts="0">
                <properties>
                  <property name="retryIteration" value="0" />
                  <property name="repeatIteration" value="0" />
                </properties>
              </test-case>
              <test-case id="1465" name="Cloudy_HalvesSolarMultiplier" fullname="CleanEnergy.Tests.EditMode.WeatherEventTests.Cloudy_HalvesSolarMultiplier" methodname="Cloudy_HalvesSolarMultiplier" classname="CleanEnergy.Tests.EditMode.WeatherEventTests" runstate="Runnable" seed="871999369" result="Passed" start-time="2026-07-12 15:18:34Z" end-time="2026-07-12 15:18:34Z" duration="0.000317" asserts="0">
                <properties>
                  <property name="retryIteration" value="0" />
                  <property name="repeatIteration" value="0" />
                </properties>
              </test-case>
              <test-case id="1467" name="Context_AppliesWeatherToDaylightAndWind" fullname="CleanEnergy.Tests.EditMode.WeatherEventTests.Context_AppliesWeatherToDaylightAndWind" methodname="Context_AppliesWeatherToDaylightAndWind" classname="CleanEnergy.Tests.EditMode.WeatherEventTests" runstate="Runnable" seed="247862581" result="Passed" start-time="2026-07-12 15:18:34Z" end-time="2026-07-12 15:18:34Z" duration="0.000208" asserts="0">
                <properties>
                  <property name="retryIteration" value="0" />
                  <property name="repeatIteration" value="0" />
                </properties>
              </test-case>
              <test-case id="1464" name="DeterministicRoll_IsXor" fullname="CleanEnergy.Tests.EditMode.WeatherEventTests.DeterministicRoll_IsXor" methodname="DeterministicRoll_IsXor" classname="CleanEnergy.Tests.EditMode.WeatherEventTests" runstate="Runnable" seed="1929021613" result="Passed" start-time="2026-07-12 15:18:34Z" end-time="2026-07-12 15:18:34Z" duration="0.000230" asserts="0">
                <properties>
                  <property name="retryIteration" value="0" />
                  <property name="repeatIteration" value="0" />
                </properties>
              </test-case>
              <test-case id="1466" name="WindGust_BoostsWindMultiplier" fullname="CleanEnergy.Tests.EditMode.WeatherEventTests.WindGust_BoostsWindMultiplier" methodname="WindGust_BoostsWindMultiplier" classname="CleanEnergy.Tests.EditMode.WeatherEventTests" runstate="Runnable" seed="1202665851" result="Passed" start-time="2026-07-12 15:18:34Z" end-time="2026-07-12 15:18:34Z" duration="0.000230" asserts="0">
                <properties>
                  <property name="retryIteration" value="0" />
                  <property name="repeatIteration" value="0" />
                </properties>
              </test-case>
            </test-suite>
            <test-suite type="TestFixture" id="1469" name="WindWakeTests" fullname="CleanEnergy.Tests.EditMode.WindWakeTests" classname="CleanEnergy.Tests.EditMode.WindWakeTests" runstate="Runnable" testcasecount="4" result="Passed" start-time="2026-07-12 15:18:34Z" end-time="2026-07-12 15:18:34Z" duration="0.004046" total="4" passed="4" failed="0" inconclusive="0" skipped="0" asserts="0">
              <properties />
              <test-case id="1470" name="ClampFactor_AppliesPenaltyAndFloor" fullname="CleanEnergy.Tests.EditMode.WindWakeTests.ClampFactor_AppliesPenaltyAndFloor" methodname="ClampFactor_AppliesPenaltyAndFloor" classname="CleanEnergy.Tests.EditMode.WindWakeTests" runstate="Runnable" seed="1576938126" result="Passed" start-time="2026-07-12 15:18:34Z" end-time="2026-07-12 15:18:34Z" duration="0.000213" asserts="0">
                <properties>
                  <property name="retryIteration" value="0" />
                  <property name="repeatIteration" value="0" />
                </properties>
              </test-case>
              <test-case id="1471" name="Compute_IsolatedTurbine_NoPenalty" fullname="CleanEnergy.Tests.EditMode.WindWakeTests.Compute_IsolatedTurbine_NoPenalty" methodname="Compute_IsolatedTurbine_NoPenalty" classname="CleanEnergy.Tests.EditMode.WindWakeTests" runstate="Runnable" seed="1103870266" result="Passed" start-time="2026-07-12 15:18:34Z" end-time="2026-07-12 15:18:34Z" duration="0.001035" asserts="0">
                <properties>
                  <property name="retryIteration" value="0" />
                  <property name="repeatIteration" value="0" />
                </properties>
              </test-case>
              <test-case id="1472" name="Compute_NeighborWithinChebyshev_Penalizes" fullname="CleanEnergy.Tests.EditMode.WindWakeTests.Compute_NeighborWithinChebyshev_Penalizes" methodname="Compute_NeighborWithinChebyshev_Penalizes" classname="CleanEnergy.Tests.EditMode.WindWakeTests" runstate="Runnable" seed="2020297389" result="Passed" start-time="2026-07-12 15:18:34Z" end-time="2026-07-12 15:18:34Z" duration="0.000585" asserts="0">
                <properties>
                  <property name="retryIteration" value="0" />
                  <property name="repeatIteration" value="0" />
                </properties>
              </test-case>
              <test-case id="1473" name="Compute_NonWind_AlwaysOne" fullname="CleanEnergy.Tests.EditMode.WindWakeTests.Compute_NonWind_AlwaysOne" methodname="Compute_NonWind_AlwaysOne" classname="CleanEnergy.Tests.EditMode.WindWakeTests" runstate="Runnable" seed="437995312" result="Passed" start-time="2026-07-12 15:18:34Z" end-time="2026-07-12 15:18:34Z" duration="0.000347" asserts="0">
                <properties>
                  <property name="retryIteration" value="0" />
                  <property name="repeatIteration" value="0" />
                </properties>
              </test-case>
            </test-suite>
            <test-suite type="TestFixture" id="1474" name="ZoomFitTests" fullname="CleanEnergy.Tests.EditMode.ZoomFitTests" classname="CleanEnergy.Tests.EditMode.ZoomFitTests" runstate="Runnable" testcasecount="6" result="Passed" start-time="2026-07-12 15:18:34Z" end-time="2026-07-12 15:18:34Z" duration="0.010118" total="6" passed="6" failed="0" inconclusive="0" skipped="0" asserts="0">
              <properties />
              <test-case id="1477" name="BoundsAroundCell_AppliesPadding" fullname="CleanEnergy.Tests.EditMode.ZoomFitTests.BoundsAroundCell_AppliesPadding" methodname="BoundsAroundCell_AppliesPadding" classname="CleanEnergy.Tests.EditMode.ZoomFitTests" runstate="Runnable" seed="1303549315" result="Passed" start-time="2026-07-12 15:18:34Z" end-time="2026-07-12 15:18:34Z" duration="0.000417" asserts="0">
                <properties>
                  <property name="retryIteration" value="0" />
                  <property name="repeatIteration" value="0" />
                </properties>
              </test-case>
              <test-case id="1478" name="BoundsAroundCells_EncapsulatesAndPads" fullname="CleanEnergy.Tests.EditMode.ZoomFitTests.BoundsAroundCells_EncapsulatesAndPads" methodname="BoundsAroundCells_EncapsulatesAndPads" classname="CleanEnergy.Tests.EditMode.ZoomFitTests" runstate="Runnable" seed="2001027788" result="Passed" start-time="2026-07-12 15:18:34Z" end-time="2026-07-12 15:18:34Z" duration="0.001265" asserts="0">
                <properties>
                  <property name="retryIteration" value="0" />
                  <property name="repeatIteration" value="0" />
                </properties>
              </test-case>
              <test-case id="1480" name="FitToBounds_SetsOrthoWithinClamp" fullname="CleanEnergy.Tests.EditMode.ZoomFitTests.FitToBounds_SetsOrthoWithinClamp" methodname="FitToBounds_SetsOrthoWithinClamp" classname="CleanEnergy.Tests.EditMode.ZoomFitTests" runstate="Runnable" seed="982433266" result="Passed" start-time="2026-07-12 15:18:34Z" end-time="2026-07-12 15:18:34Z" duration="0.001837" asserts="0">
                <properties>
                  <property name="retryIteration" value="0" />
                  <property name="repeatIteration" value="0" />
                </properties>
              </test-case>
              <test-case id="1476" name="OrthographicSize_ClampsToLimits" fullname="CleanEnergy.Tests.EditMode.ZoomFitTests.OrthographicSize_ClampsToLimits" methodname="OrthographicSize_ClampsToLimits" classname="CleanEnergy.Tests.EditMode.ZoomFitTests" runstate="Runnable" seed="1633922802" result="Passed" start-time="2026-07-12 15:18:34Z" end-time="2026-07-12 15:18:34Z" duration="0.000300" asserts="0">
                <properties>
                  <property name="retryIteration" value="0" />
                  <property name="repeatIteration" value="0" />
                </properties>
              </test-case>
              <test-case id="1475" name="OrthographicSize_UsesLargerAxis" fullname="CleanEnergy.Tests.EditMode.ZoomFitTests.OrthographicSize_UsesLargerAxis" methodname="OrthographicSize_UsesLargerAxis" classname="CleanEnergy.Tests.EditMode.ZoomFitTests" runstate="Runnable" seed="459494389" result="Passed" start-time="2026-07-12 15:18:34Z" end-time="2026-07-12 15:18:34Z" duration="0.000240" asserts="0">
                <properties>
                  <property name="retryIteration" value="0" />
                  <property name="repeatIteration" value="0" />
                </properties>
              </test-case>
              <test-case id="1479" name="SelectionOrthoSize_ClampsMinMax" fullname="CleanEnergy.Tests.EditMode.ZoomFitTests.SelectionOrthoSize_ClampsMinMax" methodname="SelectionOrthoSize_ClampsMinMax" classname="CleanEnergy.Tests.EditMode.ZoomFitTests" runstate="Runnable" seed="1437621991" result="Passed" start-time="2026-07-12 15:18:34Z" end-time="2026-07-12 15:18:34Z" duration="0.000270" asserts="0">
                <properties>
                  <property name="retryIteration" value="0" />
                  <property name="repeatIteration" value="0" />
                </properties>
                <output><![CDATA[Saving results to: C:/Users/Alercode/AppData/LocalLow/CleanEnergy/Clean Energy Prototype\TestResults.xml
]]></output>
              </test-case>
            </test-suite>
          </test-suite>
        </test-suite>
      </test-suite>
    </test-suite>
  </test-suite>
</test-run>