<?xml version="1.0" encoding="utf-8"?>
<test-run id="2" testcasecount="262" result="Passed" total="262" passed="262" failed="0" inconclusive="0" skipped="0" asserts="0" engine-version="3.5.0.0" clr-version="4.0.30319.42000" start-time="2026-07-12 14:42:22Z" end-time="2026-07-12 14:42:23Z" duration="0,6204134">
  <test-suite type="TestSuite" id="1000" name="Clean Energy Prototype" fullname="Clean Energy Prototype" runstate="Runnable" testcasecount="262" result="Passed" start-time="2026-07-12 14:42:22Z" end-time="2026-07-12 14:42:23Z" duration="0.620413" total="262" passed="262" failed="0" inconclusive="0" skipped="0" asserts="0">
    <properties>
      <property name="platform" value="EditMode" />
    </properties>
    <test-suite type="Assembly" id="1342" name="CleanEnergy.Tests.EditMode.dll" fullname="E:/CURSOL PROJELER/game/Library/ScriptAssemblies/CleanEnergy.Tests.EditMode.dll" runstate="Runnable" testcasecount="262" result="Passed" start-time="2026-07-12 14:42:22Z" end-time="2026-07-12 14:42:23Z" duration="0.604003" total="262" passed="262" failed="0" inconclusive="0" skipped="0" asserts="0">
      <properties>
        <property name="_PID" value="26128" />
        <property name="_APPDOMAIN" value="Unity Child Domain" />
        <property name="platform" value="EditMode" />
        <property name="EditorOnly" value="True" />
      </properties>
      <test-suite type="TestSuite" id="1343" name="CleanEnergy" fullname="CleanEnergy" runstate="Runnable" testcasecount="262" result="Passed" start-time="2026-07-12 14:42:22Z" end-time="2026-07-12 14:42:23Z" duration="0.597168" total="262" passed="262" failed="0" inconclusive="0" skipped="0" asserts="0">
        <properties />
        <test-suite type="TestSuite" id="1344" name="Tests" fullname="CleanEnergy.Tests" runstate="Runnable" testcasecount="262" result="Passed" start-time="2026-07-12 14:42:22Z" end-time="2026-07-12 14:42:23Z" duration="0.590427" total="262" passed="262" failed="0" inconclusive="0" skipped="0" asserts="0">
          <properties />
          <test-suite type="TestSuite" id="1345" name="EditMode" fullname="CleanEnergy.Tests.EditMode" runstate="Runnable" testcasecount="262" result="Passed" start-time="2026-07-12 14:42:22Z" end-time="2026-07-12 14:42:23Z" duration="0.582051" total="262" passed="262" failed="0" inconclusive="0" skipped="0" asserts="0">
            <properties />
            <test-suite type="TestFixture" id="1001" name="BootstrapFlowTests" fullname="CleanEnergy.Tests.EditMode.BootstrapFlowTests" classname="CleanEnergy.Tests.EditMode.BootstrapFlowTests" runstate="Runnable" testcasecount="2" result="Passed" start-time="2026-07-12 14:42:22Z" end-time="2026-07-12 14:42:22Z" duration="0.030521" total="2" passed="2" failed="0" inconclusive="0" skipped="0" asserts="0">
              <properties />
              <test-case id="1003" name="IsBootstrapScene_MatchesName" fullname="CleanEnergy.Tests.EditMode.BootstrapFlowTests.IsBootstrapScene_MatchesName" methodname="IsBootstrapScene_MatchesName" classname="CleanEnergy.Tests.EditMode.BootstrapFlowTests" runstate="Runnable" seed="602041148" result="Passed" start-time="2026-07-12 14:42:22Z" end-time="2026-07-12 14:42:22Z" duration="0.012304" asserts="0">
                <properties>
                  <property name="retryIteration" value="0" />
                  <property name="repeatIteration" value="0" />
                </properties>
              </test-case>
              <test-case id="1002" name="SceneNames_IncludeBootstrapFirst" fullname="CleanEnergy.Tests.EditMode.BootstrapFlowTests.SceneNames_IncludeBootstrapFirst" methodname="SceneNames_IncludeBootstrapFirst" classname="CleanEnergy.Tests.EditMode.BootstrapFlowTests" runstate="Runnable" seed="1838385714" result="Passed" start-time="2026-07-12 14:42:22Z" end-time="2026-07-12 14:42:22Z" duration="0.004254" asserts="0">
                <properties>
                  <property name="retryIteration" value="0" />
                  <property name="repeatIteration" value="0" />
                </properties>
              </test-case>
            </test-suite>
            <test-suite type="TestFixture" id="1004" name="BuildCategoryTabTests" fullname="CleanEnergy.Tests.EditMode.BuildCategoryTabTests" classname="CleanEnergy.Tests.EditMode.BuildCategoryTabTests" runstate="Runnable" testcasecount="7" result="Passed" start-time="2026-07-12 14:42:22Z" end-time="2026-07-12 14:42:22Z" duration="0.012795" total="7" passed="7" failed="0" inconclusive="0" skipped="0" asserts="0">
              <properties />
              <test-case id="1010" name="FilterForTab_ReturnsOnlyUnlockedInCategory" fullname="CleanEnergy.Tests.EditMode.BuildCategoryTabTests.FilterForTab_ReturnsOnlyUnlockedInCategory" methodname="FilterForTab_ReturnsOnlyUnlockedInCategory" classname="CleanEnergy.Tests.EditMode.BuildCategoryTabTests" runstate="Runnable" seed="909941141" result="Passed" start-time="2026-07-12 14:42:22Z" end-time="2026-07-12 14:42:22Z" duration="0.004017" asserts="0">
                <properties>
                  <property name="retryIteration" value="0" />
                  <property name="repeatIteration" value="0" />
                </properties>
              </test-case>
              <test-case id="1007" name="Load_DefaultsToEnergy_WhenMissing" fullname="CleanEnergy.Tests.EditMode.BuildCategoryTabTests.Load_DefaultsToEnergy_WhenMissing" methodname="Load_DefaultsToEnergy_WhenMissing" classname="CleanEnergy.Tests.EditMode.BuildCategoryTabTests" runstate="Runnable" seed="1917968524" result="Passed" start-time="2026-07-12 14:42:22Z" end-time="2026-07-12 14:42:22Z" duration="0.001794" asserts="0">
                <properties>
                  <property name="retryIteration" value="0" />
                  <property name="repeatIteration" value="0" />
                </properties>
              </test-case>
              <test-case id="1008" name="Load_FallsBackToEnergy_WhenCorrupt" fullname="CleanEnergy.Tests.EditMode.BuildCategoryTabTests.Load_FallsBackToEnergy_WhenCorrupt" methodname="Load_FallsBackToEnergy_WhenCorrupt" classname="CleanEnergy.Tests.EditMode.BuildCategoryTabTests" runstate="Runnable" seed="392269028" result="Passed" start-time="2026-07-12 14:42:22Z" end-time="2026-07-12 14:42:22Z" duration="0.000719" asserts="0">
                <properties>
                  <property name="retryIteration" value="0" />
                  <property name="repeatIteration" value="0" />
                </properties>
              </test-case>
              <test-case id="1009" name="MatchesCategory_FiltersByDefinitionCategory" fullname="CleanEnergy.Tests.EditMode.BuildCategoryTabTests.MatchesCategory_FiltersByDefinitionCategory" methodname="MatchesCategory_FiltersByDefinitionCategory" classname="CleanEnergy.Tests.EditMode.BuildCategoryTabTests" runstate="Runnable" seed="11539362" result="Passed" start-time="2026-07-12 14:42:22Z" end-time="2026-07-12 14:42:22Z" duration="0.000333" asserts="0">
                <properties>
                  <property name="retryIteration" value="0" />
                  <property name="repeatIteration" value="0" />
                </properties>
              </test-case>
              <test-case id="1005" name="PrefsKey_IsLockedName" fullname="CleanEnergy.Tests.EditMode.BuildCategoryTabTests.PrefsKey_IsLockedName" methodname="PrefsKey_IsLockedName" classname="CleanEnergy.Tests.EditMode.BuildCategoryTabTests" runstate="Runnable" seed="1374652065" result="Passed" start-time="2026-07-12 14:42:22Z" end-time="2026-07-12 14:42:22Z" duration="0.000181" asserts="0">
                <properties>
                  <property name="retryIteration" value="0" />
                  <property name="repeatIteration" value="0" />
                </properties>
              </test-case>
              <test-case id="1006" name="SaveLoad_PersistsActiveCategory" fullname="CleanEnergy.Tests.EditMode.BuildCategoryTabTests.SaveLoad_PersistsActiveCategory" methodname="SaveLoad_PersistsActiveCategory" classname="CleanEnergy.Tests.EditMode.BuildCategoryTabTests" runstate="Runnable" seed="1558715409" result="Passed" start-time="2026-07-12 14:42:22Z" end-time="2026-07-12 14:42:22Z" duration="0.000334" asserts="0">
                <properties>
                  <property name="retryIteration" value="0" />
                  <property name="repeatIteration" value="0" />
                </properties>
              </test-case>
              <test-case id="1011" name="SetActiveCategory_WritesPrefs" fullname="CleanEnergy.Tests.EditMode.BuildCategoryTabTests.SetActiveCategory_WritesPrefs" methodname="SetActiveCategory_WritesPrefs" classname="CleanEnergy.Tests.EditMode.BuildCategoryTabTests" runstate="Runnable" seed="361798343" result="Passed" start-time="2026-07-12 14:42:22Z" end-time="2026-07-12 14:42:22Z" duration="0.001798" asserts="0">
                <properties>
                  <property name="retryIteration" value="0" />
                  <property name="repeatIteration" value="0" />
                </properties>
              </test-case>
            </test-suite>
            <test-suite type="TestFixture" id="1012" name="BuildingRotateTests" fullname="CleanEnergy.Tests.EditMode.BuildingRotateTests" classname="CleanEnergy.Tests.EditMode.BuildingRotateTests" runstate="Runnable" testcasecount="2" result="Passed" start-time="2026-07-12 14:42:22Z" end-time="2026-07-12 14:42:22Z" duration="0.008154" total="2" passed="2" failed="0" inconclusive="0" skipped="0" asserts="0">
              <properties />
              <test-case id="1014" name="CancelPlacement_ResetsRotation" fullname="CleanEnergy.Tests.EditMode.BuildingRotateTests.CancelPlacement_ResetsRotation" methodname="CancelPlacement_ResetsRotation" classname="CleanEnergy.Tests.EditMode.BuildingRotateTests" runstate="Runnable" seed="1979234026" result="Passed" start-time="2026-07-12 14:42:22Z" end-time="2026-07-12 14:42:22Z" duration="0.002786" asserts="0">
                <properties>
                  <property name="retryIteration" value="0" />
                  <property name="repeatIteration" value="0" />
                </properties>
              </test-case>
              <test-case id="1013" name="CycleRotation_WrapsZeroToThree" fullname="CleanEnergy.Tests.EditMode.BuildingRotateTests.CycleRotation_WrapsZeroToThree" methodname="CycleRotation_WrapsZeroToThree" classname="CleanEnergy.Tests.EditMode.BuildingRotateTests" runstate="Runnable" seed="1287257557" result="Passed" start-time="2026-07-12 14:42:22Z" end-time="2026-07-12 14:42:22Z" duration="0.000653" asserts="0">
                <properties>
                  <property name="retryIteration" value="0" />
                  <property name="repeatIteration" value="0" />
                </properties>
              </test-case>
            </test-suite>
            <test-suite type="TestFixture" id="1015" name="BulkRepairTests" fullname="CleanEnergy.Tests.EditMode.BulkRepairTests" classname="CleanEnergy.Tests.EditMode.BulkRepairTests" runstate="Runnable" testcasecount="2" result="Passed" start-time="2026-07-12 14:42:22Z" end-time="2026-07-12 14:42:22Z" duration="0.010137" total="2" passed="2" failed="0" inconclusive="0" skipped="0" asserts="0">
              <properties />
              <test-case id="1016" name="BulkRepair_AtomicallyRepairsCoveredProducers" fullname="CleanEnergy.Tests.EditMode.BulkRepairTests.BulkRepair_AtomicallyRepairsCoveredProducers" methodname="BulkRepair_AtomicallyRepairsCoveredProducers" classname="CleanEnergy.Tests.EditMode.BulkRepairTests" runstate="Runnable" seed="1040018097" result="Passed" start-time="2026-07-12 14:42:22Z" end-time="2026-07-12 14:42:22Z" duration="0.004717" asserts="0">
                <properties>
                  <property name="retryIteration" value="0" />
                  <property name="repeatIteration" value="0" />
                </properties>
              </test-case>
              <test-case id="1017" name="BulkRepair_FailsWithoutSpending_WhenBroke" fullname="CleanEnergy.Tests.EditMode.BulkRepairTests.BulkRepair_FailsWithoutSpending_WhenBroke" methodname="BulkRepair_FailsWithoutSpending_WhenBroke" classname="CleanEnergy.Tests.EditMode.BulkRepairTests" runstate="Runnable" seed="720993442" result="Passed" start-time="2026-07-12 14:42:22Z" end-time="2026-07-12 14:42:22Z" duration="0.000976" asserts="0">
                <properties>
                  <property name="retryIteration" value="0" />
                  <property name="repeatIteration" value="0" />
                </properties>
              </test-case>
            </test-suite>
            <test-suite type="TestFixture" id="1018" name="CameraFocusTests" fullname="CleanEnergy.Tests.EditMode.CameraFocusTests" classname="CleanEnergy.Tests.EditMode.CameraFocusTests" runstate="Runnable" testcasecount="2" result="Passed" start-time="2026-07-12 14:42:22Z" end-time="2026-07-12 14:42:22Z" duration="0.009015" total="2" passed="2" failed="0" inconclusive="0" skipped="0" asserts="0">
              <properties />
              <test-case id="1020" name="LerpFocus_MidpointBetween" fullname="CleanEnergy.Tests.EditMode.CameraFocusTests.LerpFocus_MidpointBetween" methodname="LerpFocus_MidpointBetween" classname="CleanEnergy.Tests.EditMode.CameraFocusTests" runstate="Runnable" seed="1188654028" result="Passed" start-time="2026-07-12 14:42:22Z" end-time="2026-07-12 14:42:22Z" duration="0.000625" asserts="0">
                <properties>
                  <property name="retryIteration" value="0" />
                  <property name="repeatIteration" value="0" />
                </properties>
              </test-case>
              <test-case id="1019" name="SmoothStep_EndsAtOne" fullname="CleanEnergy.Tests.EditMode.CameraFocusTests.SmoothStep_EndsAtOne" methodname="SmoothStep_EndsAtOne" classname="CleanEnergy.Tests.EditMode.CameraFocusTests" runstate="Runnable" seed="85164942" result="Passed" start-time="2026-07-12 14:42:22Z" end-time="2026-07-12 14:42:22Z" duration="0.003371" asserts="0">
                <properties>
                  <property name="retryIteration" value="0" />
                  <property name="repeatIteration" value="0" />
                </properties>
              </test-case>
            </test-suite>
            <test-suite type="TestFixture" id="1021" name="CreditInterestTests" fullname="CleanEnergy.Tests.EditMode.CreditInterestTests" classname="CleanEnergy.Tests.EditMode.CreditInterestTests" runstate="Runnable" testcasecount="4" result="Passed" start-time="2026-07-12 14:42:22Z" end-time="2026-07-12 14:42:22Z" duration="0.005058" total="4" passed="4" failed="0" inconclusive="0" skipped="0" asserts="0">
              <properties />
              <test-case id="1023" name="Interest_CeilOnePercent_MinOne_DoesNotChangePrincipal" fullname="CleanEnergy.Tests.EditMode.CreditInterestTests.Interest_CeilOnePercent_MinOne_DoesNotChangePrincipal" methodname="Interest_CeilOnePercent_MinOne_DoesNotChangePrincipal" classname="CleanEnergy.Tests.EditMode.CreditInterestTests" runstate="Runnable" seed="818923182" result="Passed" start-time="2026-07-12 14:42:22Z" end-time="2026-07-12 14:42:22Z" duration="0.000605" asserts="0">
                <properties>
                  <property name="retryIteration" value="0" />
                  <property name="repeatIteration" value="0" />
                </properties>
              </test-case>
              <test-case id="1025" name="SaveData_RoundTripsCreditDebt" fullname="CleanEnergy.Tests.EditMode.CreditInterestTests.SaveData_RoundTripsCreditDebt" methodname="SaveData_RoundTripsCreditDebt" classname="CleanEnergy.Tests.EditMode.CreditInterestTests" runstate="Runnable" seed="23245133" result="Passed" start-time="2026-07-12 14:42:22Z" end-time="2026-07-12 14:42:22Z" duration="0.001274" asserts="0">
                <properties>
                  <property name="retryIteration" value="0" />
                  <property name="repeatIteration" value="0" />
                </properties>
              </test-case>
              <test-case id="1022" name="TryGrant_OpensDebtOfCreditAmount" fullname="CleanEnergy.Tests.EditMode.CreditInterestTests.TryGrant_OpensDebtOfCreditAmount" methodname="TryGrant_OpensDebtOfCreditAmount" classname="CleanEnergy.Tests.EditMode.CreditInterestTests" runstate="Runnable" seed="2130947773" result="Passed" start-time="2026-07-12 14:42:22Z" end-time="2026-07-12 14:42:22Z" duration="0.000453" asserts="0">
                <properties>
                  <property name="retryIteration" value="0" />
                  <property name="repeatIteration" value="0" />
                </properties>
              </test-case>
              <test-case id="1024" name="TryRepay_ClearsDebt" fullname="CleanEnergy.Tests.EditMode.CreditInterestTests.TryRepay_ClearsDebt" methodname="TryRepay_ClearsDebt" classname="CleanEnergy.Tests.EditMode.CreditInterestTests" runstate="Runnable" seed="1858245518" result="Passed" start-time="2026-07-12 14:42:22Z" end-time="2026-07-12 14:42:22Z" duration="0.000497" asserts="0">
                <properties>
                  <property name="retryIteration" value="0" />
                  <property name="repeatIteration" value="0" />
                </properties>
              </test-case>
            </test-suite>
            <test-suite type="TestFixture" id="1026" name="DayCycleLightingTests" fullname="CleanEnergy.Tests.EditMode.DayCycleLightingTests" classname="CleanEnergy.Tests.EditMode.DayCycleLightingTests" runstate="Runnable" testcasecount="3" result="Passed" start-time="2026-07-12 14:42:22Z" end-time="2026-07-12 14:42:22Z" duration="0.006048" total="3" passed="3" failed="0" inconclusive="0" skipped="0" asserts="0">
              <properties />
              <test-case id="1028" name="ApplyPhase_UpdatesLightAndAmbient" fullname="CleanEnergy.Tests.EditMode.DayCycleLightingTests.ApplyPhase_UpdatesLightAndAmbient" methodname="ApplyPhase_UpdatesLightAndAmbient" classname="CleanEnergy.Tests.EditMode.DayCycleLightingTests" runstate="Runnable" seed="1400945532" result="Passed" start-time="2026-07-12 14:42:22Z" end-time="2026-07-12 14:42:22Z" duration="0.002707" asserts="0">
                <properties>
                  <property name="retryIteration" value="0" />
                  <property name="repeatIteration" value="0" />
                </properties>
              </test-case>
              <test-case id="1027" name="Resolve_DawnNoonEveningNight_FixedTable" fullname="CleanEnergy.Tests.EditMode.DayCycleLightingTests.Resolve_DawnNoonEveningNight_FixedTable" methodname="Resolve_DawnNoonEveningNight_FixedTable" classname="CleanEnergy.Tests.EditMode.DayCycleLightingTests" runstate="Runnable" seed="2009819103" result="Passed" start-time="2026-07-12 14:42:22Z" end-time="2026-07-12 14:42:22Z" duration="0.000403" asserts="0">
                <properties>
                  <property name="retryIteration" value="0" />
                  <property name="repeatIteration" value="0" />
                </properties>
              </test-case>
              <test-case id="1029" name="Update_FreezesWhilePaused" fullname="CleanEnergy.Tests.EditMode.DayCycleLightingTests.Update_FreezesWhilePaused" methodname="Update_FreezesWhilePaused" classname="CleanEnergy.Tests.EditMode.DayCycleLightingTests" runstate="Runnable" seed="621054882" result="Passed" start-time="2026-07-12 14:42:22Z" end-time="2026-07-12 14:42:22Z" duration="0.001093" asserts="0">
                <properties>
                  <property name="retryIteration" value="0" />
                  <property name="repeatIteration" value="0" />
                </properties>
              </test-case>
            </test-suite>
            <test-suite type="TestFixture" id="1030" name="DayCycleTests" fullname="CleanEnergy.Tests.EditMode.DayCycleTests" classname="CleanEnergy.Tests.EditMode.DayCycleTests" runstate="Runnable" testcasecount="10" result="Passed" start-time="2026-07-12 14:42:22Z" end-time="2026-07-12 14:42:22Z" duration="0.015096" total="10" passed="10" failed="0" inconclusive="0" skipped="0" asserts="0">
              <properties />
              <test-case id="1033" name="DemandMultiplier_EveningGreaterThanNoon" fullname="CleanEnergy.Tests.EditMode.DayCycleTests.DemandMultiplier_EveningGreaterThanNoon" methodname="DemandMultiplier_EveningGreaterThanNoon" classname="CleanEnergy.Tests.EditMode.DayCycleTests" runstate="Runnable" seed="1167672148" result="Passed" start-time="2026-07-12 14:42:22Z" end-time="2026-07-12 14:42:22Z" duration="0.000429" asserts="0">
                <properties>
                  <property name="retryIteration" value="0" />
                  <property name="repeatIteration" value="0" />
                </properties>
              </test-case>
              <test-case id="1032" name="HalfDay_IsEvening" fullname="CleanEnergy.Tests.EditMode.DayCycleTests.HalfDay_IsEvening" methodname="HalfDay_IsEvening" classname="CleanEnergy.Tests.EditMode.DayCycleTests" runstate="Runnable" seed="12181852" result="Passed" start-time="2026-07-12 14:42:22Z" end-time="2026-07-12 14:42:22Z" duration="0.000467" asserts="0">
                <properties>
                  <property name="retryIteration" value="0" />
                  <property name="repeatIteration" value="0" />
                </properties>
              </test-case>
              <test-case id="1035" name="Hydro_UnchangedAcrossPhases" fullname="CleanEnergy.Tests.EditMode.DayCycleTests.Hydro_UnchangedAcrossPhases" methodname="Hydro_UnchangedAcrossPhases" classname="CleanEnergy.Tests.EditMode.DayCycleTests" runstate="Runnable" seed="338365103" result="Passed" start-time="2026-07-12 14:42:22Z" end-time="2026-07-12 14:42:22Z" duration="0.003015" asserts="0">
                <properties>
                  <property name="retryIteration" value="0" />
                  <property name="repeatIteration" value="0" />
                </properties>
              </test-case>
              <test-case id="1037" name="PhaseFromNormalized_Boundaries" fullname="CleanEnergy.Tests.EditMode.DayCycleTests.PhaseFromNormalized_Boundaries" methodname="PhaseFromNormalized_Boundaries" classname="CleanEnergy.Tests.EditMode.DayCycleTests" runstate="Runnable" seed="47235856" result="Passed" start-time="2026-07-12 14:42:22Z" end-time="2026-07-12 14:42:22Z" duration="0.000303" asserts="0">
                <properties>
                  <property name="retryIteration" value="0" />
                  <property name="repeatIteration" value="0" />
                </properties>
              </test-case>
              <test-case id="1034" name="Solar_NightProductionIsZero" fullname="CleanEnergy.Tests.EditMode.DayCycleTests.Solar_NightProductionIsZero" methodname="Solar_NightProductionIsZero" classname="CleanEnergy.Tests.EditMode.DayCycleTests" runstate="Runnable" seed="1409827033" result="Passed" start-time="2026-07-12 14:42:22Z" end-time="2026-07-12 14:42:22Z" duration="0.000590" asserts="0">
                <properties>
                  <property name="retryIteration" value="0" />
                  <property name="repeatIteration" value="0" />
                </properties>
              </test-case>
              <test-case id="1040" name="Solar_StillZeroAtNight" fullname="CleanEnergy.Tests.EditMode.DayCycleTests.Solar_StillZeroAtNight" methodname="Solar_StillZeroAtNight" classname="CleanEnergy.Tests.EditMode.DayCycleTests" runstate="Runnable" seed="1227997203" result="Passed" start-time="2026-07-12 14:42:22Z" end-time="2026-07-12 14:42:22Z" duration="0.000433" asserts="0">
                <properties>
                  <property name="retryIteration" value="0" />
                  <property name="repeatIteration" value="0" />
                </properties>
              </test-case>
              <test-case id="1031" name="TickZero_IsMorning" fullname="CleanEnergy.Tests.EditMode.DayCycleTests.TickZero_IsMorning" methodname="TickZero_IsMorning" classname="CleanEnergy.Tests.EditMode.DayCycleTests" runstate="Runnable" seed="240788675" result="Passed" start-time="2026-07-12 14:42:22Z" end-time="2026-07-12 14:42:22Z" duration="0.000148" asserts="0">
                <properties>
                  <property name="retryIteration" value="0" />
                  <property name="repeatIteration" value="0" />
                </properties>
              </test-case>
              <test-case id="1036" name="VillageDemand_ScalesWithPhase" fullname="CleanEnergy.Tests.EditMode.DayCycleTests.VillageDemand_ScalesWithPhase" methodname="VillageDemand_ScalesWithPhase" classname="CleanEnergy.Tests.EditMode.DayCycleTests" runstate="Runnable" seed="1300678372" result="Passed" start-time="2026-07-12 14:42:22Z" end-time="2026-07-12 14:42:22Z" duration="0.000553" asserts="0">
                <properties>
                  <property name="retryIteration" value="0" />
                  <property name="repeatIteration" value="0" />
                </properties>
              </test-case>
              <test-case id="1039" name="Wind_NightGreaterThanNoon" fullname="CleanEnergy.Tests.EditMode.DayCycleTests.Wind_NightGreaterThanNoon" methodname="Wind_NightGreaterThanNoon" classname="CleanEnergy.Tests.EditMode.DayCycleTests" runstate="Runnable" seed="524558983" result="Passed" start-time="2026-07-12 14:42:22Z" end-time="2026-07-12 14:42:22Z" duration="0.000377" asserts="0">
                <properties>
                  <property name="retryIteration" value="0" />
                  <property name="repeatIteration" value="0" />
                </properties>
              </test-case>
              <test-case id="1038" name="WindFactor_TableMatchesSpec" fullname="CleanEnergy.Tests.EditMode.DayCycleTests.WindFactor_TableMatchesSpec" methodname="WindFactor_TableMatchesSpec" classname="CleanEnergy.Tests.EditMode.DayCycleTests" runstate="Runnable" seed="947130655" result="Passed" start-time="2026-07-12 14:42:22Z" end-time="2026-07-12 14:42:22Z" duration="0.000230" asserts="0">
                <properties>
                  <property name="retryIteration" value="0" />
                  <property name="repeatIteration" value="0" />
                </properties>
              </test-case>
            </test-suite>
            <test-suite type="TestFixture" id="1041" name="DebugViewHotkeysTests" fullname="CleanEnergy.Tests.EditMode.DebugViewHotkeysTests" classname="CleanEnergy.Tests.EditMode.DebugViewHotkeysTests" runstate="Runnable" testcasecount="2" result="Passed" start-time="2026-07-12 14:42:22Z" end-time="2026-07-12 14:42:22Z" duration="0.005507" total="2" passed="2" failed="0" inconclusive="0" skipped="0" asserts="0">
              <properties />
              <test-case id="1042" name="F1toF6_MapToModes" fullname="CleanEnergy.Tests.EditMode.DebugViewHotkeysTests.F1toF6_MapToModes" methodname="F1toF6_MapToModes" classname="CleanEnergy.Tests.EditMode.DebugViewHotkeysTests" runstate="Runnable" seed="1972639861" result="Passed" start-time="2026-07-12 14:42:22Z" end-time="2026-07-12 14:42:22Z" duration="0.000679" asserts="0">
                <properties>
                  <property name="retryIteration" value="0" />
                  <property name="repeatIteration" value="0" />
                </properties>
              </test-case>
              <test-case id="1043" name="OtherKey_ReturnsFalse" fullname="CleanEnergy.Tests.EditMode.DebugViewHotkeysTests.OtherKey_ReturnsFalse" methodname="OtherKey_ReturnsFalse" classname="CleanEnergy.Tests.EditMode.DebugViewHotkeysTests" runstate="Runnable" seed="1899282154" result="Passed" start-time="2026-07-12 14:42:22Z" end-time="2026-07-12 14:42:22Z" duration="0.000158" asserts="0">
                <properties>
                  <property name="retryIteration" value="0" />
                  <property name="repeatIteration" value="0" />
                </properties>
              </test-case>
            </test-suite>
            <test-suite type="TestFixture" id="1044" name="DemandDebugOverlayTests" fullname="CleanEnergy.Tests.EditMode.DemandDebugOverlayTests" classname="CleanEnergy.Tests.EditMode.DemandDebugOverlayTests" runstate="Runnable" testcasecount="3" result="Passed" start-time="2026-07-12 14:42:22Z" end-time="2026-07-12 14:42:22Z" duration="0.002302" total="3" passed="3" failed="0" inconclusive="0" skipped="0" asserts="0">
              <properties />
              <test-case id="1046" name="ColorForRatio_HighIsMoreOrange" fullname="CleanEnergy.Tests.EditMode.DemandDebugOverlayTests.ColorForRatio_HighIsMoreOrange" methodname="ColorForRatio_HighIsMoreOrange" classname="CleanEnergy.Tests.EditMode.DemandDebugOverlayTests" runstate="Runnable" seed="1763115675" result="Passed" start-time="2026-07-12 14:42:22Z" end-time="2026-07-12 14:42:22Z" duration="0.000331" asserts="0">
                <properties>
                  <property name="retryIteration" value="0" />
                  <property name="repeatIteration" value="0" />
                </properties>
              </test-case>
              <test-case id="1045" name="ComputeRatio_UsesBaseDemand" fullname="CleanEnergy.Tests.EditMode.DemandDebugOverlayTests.ComputeRatio_UsesBaseDemand" methodname="ComputeRatio_UsesBaseDemand" classname="CleanEnergy.Tests.EditMode.DemandDebugOverlayTests" runstate="Runnable" seed="1604789645" result="Passed" start-time="2026-07-12 14:42:22Z" end-time="2026-07-12 14:42:22Z" duration="0.000183" asserts="0">
                <properties>
                  <property name="retryIteration" value="0" />
                  <property name="repeatIteration" value="0" />
                </properties>
              </test-case>
              <test-case id="1047" name="F9_MapsToDemand" fullname="CleanEnergy.Tests.EditMode.DemandDebugOverlayTests.F9_MapsToDemand" methodname="F9_MapsToDemand" classname="CleanEnergy.Tests.EditMode.DemandDebugOverlayTests" runstate="Runnable" seed="1719819452" result="Passed" start-time="2026-07-12 14:42:22Z" end-time="2026-07-12 14:42:22Z" duration="0.000157" asserts="0">
                <properties>
                  <property name="retryIteration" value="0" />
                  <property name="repeatIteration" value="0" />
                </properties>
              </test-case>
            </test-suite>
            <test-suite type="TestFixture" id="1048" name="DemolishBuildingTests" fullname="CleanEnergy.Tests.EditMode.DemolishBuildingTests" classname="CleanEnergy.Tests.EditMode.DemolishBuildingTests" runstate="Runnable" testcasecount="1" result="Passed" start-time="2026-07-12 14:42:22Z" end-time="2026-07-12 14:42:22Z" duration="0.006388" total="1" passed="1" failed="0" inconclusive="0" skipped="0" asserts="0">
              <properties />
              <test-case id="1049" name="TryDemolish_RefundsHalfAndClearsOccupancy" fullname="CleanEnergy.Tests.EditMode.DemolishBuildingTests.TryDemolish_RefundsHalfAndClearsOccupancy" methodname="TryDemolish_RefundsHalfAndClearsOccupancy" classname="CleanEnergy.Tests.EditMode.DemolishBuildingTests" runstate="Runnable" seed="1110289123" result="Passed" start-time="2026-07-12 14:42:22Z" end-time="2026-07-12 14:42:22Z" duration="0.005545" asserts="0">
                <properties>
                  <property name="retryIteration" value="0" />
                  <property name="repeatIteration" value="0" />
                </properties>
                <output><![CDATA[[Placement] Demolished group (1). Refund=20
]]></output>
              </test-case>
            </test-suite>
            <test-suite type="TestFixture" id="1050" name="DemolishUndoTests" fullname="CleanEnergy.Tests.EditMode.DemolishUndoTests" classname="CleanEnergy.Tests.EditMode.DemolishUndoTests" runstate="Runnable" testcasecount="4" result="Passed" start-time="2026-07-12 14:42:22Z" end-time="2026-07-12 14:42:22Z" duration="0.013721" total="4" passed="4" failed="0" inconclusive="0" skipped="0" asserts="0">
              <properties />
              <test-case id="1052" name="ClearDemolishUndo_ClearsPending" fullname="CleanEnergy.Tests.EditMode.DemolishUndoTests.ClearDemolishUndo_ClearsPending" methodname="ClearDemolishUndo_ClearsPending" classname="CleanEnergy.Tests.EditMode.DemolishUndoTests" runstate="Runnable" seed="1334742107" result="Passed" start-time="2026-07-12 14:42:22Z" end-time="2026-07-12 14:42:22Z" duration="0.002772" asserts="0">
                <properties>
                  <property name="retryIteration" value="0" />
                  <property name="repeatIteration" value="0" />
                </properties>
                <output><![CDATA[[Placement] Demolished group (1). Refund=20
]]></output>
              </test-case>
              <test-case id="1054" name="SecondDemolish_OverwritesSnapshot" fullname="CleanEnergy.Tests.EditMode.DemolishUndoTests.SecondDemolish_OverwritesSnapshot" methodname="SecondDemolish_OverwritesSnapshot" classname="CleanEnergy.Tests.EditMode.DemolishUndoTests" runstate="Runnable" seed="1332357812" result="Passed" start-time="2026-07-12 14:42:22Z" end-time="2026-07-12 14:42:22Z" duration="0.002334" asserts="0">
                <properties>
                  <property name="retryIteration" value="0" />
                  <property name="repeatIteration" value="0" />
                </properties>
                <output><![CDATA[[Placement] Demolished group (1). Refund=20
[Placement] Demolished group (1). Refund=20
]]></output>
              </test-case>
              <test-case id="1051" name="TryDemolish_StoresUndoSnapshot" fullname="CleanEnergy.Tests.EditMode.DemolishUndoTests.TryDemolish_StoresUndoSnapshot" methodname="TryDemolish_StoresUndoSnapshot" classname="CleanEnergy.Tests.EditMode.DemolishUndoTests" runstate="Runnable" seed="1498770915" result="Passed" start-time="2026-07-12 14:42:22Z" end-time="2026-07-12 14:42:22Z" duration="0.001206" asserts="0">
                <properties>
                  <property name="retryIteration" value="0" />
                  <property name="repeatIteration" value="0" />
                </properties>
                <output><![CDATA[[Placement] Demolished group (1). Refund=20
]]></output>
              </test-case>
              <test-case id="1053" name="TryUndo_WithoutMap_FailsAndRestoresRefundSpend" fullname="CleanEnergy.Tests.EditMode.DemolishUndoTests.TryUndo_WithoutMap_FailsAndRestoresRefundSpend" methodname="TryUndo_WithoutMap_FailsAndRestoresRefundSpend" classname="CleanEnergy.Tests.EditMode.DemolishUndoTests" runstate="Runnable" seed="323060643" result="Passed" start-time="2026-07-12 14:42:22Z" end-time="2026-07-12 14:42:22Z" duration="0.001881" asserts="0">
                <properties>
                  <property name="retryIteration" value="0" />
                  <property name="repeatIteration" value="0" />
                </properties>
                <output><![CDATA[[Placement] Demolished group (1). Refund=20
]]></output>
              </test-case>
            </test-suite>
            <test-suite type="TestFixture" id="1055" name="DistributionHubTests" fullname="CleanEnergy.Tests.EditMode.DistributionHubTests" classname="CleanEnergy.Tests.EditMode.DistributionHubTests" runstate="Runnable" testcasecount="5" result="Passed" start-time="2026-07-12 14:42:22Z" end-time="2026-07-12 14:42:22Z" duration="0.009541" total="5" passed="5" failed="0" inconclusive="0" skipped="0" asserts="0">
              <properties />
              <test-case id="1060" name="DistributionHub_WithHubFlag_IsHub" fullname="CleanEnergy.Tests.EditMode.DistributionHubTests.DistributionHub_WithHubFlag_IsHub" methodname="DistributionHub_WithHubFlag_IsHub" classname="CleanEnergy.Tests.EditMode.DistributionHubTests" runstate="Runnable" seed="1905502798" result="Passed" start-time="2026-07-12 14:42:22Z" end-time="2026-07-12 14:42:22Z" duration="0.000506" asserts="0">
                <properties>
                  <property name="retryIteration" value="0" />
                  <property name="repeatIteration" value="0" />
                </properties>
              </test-case>
              <test-case id="1056" name="LongRangeHub_ConnectsDistantNodes" fullname="CleanEnergy.Tests.EditMode.DistributionHubTests.LongRangeHub_ConnectsDistantNodes" methodname="LongRangeHub_ConnectsDistantNodes" classname="CleanEnergy.Tests.EditMode.DistributionHubTests" runstate="Runnable" seed="2133329488" result="Passed" start-time="2026-07-12 14:42:22Z" end-time="2026-07-12 14:42:22Z" duration="0.002549" asserts="0">
                <properties>
                  <property name="retryIteration" value="0" />
                  <property name="repeatIteration" value="0" />
                </properties>
              </test-case>
              <test-case id="1059" name="PowerLineId_WithoutHubFlag_IsNotHub" fullname="CleanEnergy.Tests.EditMode.DistributionHubTests.PowerLineId_WithoutHubFlag_IsNotHub" methodname="PowerLineId_WithoutHubFlag_IsNotHub" classname="CleanEnergy.Tests.EditMode.DistributionHubTests" runstate="Runnable" seed="296730330" result="Passed" start-time="2026-07-12 14:42:22Z" end-time="2026-07-12 14:42:22Z" duration="0.000343" asserts="0">
                <properties>
                  <property name="retryIteration" value="0" />
                  <property name="repeatIteration" value="0" />
                </properties>
              </test-case>
              <test-case id="1058" name="ShortRangeFails_LongRangeSucceeds_SameLayout" fullname="CleanEnergy.Tests.EditMode.DistributionHubTests.ShortRangeFails_LongRangeSucceeds_SameLayout" methodname="ShortRangeFails_LongRangeSucceeds_SameLayout" classname="CleanEnergy.Tests.EditMode.DistributionHubTests" runstate="Runnable" seed="1704507664" result="Passed" start-time="2026-07-12 14:42:22Z" end-time="2026-07-12 14:42:22Z" duration="0.000243" asserts="0">
                <properties>
                  <property name="retryIteration" value="0" />
                  <property name="repeatIteration" value="0" />
                </properties>
              </test-case>
              <test-case id="1057" name="ShortRangeHub_DoesNotConnectDistantNodes" fullname="CleanEnergy.Tests.EditMode.DistributionHubTests.ShortRangeHub_DoesNotConnectDistantNodes" methodname="ShortRangeHub_DoesNotConnectDistantNodes" classname="CleanEnergy.Tests.EditMode.DistributionHubTests" runstate="Runnable" seed="616832703" result="Passed" start-time="2026-07-12 14:42:22Z" end-time="2026-07-12 14:42:22Z" duration="0.000547" asserts="0">
                <properties>
                  <property name="retryIteration" value="0" />
                  <property name="repeatIteration" value="0" />
                </properties>
              </test-case>
            </test-suite>
            <test-suite type="TestFixture" id="1061" name="EdgeParticleTests" fullname="CleanEnergy.Tests.EditMode.EdgeParticleTests" classname="CleanEnergy.Tests.EditMode.EdgeParticleTests" runstate="Runnable" testcasecount="2" result="Passed" start-time="2026-07-12 14:42:22Z" end-time="2026-07-12 14:42:22Z" duration="0.005190" total="2" passed="2" failed="0" inconclusive="0" skipped="0" asserts="0">
              <properties />
              <test-case id="1062" name="ClampEdgeCount_CapsAtSixtyFour" fullname="CleanEnergy.Tests.EditMode.EdgeParticleTests.ClampEdgeCount_CapsAtSixtyFour" methodname="ClampEdgeCount_CapsAtSixtyFour" classname="CleanEnergy.Tests.EditMode.EdgeParticleTests" runstate="Runnable" seed="788378278" result="Passed" start-time="2026-07-12 14:42:22Z" end-time="2026-07-12 14:42:22Z" duration="0.000297" asserts="0">
                <properties>
                  <property name="retryIteration" value="0" />
                  <property name="repeatIteration" value="0" />
                </properties>
              </test-case>
              <test-case id="1063" name="ParticlesForUtilization_CapsAtEight" fullname="CleanEnergy.Tests.EditMode.EdgeParticleTests.ParticlesForUtilization_CapsAtEight" methodname="ParticlesForUtilization_CapsAtEight" classname="CleanEnergy.Tests.EditMode.EdgeParticleTests" runstate="Runnable" seed="1424173178" result="Passed" start-time="2026-07-12 14:42:22Z" end-time="2026-07-12 14:42:22Z" duration="0.000378" asserts="0">
                <properties>
                  <property name="retryIteration" value="0" />
                  <property name="repeatIteration" value="0" />
                </properties>
              </test-case>
            </test-suite>
            <test-suite type="TestFixture" id="1064" name="EmergencyCreditTests" fullname="CleanEnergy.Tests.EditMode.EmergencyCreditTests" classname="CleanEnergy.Tests.EditMode.EmergencyCreditTests" runstate="Runnable" testcasecount="4" result="Passed" start-time="2026-07-12 14:42:22Z" end-time="2026-07-12 14:42:22Z" duration="0.003154" total="4" passed="4" failed="0" inconclusive="0" skipped="0" asserts="0">
              <properties />
              <test-case id="1067" name="Reset_AllowsGrantAgain" fullname="CleanEnergy.Tests.EditMode.EmergencyCreditTests.Reset_AllowsGrantAgain" methodname="Reset_AllowsGrantAgain" classname="CleanEnergy.Tests.EditMode.EmergencyCreditTests" runstate="Runnable" seed="946744455" result="Passed" start-time="2026-07-12 14:42:22Z" end-time="2026-07-12 14:42:22Z" duration="0.000337" asserts="0">
                <properties>
                  <property name="retryIteration" value="0" />
                  <property name="repeatIteration" value="0" />
                </properties>
              </test-case>
              <test-case id="1068" name="SaveData_RoundTripsEmergencyCreditUsed" fullname="CleanEnergy.Tests.EditMode.EmergencyCreditTests.SaveData_RoundTripsEmergencyCreditUsed" methodname="SaveData_RoundTripsEmergencyCreditUsed" classname="CleanEnergy.Tests.EditMode.EmergencyCreditTests" runstate="Runnable" seed="498161327" result="Passed" start-time="2026-07-12 14:42:22Z" end-time="2026-07-12 14:42:22Z" duration="0.000376" asserts="0">
                <properties>
                  <property name="retryIteration" value="0" />
                  <property name="repeatIteration" value="0" />
                </properties>
              </test-case>
              <test-case id="1065" name="TryGrant_WhenBroke_AddsCreditOnce" fullname="CleanEnergy.Tests.EditMode.EmergencyCreditTests.TryGrant_WhenBroke_AddsCreditOnce" methodname="TryGrant_WhenBroke_AddsCreditOnce" classname="CleanEnergy.Tests.EditMode.EmergencyCreditTests" runstate="Runnable" seed="430380548" result="Passed" start-time="2026-07-12 14:42:22Z" end-time="2026-07-12 14:42:22Z" duration="0.000203" asserts="0">
                <properties>
                  <property name="retryIteration" value="0" />
                  <property name="repeatIteration" value="0" />
                </properties>
              </test-case>
              <test-case id="1066" name="TryGrant_WhenHasMoney_DoesNothing" fullname="CleanEnergy.Tests.EditMode.EmergencyCreditTests.TryGrant_WhenHasMoney_DoesNothing" methodname="TryGrant_WhenHasMoney_DoesNothing" classname="CleanEnergy.Tests.EditMode.EmergencyCreditTests" runstate="Runnable" seed="359104549" result="Passed" start-time="2026-07-12 14:42:22Z" end-time="2026-07-12 14:42:22Z" duration="0.000180" asserts="0">
                <properties>
                  <property name="retryIteration" value="0" />
                  <property name="repeatIteration" value="0" />
                </properties>
              </test-case>
            </test-suite>
            <test-suite type="TestFixture" id="1069" name="EnergySystemTests" fullname="CleanEnergy.Tests.EditMode.EnergySystemTests" classname="CleanEnergy.Tests.EditMode.EnergySystemTests" runstate="Runnable" testcasecount="6" result="Passed" start-time="2026-07-12 14:42:22Z" end-time="2026-07-12 14:42:22Z" duration="0.007041" total="6" passed="6" failed="0" inconclusive="0" skipped="0" asserts="0">
              <properties />
              <test-case id="1071" name="Balance_NoShortage_WhenProductionMeetsDemand" fullname="CleanEnergy.Tests.EditMode.EnergySystemTests.Balance_NoShortage_WhenProductionMeetsDemand" methodname="Balance_NoShortage_WhenProductionMeetsDemand" classname="CleanEnergy.Tests.EditMode.EnergySystemTests" runstate="Runnable" seed="1442105727" result="Passed" start-time="2026-07-12 14:42:22Z" end-time="2026-07-12 14:42:22Z" duration="0.002457" asserts="0">
                <properties>
                  <property name="retryIteration" value="0" />
                  <property name="repeatIteration" value="0" />
                </properties>
              </test-case>
              <test-case id="1072" name="Balance_Shortage_WhenDemandExceedsProductionAndEmptyBattery" fullname="CleanEnergy.Tests.EditMode.EnergySystemTests.Balance_Shortage_WhenDemandExceedsProductionAndEmptyBattery" methodname="Balance_Shortage_WhenDemandExceedsProductionAndEmptyBattery" classname="CleanEnergy.Tests.EditMode.EnergySystemTests" runstate="Runnable" seed="854382888" result="Passed" start-time="2026-07-12 14:42:22Z" end-time="2026-07-12 14:42:22Z" duration="0.000602" asserts="0">
                <properties>
                  <property name="retryIteration" value="0" />
                  <property name="repeatIteration" value="0" />
                </properties>
              </test-case>
              <test-case id="1074" name="Graph_ConnectsThroughHub" fullname="CleanEnergy.Tests.EditMode.EnergySystemTests.Graph_ConnectsThroughHub" methodname="Graph_ConnectsThroughHub" classname="CleanEnergy.Tests.EditMode.EnergySystemTests" runstate="Runnable" seed="2055674962" result="Passed" start-time="2026-07-12 14:42:22Z" end-time="2026-07-12 14:42:22Z" duration="0.000345" asserts="0">
                <properties>
                  <property name="retryIteration" value="0" />
                  <property name="repeatIteration" value="0" />
                </properties>
              </test-case>
              <test-case id="1075" name="Graph_WithoutLink_SeparateComponents" fullname="CleanEnergy.Tests.EditMode.EnergySystemTests.Graph_WithoutLink_SeparateComponents" methodname="Graph_WithoutLink_SeparateComponents" classname="CleanEnergy.Tests.EditMode.EnergySystemTests" runstate="Runnable" seed="328939882" result="Passed" start-time="2026-07-12 14:42:22Z" end-time="2026-07-12 14:42:22Z" duration="0.000308" asserts="0">
                <properties>
                  <property name="retryIteration" value="0" />
                  <property name="repeatIteration" value="0" />
                </properties>
              </test-case>
              <test-case id="1070" name="ProductionFormula_UsesPotentialAndEfficiency" fullname="CleanEnergy.Tests.EditMode.EnergySystemTests.ProductionFormula_UsesPotentialAndEfficiency" methodname="ProductionFormula_UsesPotentialAndEfficiency" classname="CleanEnergy.Tests.EditMode.EnergySystemTests" runstate="Runnable" seed="1005595932" result="Passed" start-time="2026-07-12 14:42:22Z" end-time="2026-07-12 14:42:22Z" duration="0.000714" asserts="0">
                <properties>
                  <property name="retryIteration" value="0" />
                  <property name="repeatIteration" value="0" />
                </properties>
              </test-case>
              <test-case id="1073" name="Surplus_ChargesBatteryUpToCapacity" fullname="CleanEnergy.Tests.EditMode.EnergySystemTests.Surplus_ChargesBatteryUpToCapacity" methodname="Surplus_ChargesBatteryUpToCapacity" classname="CleanEnergy.Tests.EditMode.EnergySystemTests" runstate="Runnable" seed="2105741197" result="Passed" start-time="2026-07-12 14:42:22Z" end-time="2026-07-12 14:42:22Z" duration="0.000420" asserts="0">
                <properties>
                  <property name="retryIteration" value="0" />
                  <property name="repeatIteration" value="0" />
                </properties>
              </test-case>
            </test-suite>
            <test-suite type="TestFixture" id="1076" name="EnvironmentalLayerTests" fullname="CleanEnergy.Tests.EditMode.EnvironmentalLayerTests" classname="CleanEnergy.Tests.EditMode.EnvironmentalLayerTests" runstate="Runnable" testcasecount="2" result="Passed" start-time="2026-07-12 14:42:22Z" end-time="2026-07-12 14:42:22Z" duration="0.005057" total="2" passed="2" failed="0" inconclusive="0" skipped="0" asserts="0">
              <properties />
              <test-case id="1078" name="Hotkey_F10_MapsEnvironmental" fullname="CleanEnergy.Tests.EditMode.EnvironmentalLayerTests.Hotkey_F10_MapsEnvironmental" methodname="Hotkey_F10_MapsEnvironmental" classname="CleanEnergy.Tests.EditMode.EnvironmentalLayerTests" runstate="Runnable" seed="1295667377" result="Passed" start-time="2026-07-12 14:42:22Z" end-time="2026-07-12 14:42:22Z" duration="0.000207" asserts="0">
                <properties>
                  <property name="retryIteration" value="0" />
                  <property name="repeatIteration" value="0" />
                </properties>
              </test-case>
              <test-case id="1077" name="Score_ScalesWithNearbyProducers" fullname="CleanEnergy.Tests.EditMode.EnvironmentalLayerTests.Score_ScalesWithNearbyProducers" methodname="Score_ScalesWithNearbyProducers" classname="CleanEnergy.Tests.EditMode.EnvironmentalLayerTests" runstate="Runnable" seed="814925109" result="Passed" start-time="2026-07-12 14:42:22Z" end-time="2026-07-12 14:42:22Z" duration="0.000659" asserts="0">
                <properties>
                  <property name="retryIteration" value="0" />
                  <property name="repeatIteration" value="0" />
                </properties>
              </test-case>
            </test-suite>
            <test-suite type="TestFixture" id="1079" name="FourthScenarioTests" fullname="CleanEnergy.Tests.EditMode.FourthScenarioTests" classname="CleanEnergy.Tests.EditMode.FourthScenarioTests" runstate="Runnable" testcasecount="2" result="Passed" start-time="2026-07-12 14:42:22Z" end-time="2026-07-12 14:42:22Z" duration="0.005224" total="2" passed="2" failed="0" inconclusive="0" skipped="0" asserts="0">
              <properties />
              <test-case id="1081" name="ApplyToMapSettings_WritesHydroFriendlyThresholds" fullname="CleanEnergy.Tests.EditMode.FourthScenarioTests.ApplyToMapSettings_WritesHydroFriendlyThresholds" methodname="ApplyToMapSettings_WritesHydroFriendlyThresholds" classname="CleanEnergy.Tests.EditMode.FourthScenarioTests" runstate="Runnable" seed="486524877" result="Passed" start-time="2026-07-12 14:42:22Z" end-time="2026-07-12 14:42:22Z" duration="0.000825" asserts="0">
                <properties>
                  <property name="retryIteration" value="0" />
                  <property name="repeatIteration" value="0" />
                </properties>
              </test-case>
              <test-case id="1080" name="PineBasin_HasHighHydroMidSolarLowWind" fullname="CleanEnergy.Tests.EditMode.FourthScenarioTests.PineBasin_HasHighHydroMidSolarLowWind" methodname="PineBasin_HasHighHydroMidSolarLowWind" classname="CleanEnergy.Tests.EditMode.FourthScenarioTests" runstate="Runnable" seed="1159354824" result="Passed" start-time="2026-07-12 14:42:22Z" end-time="2026-07-12 14:42:22Z" duration="0.000304" asserts="0">
                <properties>
                  <property name="retryIteration" value="0" />
                  <property name="repeatIteration" value="0" />
                </properties>
              </test-case>
            </test-suite>
            <test-suite type="TestFixture" id="1082" name="GlobalRepairTests" fullname="CleanEnergy.Tests.EditMode.GlobalRepairTests" classname="CleanEnergy.Tests.EditMode.GlobalRepairTests" runstate="Runnable" testcasecount="2" result="Passed" start-time="2026-07-12 14:42:22Z" end-time="2026-07-12 14:42:22Z" duration="0.006026" total="2" passed="2" failed="0" inconclusive="0" skipped="0" asserts="0">
              <properties />
              <test-case id="1083" name="GlobalRepair_AtomicallyRepairsAllProducers" fullname="CleanEnergy.Tests.EditMode.GlobalRepairTests.GlobalRepair_AtomicallyRepairsAllProducers" methodname="GlobalRepair_AtomicallyRepairsAllProducers" classname="CleanEnergy.Tests.EditMode.GlobalRepairTests" runstate="Runnable" seed="554262787" result="Passed" start-time="2026-07-12 14:42:22Z" end-time="2026-07-12 14:42:22Z" duration="0.001270" asserts="0">
                <properties>
                  <property name="retryIteration" value="0" />
                  <property name="repeatIteration" value="0" />
                </properties>
              </test-case>
              <test-case id="1084" name="GlobalRepair_FailsWithoutSpending_WhenBroke" fullname="CleanEnergy.Tests.EditMode.GlobalRepairTests.GlobalRepair_FailsWithoutSpending_WhenBroke" methodname="GlobalRepair_FailsWithoutSpending_WhenBroke" classname="CleanEnergy.Tests.EditMode.GlobalRepairTests" runstate="Runnable" seed="386847403" result="Passed" start-time="2026-07-12 14:42:22Z" end-time="2026-07-12 14:42:22Z" duration="0.000428" asserts="0">
                <properties>
                  <property name="retryIteration" value="0" />
                  <property name="repeatIteration" value="0" />
                </properties>
              </test-case>
            </test-suite>
            <test-suite type="TestFixture" id="1287" name="GridServiceTests" fullname="CleanEnergy.Tests.EditMode.GridServiceTests" classname="CleanEnergy.Tests.EditMode.GridServiceTests" runstate="Runnable" testcasecount="2" result="Passed" start-time="2026-07-12 14:42:22Z" end-time="2026-07-12 14:42:22Z" duration="0.008015" total="2" passed="2" failed="0" inconclusive="0" skipped="0" asserts="0">
              <properties />
              <test-case id="1289" name="OutOfBounds_TryGetReturnsFalse" fullname="CleanEnergy.Tests.EditMode.GridServiceTests.OutOfBounds_TryGetReturnsFalse" methodname="OutOfBounds_TryGetReturnsFalse" classname="CleanEnergy.Tests.EditMode.GridServiceTests" runstate="Runnable" seed="473508568" result="Passed" start-time="2026-07-12 14:42:22Z" end-time="2026-07-12 14:42:22Z" duration="0.000296" asserts="0">
                <properties>
                  <property name="retryIteration" value="0" />
                  <property name="repeatIteration" value="0" />
                </properties>
              </test-case>
              <test-case id="1288" name="WorldAndGrid_RoundTripIsConsistent" fullname="CleanEnergy.Tests.EditMode.GridServiceTests.WorldAndGrid_RoundTripIsConsistent" methodname="WorldAndGrid_RoundTripIsConsistent" classname="CleanEnergy.Tests.EditMode.GridServiceTests" runstate="Runnable" seed="911340831" result="Passed" start-time="2026-07-12 14:42:22Z" end-time="2026-07-12 14:42:22Z" duration="0.003524" asserts="0">
                <properties>
                  <property name="retryIteration" value="0" />
                  <property name="repeatIteration" value="0" />
                </properties>
              </test-case>
            </test-suite>
            <test-suite type="TestFixture" id="1283" name="HeightMapGeneratorTests" fullname="CleanEnergy.Tests.EditMode.HeightMapGeneratorTests" classname="CleanEnergy.Tests.EditMode.HeightMapGeneratorTests" runstate="Runnable" testcasecount="3" result="Passed" start-time="2026-07-12 14:42:22Z" end-time="2026-07-12 14:42:22Z" duration="0.079390" total="3" passed="3" failed="0" inconclusive="0" skipped="0" asserts="0">
              <properties />
              <test-case id="1285" name="DifferentSeed_ProducesDifferentHeightMap" fullname="CleanEnergy.Tests.EditMode.HeightMapGeneratorTests.DifferentSeed_ProducesDifferentHeightMap" methodname="DifferentSeed_ProducesDifferentHeightMap" classname="CleanEnergy.Tests.EditMode.HeightMapGeneratorTests" runstate="Runnable" seed="735999316" result="Passed" start-time="2026-07-12 14:42:22Z" end-time="2026-07-12 14:42:22Z" duration="0.006916" asserts="0">
                <properties>
                  <property name="retryIteration" value="0" />
                  <property name="repeatIteration" value="0" />
                </properties>
              </test-case>
              <test-case id="1286" name="HeightValues_AreNormalizedToZeroOne" fullname="CleanEnergy.Tests.EditMode.HeightMapGeneratorTests.HeightValues_AreNormalizedToZeroOne" methodname="HeightValues_AreNormalizedToZeroOne" classname="CleanEnergy.Tests.EditMode.HeightMapGeneratorTests" runstate="Runnable" seed="1886790623" result="Passed" start-time="2026-07-12 14:42:22Z" end-time="2026-07-12 14:42:22Z" duration="0.060722" asserts="0">
                <properties>
                  <property name="retryIteration" value="0" />
                  <property name="repeatIteration" value="0" />
                </properties>
              </test-case>
              <test-case id="1284" name="SameSeed_ProducesIdenticalHeightMap" fullname="CleanEnergy.Tests.EditMode.HeightMapGeneratorTests.SameSeed_ProducesIdenticalHeightMap" methodname="SameSeed_ProducesIdenticalHeightMap" classname="CleanEnergy.Tests.EditMode.HeightMapGeneratorTests" runstate="Runnable" seed="118868185" result="Passed" start-time="2026-07-12 14:42:22Z" end-time="2026-07-12 14:42:22Z" duration="0.009892" asserts="0">
                <properties>
                  <property name="retryIteration" value="0" />
                  <property name="repeatIteration" value="0" />
                </properties>
              </test-case>
            </test-suite>
            <test-suite type="TestFixture" id="1085" name="InspectionPanelTests" fullname="CleanEnergy.Tests.EditMode.InspectionPanelTests" classname="CleanEnergy.Tests.EditMode.InspectionPanelTests" runstate="Runnable" testcasecount="5" result="Passed" start-time="2026-07-12 14:42:22Z" end-time="2026-07-12 14:42:22Z" duration="0.004193" total="5" passed="5" failed="0" inconclusive="0" skipped="0" asserts="0">
              <properties />
              <test-case id="1089" name="BuildingMissingFromGraph_NotInNetwork" fullname="CleanEnergy.Tests.EditMode.InspectionPanelTests.BuildingMissingFromGraph_NotInNetwork" methodname="BuildingMissingFromGraph_NotInNetwork" classname="CleanEnergy.Tests.EditMode.InspectionPanelTests" runstate="Runnable" seed="1457058695" result="Passed" start-time="2026-07-12 14:42:22Z" end-time="2026-07-12 14:42:22Z" duration="0.000739" asserts="0">
                <properties>
                  <property name="retryIteration" value="0" />
                  <property name="repeatIteration" value="0" />
                </properties>
              </test-case>
              <test-case id="1090" name="EfficiencyHint_ForProducer" fullname="CleanEnergy.Tests.EditMode.InspectionPanelTests.EfficiencyHint_ForProducer" methodname="EfficiencyHint_ForProducer" classname="CleanEnergy.Tests.EditMode.InspectionPanelTests" runstate="Runnable" seed="1798486323" result="Passed" start-time="2026-07-12 14:42:22Z" end-time="2026-07-12 14:42:22Z" duration="0.001117" asserts="0">
                <properties>
                  <property name="retryIteration" value="0" />
                  <property name="repeatIteration" value="0" />
                </properties>
              </test-case>
              <test-case id="1086" name="EmptyBuilding_NoBuildingStatus" fullname="CleanEnergy.Tests.EditMode.InspectionPanelTests.EmptyBuilding_NoBuildingStatus" methodname="EmptyBuilding_NoBuildingStatus" classname="CleanEnergy.Tests.EditMode.InspectionPanelTests" runstate="Runnable" seed="194879903" result="Passed" start-time="2026-07-12 14:42:22Z" end-time="2026-07-12 14:42:22Z" duration="0.000214" asserts="0">
                <properties>
                  <property name="retryIteration" value="0" />
                  <property name="repeatIteration" value="0" />
                </properties>
              </test-case>
              <test-case id="1087" name="ProducerAlone_Isolated" fullname="CleanEnergy.Tests.EditMode.InspectionPanelTests.ProducerAlone_Isolated" methodname="ProducerAlone_Isolated" classname="CleanEnergy.Tests.EditMode.InspectionPanelTests" runstate="Runnable" seed="361206391" result="Passed" start-time="2026-07-12 14:42:22Z" end-time="2026-07-12 14:42:22Z" duration="0.000315" asserts="0">
                <properties>
                  <property name="retryIteration" value="0" />
                  <property name="repeatIteration" value="0" />
                </properties>
              </test-case>
              <test-case id="1088" name="ProducerWithConsumer_Connected" fullname="CleanEnergy.Tests.EditMode.InspectionPanelTests.ProducerWithConsumer_Connected" methodname="ProducerWithConsumer_Connected" classname="CleanEnergy.Tests.EditMode.InspectionPanelTests" runstate="Runnable" seed="1454201859" result="Passed" start-time="2026-07-12 14:42:22Z" end-time="2026-07-12 14:42:22Z" duration="0.000398" asserts="0">
                <properties>
                  <property name="retryIteration" value="0" />
                  <property name="repeatIteration" value="0" />
                </properties>
              </test-case>
            </test-suite>
            <test-suite type="TestFixture" id="1091" name="IsolatedProductionTests" fullname="CleanEnergy.Tests.EditMode.IsolatedProductionTests" classname="CleanEnergy.Tests.EditMode.IsolatedProductionTests" runstate="Runnable" testcasecount="3" result="Passed" start-time="2026-07-12 14:42:22Z" end-time="2026-07-12 14:42:22Z" duration="0.002074" total="3" passed="3" failed="0" inconclusive="0" skipped="0" asserts="0">
              <properties />
              <test-case id="1094" name="Calculate_ConnectedProducer_KeepsProduction" fullname="CleanEnergy.Tests.EditMode.IsolatedProductionTests.Calculate_ConnectedProducer_KeepsProduction" methodname="Calculate_ConnectedProducer_KeepsProduction" classname="CleanEnergy.Tests.EditMode.IsolatedProductionTests" runstate="Runnable" seed="2015232856" result="Passed" start-time="2026-07-12 14:42:22Z" end-time="2026-07-12 14:42:22Z" duration="0.000428" asserts="0">
                <properties>
                  <property name="retryIteration" value="0" />
                  <property name="repeatIteration" value="0" />
                </properties>
              </test-case>
              <test-case id="1093" name="Calculate_IsolatedProducer_YieldsZeroProduction" fullname="CleanEnergy.Tests.EditMode.IsolatedProductionTests.Calculate_IsolatedProducer_YieldsZeroProduction" methodname="Calculate_IsolatedProducer_YieldsZeroProduction" classname="CleanEnergy.Tests.EditMode.IsolatedProductionTests" runstate="Runnable" seed="219169451" result="Passed" start-time="2026-07-12 14:42:22Z" end-time="2026-07-12 14:42:22Z" duration="0.000310" asserts="0">
                <properties>
                  <property name="retryIteration" value="0" />
                  <property name="repeatIteration" value="0" />
                </properties>
              </test-case>
              <test-case id="1092" name="ComponentHasLoad_RequiresConsumerOrStorage" fullname="CleanEnergy.Tests.EditMode.IsolatedProductionTests.ComponentHasLoad_RequiresConsumerOrStorage" methodname="ComponentHasLoad_RequiresConsumerOrStorage" classname="CleanEnergy.Tests.EditMode.IsolatedProductionTests" runstate="Runnable" seed="681948243" result="Passed" start-time="2026-07-12 14:42:22Z" end-time="2026-07-12 14:42:22Z" duration="0.000383" asserts="0">
                <properties>
                  <property name="retryIteration" value="0" />
                  <property name="repeatIteration" value="0" />
                </properties>
              </test-case>
            </test-suite>
            <test-suite type="TestFixture" id="1095" name="KeybindPrefsTests" fullname="CleanEnergy.Tests.EditMode.KeybindPrefsTests" classname="CleanEnergy.Tests.EditMode.KeybindPrefsTests" runstate="Runnable" testcasecount="4" result="Passed" start-time="2026-07-12 14:42:22Z" end-time="2026-07-12 14:42:22Z" duration="0.004769" total="4" passed="4" failed="0" inconclusive="0" skipped="0" asserts="0">
              <properties />
              <test-case id="1096" name="Get_DefaultsWhenMissing" fullname="CleanEnergy.Tests.EditMode.KeybindPrefsTests.Get_DefaultsWhenMissing" methodname="Get_DefaultsWhenMissing" classname="CleanEnergy.Tests.EditMode.KeybindPrefsTests" runstate="Runnable" seed="990131919" result="Passed" start-time="2026-07-12 14:42:22Z" end-time="2026-07-12 14:42:22Z" duration="0.002161" asserts="0">
                <properties>
                  <property name="retryIteration" value="0" />
                  <property name="repeatIteration" value="0" />
                </properties>
              </test-case>
              <test-case id="1098" name="ParseOrDefault_FallsBackOnInvalid" fullname="CleanEnergy.Tests.EditMode.KeybindPrefsTests.ParseOrDefault_FallsBackOnInvalid" methodname="ParseOrDefault_FallsBackOnInvalid" classname="CleanEnergy.Tests.EditMode.KeybindPrefsTests" runstate="Runnable" seed="66285694" result="Passed" start-time="2026-07-12 14:42:22Z" end-time="2026-07-12 14:42:22Z" duration="0.000484" asserts="0">
                <properties>
                  <property name="retryIteration" value="0" />
                  <property name="repeatIteration" value="0" />
                </properties>
              </test-case>
              <test-case id="1099" name="TrySet_PersistsValidKey" fullname="CleanEnergy.Tests.EditMode.KeybindPrefsTests.TrySet_PersistsValidKey" methodname="TrySet_PersistsValidKey" classname="CleanEnergy.Tests.EditMode.KeybindPrefsTests" runstate="Runnable" seed="1356636031" result="Passed" start-time="2026-07-12 14:42:22Z" end-time="2026-07-12 14:42:22Z" duration="0.000779" asserts="0">
                <properties>
                  <property name="retryIteration" value="0" />
                  <property name="repeatIteration" value="0" />
                </properties>
              </test-case>
              <test-case id="1097" name="TrySet_RejectsFunctionKeys" fullname="CleanEnergy.Tests.EditMode.KeybindPrefsTests.TrySet_RejectsFunctionKeys" methodname="TrySet_RejectsFunctionKeys" classname="CleanEnergy.Tests.EditMode.KeybindPrefsTests" runstate="Runnable" seed="186844068" result="Passed" start-time="2026-07-12 14:42:22Z" end-time="2026-07-12 14:42:22Z" duration="0.000445" asserts="0">
                <properties>
                  <property name="retryIteration" value="0" />
                  <property name="repeatIteration" value="0" />
                </properties>
              </test-case>
            </test-suite>
            <test-suite type="TestFixture" id="1100" name="LineCapacityTests" fullname="CleanEnergy.Tests.EditMode.LineCapacityTests" classname="CleanEnergy.Tests.EditMode.LineCapacityTests" runstate="Runnable" testcasecount="4" result="Passed" start-time="2026-07-12 14:42:22Z" end-time="2026-07-12 14:42:22Z" duration="0.003040" total="4" passed="4" failed="0" inconclusive="0" skipped="0" asserts="0">
              <properties />
              <test-case id="1101" name="CapacityZero_Unlimited" fullname="CleanEnergy.Tests.EditMode.LineCapacityTests.CapacityZero_Unlimited" methodname="CapacityZero_Unlimited" classname="CleanEnergy.Tests.EditMode.LineCapacityTests" runstate="Runnable" seed="1564646116" result="Passed" start-time="2026-07-12 14:42:22Z" end-time="2026-07-12 14:42:22Z" duration="0.000855" asserts="0">
                <properties>
                  <property name="retryIteration" value="0" />
                  <property name="repeatIteration" value="0" />
                </properties>
              </test-case>
              <test-case id="1103" name="HighCapacity_NoCongestion" fullname="CleanEnergy.Tests.EditMode.LineCapacityTests.HighCapacity_NoCongestion" methodname="HighCapacity_NoCongestion" classname="CleanEnergy.Tests.EditMode.LineCapacityTests" runstate="Runnable" seed="1907963751" result="Passed" start-time="2026-07-12 14:42:22Z" end-time="2026-07-12 14:42:22Z" duration="0.000246" asserts="0">
                <properties>
                  <property name="retryIteration" value="0" />
                  <property name="repeatIteration" value="0" />
                </properties>
              </test-case>
              <test-case id="1102" name="LowCapacity_CapsDeliveredProduction" fullname="CleanEnergy.Tests.EditMode.LineCapacityTests.LowCapacity_CapsDeliveredProduction" methodname="LowCapacity_CapsDeliveredProduction" classname="CleanEnergy.Tests.EditMode.LineCapacityTests" runstate="Runnable" seed="1066819816" result="Passed" start-time="2026-07-12 14:42:22Z" end-time="2026-07-12 14:42:22Z" duration="0.000237" asserts="0">
                <properties>
                  <property name="retryIteration" value="0" />
                  <property name="repeatIteration" value="0" />
                </properties>
              </test-case>
              <test-case id="1104" name="TwoHubs_SumCapacity" fullname="CleanEnergy.Tests.EditMode.LineCapacityTests.TwoHubs_SumCapacity" methodname="TwoHubs_SumCapacity" classname="CleanEnergy.Tests.EditMode.LineCapacityTests" runstate="Runnable" seed="621089438" result="Passed" start-time="2026-07-12 14:42:22Z" end-time="2026-07-12 14:42:22Z" duration="0.000629" asserts="0">
                <properties>
                  <property name="retryIteration" value="0" />
                  <property name="repeatIteration" value="0" />
                </properties>
              </test-case>
            </test-suite>
            <test-suite type="TestFixture" id="1105" name="LineCostDistanceTests" fullname="CleanEnergy.Tests.EditMode.LineCostDistanceTests" classname="CleanEnergy.Tests.EditMode.LineCostDistanceTests" runstate="Runnable" testcasecount="3" result="Passed" start-time="2026-07-12 14:42:22Z" end-time="2026-07-12 14:42:22Z" duration="0.002281" total="3" passed="3" failed="0" inconclusive="0" skipped="0" asserts="0">
              <properties />
              <test-case id="1107" name="DistributionHub_ScalesWithManhattanDistance" fullname="CleanEnergy.Tests.EditMode.LineCostDistanceTests.DistributionHub_ScalesWithManhattanDistance" methodname="DistributionHub_ScalesWithManhattanDistance" classname="CleanEnergy.Tests.EditMode.LineCostDistanceTests" runstate="Runnable" seed="1618007740" result="Passed" start-time="2026-07-12 14:42:22Z" end-time="2026-07-12 14:42:22Z" duration="0.000956" asserts="0">
                <properties>
                  <property name="retryIteration" value="0" />
                  <property name="repeatIteration" value="0" />
                </properties>
              </test-case>
              <test-case id="1106" name="PowerLine_ScalesWithManhattanDistance" fullname="CleanEnergy.Tests.EditMode.LineCostDistanceTests.PowerLine_ScalesWithManhattanDistance" methodname="PowerLine_ScalesWithManhattanDistance" classname="CleanEnergy.Tests.EditMode.LineCostDistanceTests" runstate="Runnable" seed="1668063302" result="Passed" start-time="2026-07-12 14:42:22Z" end-time="2026-07-12 14:42:22Z" duration="0.000367" asserts="0">
                <properties>
                  <property name="retryIteration" value="0" />
                  <property name="repeatIteration" value="0" />
                </properties>
              </test-case>
              <test-case id="1108" name="Village_UsesFlatCost" fullname="CleanEnergy.Tests.EditMode.LineCostDistanceTests.Village_UsesFlatCost" methodname="Village_UsesFlatCost" classname="CleanEnergy.Tests.EditMode.LineCostDistanceTests" runstate="Runnable" seed="1864541616" result="Passed" start-time="2026-07-12 14:42:22Z" end-time="2026-07-12 14:42:22Z" duration="0.000201" asserts="0">
                <properties>
                  <property name="retryIteration" value="0" />
                  <property name="repeatIteration" value="0" />
                </properties>
              </test-case>
            </test-suite>
            <test-suite type="TestFixture" id="1109" name="MainMenuContinueTests" fullname="CleanEnergy.Tests.EditMode.MainMenuContinueTests" classname="CleanEnergy.Tests.EditMode.MainMenuContinueTests" runstate="Runnable" testcasecount="2" result="Passed" start-time="2026-07-12 14:42:22Z" end-time="2026-07-12 14:42:22Z" duration="0.001061" total="2" passed="2" failed="0" inconclusive="0" skipped="0" asserts="0">
              <properties />
              <test-case id="1110" name="ConsumeLoadSaveOnPlay_ClearsFlag" fullname="CleanEnergy.Tests.EditMode.MainMenuContinueTests.ConsumeLoadSaveOnPlay_ClearsFlag" methodname="ConsumeLoadSaveOnPlay_ClearsFlag" classname="CleanEnergy.Tests.EditMode.MainMenuContinueTests" runstate="Runnable" seed="331040103" result="Passed" start-time="2026-07-12 14:42:22Z" end-time="2026-07-12 14:42:22Z" duration="0.000240" asserts="0">
                <properties>
                  <property name="retryIteration" value="0" />
                  <property name="repeatIteration" value="0" />
                </properties>
              </test-case>
              <test-case id="1111" name="Slot1_FileNameIsStable" fullname="CleanEnergy.Tests.EditMode.MainMenuContinueTests.Slot1_FileNameIsStable" methodname="Slot1_FileNameIsStable" classname="CleanEnergy.Tests.EditMode.MainMenuContinueTests" runstate="Runnable" seed="1154229070" result="Passed" start-time="2026-07-12 14:42:22Z" end-time="2026-07-12 14:42:22Z" duration="0.000172" asserts="0">
                <properties>
                  <property name="retryIteration" value="0" />
                  <property name="repeatIteration" value="0" />
                </properties>
              </test-case>
            </test-suite>
            <test-suite type="TestFixture" id="1112" name="MainMenuFlowTests" fullname="CleanEnergy.Tests.EditMode.MainMenuFlowTests" classname="CleanEnergy.Tests.EditMode.MainMenuFlowTests" runstate="Runnable" testcasecount="1" result="Passed" start-time="2026-07-12 14:42:22Z" end-time="2026-07-12 14:42:22Z" duration="0.000464" total="1" passed="1" failed="0" inconclusive="0" skipped="0" asserts="0">
              <properties />
              <test-case id="1113" name="SceneNames_AreStable" fullname="CleanEnergy.Tests.EditMode.MainMenuFlowTests.SceneNames_AreStable" methodname="SceneNames_AreStable" classname="CleanEnergy.Tests.EditMode.MainMenuFlowTests" runstate="Runnable" seed="1126726023" result="Passed" start-time="2026-07-12 14:42:22Z" end-time="2026-07-12 14:42:22Z" duration="0.000106" asserts="0">
                <properties>
                  <property name="retryIteration" value="0" />
                  <property name="repeatIteration" value="0" />
                </properties>
              </test-case>
            </test-suite>
            <test-suite type="TestFixture" id="1114" name="MaintenanceSystemTests" fullname="CleanEnergy.Tests.EditMode.MaintenanceSystemTests" classname="CleanEnergy.Tests.EditMode.MaintenanceSystemTests" runstate="Runnable" testcasecount="5" result="Passed" start-time="2026-07-12 14:42:22Z" end-time="2026-07-12 14:42:22Z" duration="0.003179" total="5" passed="5" failed="0" inconclusive="0" skipped="0" asserts="0">
              <properties />
              <test-case id="1119" name="LowMaintenance_Counted" fullname="CleanEnergy.Tests.EditMode.MaintenanceSystemTests.LowMaintenance_Counted" methodname="LowMaintenance_Counted" classname="CleanEnergy.Tests.EditMode.MaintenanceSystemTests" runstate="Runnable" seed="1299087712" result="Passed" start-time="2026-07-12 14:42:22Z" end-time="2026-07-12 14:42:22Z" duration="0.000900" asserts="0">
                <properties>
                  <property name="retryIteration" value="0" />
                  <property name="repeatIteration" value="0" />
                </properties>
              </test-case>
              <test-case id="1117" name="Production_ScalesWithMaintenanceLevel" fullname="CleanEnergy.Tests.EditMode.MaintenanceSystemTests.Production_ScalesWithMaintenanceLevel" methodname="Production_ScalesWithMaintenanceLevel" classname="CleanEnergy.Tests.EditMode.MaintenanceSystemTests" runstate="Runnable" seed="1142308085" result="Passed" start-time="2026-07-12 14:42:22Z" end-time="2026-07-12 14:42:22Z" duration="0.000357" asserts="0">
                <properties>
                  <property name="retryIteration" value="0" />
                  <property name="repeatIteration" value="0" />
                </properties>
              </test-case>
              <test-case id="1118" name="SaveData_RoundTripsMaintenanceLevel" fullname="CleanEnergy.Tests.EditMode.MaintenanceSystemTests.SaveData_RoundTripsMaintenanceLevel" methodname="SaveData_RoundTripsMaintenanceLevel" classname="CleanEnergy.Tests.EditMode.MaintenanceSystemTests" runstate="Runnable" seed="548002046" result="Passed" start-time="2026-07-12 14:42:22Z" end-time="2026-07-12 14:42:22Z" duration="0.000366" asserts="0">
                <properties>
                  <property name="retryIteration" value="0" />
                  <property name="repeatIteration" value="0" />
                </properties>
              </test-case>
              <test-case id="1116" name="WithDepotInRange_RestoresMaintenance" fullname="CleanEnergy.Tests.EditMode.MaintenanceSystemTests.WithDepotInRange_RestoresMaintenance" methodname="WithDepotInRange_RestoresMaintenance" classname="CleanEnergy.Tests.EditMode.MaintenanceSystemTests" runstate="Runnable" seed="1434173012" result="Passed" start-time="2026-07-12 14:42:22Z" end-time="2026-07-12 14:42:22Z" duration="0.000416" asserts="0">
                <properties>
                  <property name="retryIteration" value="0" />
                  <property name="repeatIteration" value="0" />
                </properties>
              </test-case>
              <test-case id="1115" name="WithoutDepot_ProducerDecaysTowardFloor" fullname="CleanEnergy.Tests.EditMode.MaintenanceSystemTests.WithoutDepot_ProducerDecaysTowardFloor" methodname="WithoutDepot_ProducerDecaysTowardFloor" classname="CleanEnergy.Tests.EditMode.MaintenanceSystemTests" runstate="Runnable" seed="1075265586" result="Passed" start-time="2026-07-12 14:42:22Z" end-time="2026-07-12 14:42:22Z" duration="0.000252" asserts="0">
                <properties>
                  <property name="retryIteration" value="0" />
                  <property name="repeatIteration" value="0" />
                </properties>
              </test-case>
            </test-suite>
            <test-suite type="TestFixture" id="1120" name="ManualRepairTests" fullname="CleanEnergy.Tests.EditMode.ManualRepairTests" classname="CleanEnergy.Tests.EditMode.ManualRepairTests" runstate="Runnable" testcasecount="2" result="Passed" start-time="2026-07-12 14:42:22Z" end-time="2026-07-12 14:42:22Z" duration="0.001255" total="2" passed="2" failed="0" inconclusive="0" skipped="0" asserts="0">
              <properties />
              <test-case id="1121" name="ManualRepairCost_UsesMaintenanceTimesFiveFloor25" fullname="CleanEnergy.Tests.EditMode.ManualRepairTests.ManualRepairCost_UsesMaintenanceTimesFiveFloor25" methodname="ManualRepairCost_UsesMaintenanceTimesFiveFloor25" classname="CleanEnergy.Tests.EditMode.ManualRepairTests" runstate="Runnable" seed="1464709773" result="Passed" start-time="2026-07-12 14:42:22Z" end-time="2026-07-12 14:42:22Z" duration="0.000230" asserts="0">
                <properties>
                  <property name="retryIteration" value="0" />
                  <property name="repeatIteration" value="0" />
                </properties>
              </test-case>
              <test-case id="1122" name="TryManualRepair_RestoresLevelAndSpends" fullname="CleanEnergy.Tests.EditMode.ManualRepairTests.TryManualRepair_RestoresLevelAndSpends" methodname="TryManualRepair_RestoresLevelAndSpends" classname="CleanEnergy.Tests.EditMode.ManualRepairTests" runstate="Runnable" seed="2000688305" result="Passed" start-time="2026-07-12 14:42:22Z" end-time="2026-07-12 14:42:22Z" duration="0.000381" asserts="0">
                <properties>
                  <property name="retryIteration" value="0" />
                  <property name="repeatIteration" value="0" />
                </properties>
              </test-case>
            </test-suite>
[...]
              <test-case id="1310" name="Restore_SetsCurrentStep" fullname="CleanEnergy.Tests.EditMode.TutorialProgressTests.Restore_SetsCurrentStep" methodname="Restore_SetsCurrentStep" classname="CleanEnergy.Tests.EditMode.TutorialProgressTests" runstate="Runnable" seed="1669373511" result="Passed" start-time="2026-07-12 14:42:23Z" end-time="2026-07-12 14:42:23Z" duration="0.000148" asserts="0">
                <properties>
                  <property name="retryIteration" value="0" />
                  <property name="repeatIteration" value="0" />
                </properties>
              </test-case>
              <test-case id="1313" name="Sequence_PlaceBatteryAfterPlaceSolar_NoBatteryResearchStep" fullname="CleanEnergy.Tests.EditMode.TutorialProgressTests.Sequence_PlaceBatteryAfterPlaceSolar_NoBatteryResearchStep" methodname="Sequence_PlaceBatteryAfterPlaceSolar_NoBatteryResearchStep" classname="CleanEnergy.Tests.EditMode.TutorialProgressTests" runstate="Runnable" seed="72627818" result="Passed" start-time="2026-07-12 14:42:23Z" end-time="2026-07-12 14:42:23Z" duration="0.000726" asserts="0">
                <properties>
                  <property name="retryIteration" value="0" />
                  <property name="repeatIteration" value="0" />
                </properties>
              </test-case>
              <test-case id="1309" name="SkipAhead_IsRejected" fullname="CleanEnergy.Tests.EditMode.TutorialProgressTests.SkipAhead_IsRejected" methodname="SkipAhead_IsRejected" classname="CleanEnergy.Tests.EditMode.TutorialProgressTests" runstate="Runnable" seed="1397622477" result="Passed" start-time="2026-07-12 14:42:23Z" end-time="2026-07-12 14:42:23Z" duration="0.000141" asserts="0">
                <properties>
                  <property name="retryIteration" value="0" />
                  <property name="repeatIteration" value="0" />
                </properties>
              </test-case>
              <test-case id="1307" name="StartsAtCamera" fullname="CleanEnergy.Tests.EditMode.TutorialProgressTests.StartsAtCamera" methodname="StartsAtCamera" classname="CleanEnergy.Tests.EditMode.TutorialProgressTests" runstate="Runnable" seed="527641266" result="Passed" start-time="2026-07-12 14:42:23Z" end-time="2026-07-12 14:42:23Z" duration="0.000134" asserts="0">
                <properties>
                  <property name="retryIteration" value="0" />
                  <property name="repeatIteration" value="0" />
                </properties>
              </test-case>
            </test-suite>
            <test-suite type="TestFixture" id="1316" name="UpkeepEconomyTests" fullname="CleanEnergy.Tests.EditMode.UpkeepEconomyTests" classname="CleanEnergy.Tests.EditMode.UpkeepEconomyTests" runstate="Runnable" testcasecount="3" result="Passed" start-time="2026-07-12 14:42:23Z" end-time="2026-07-12 14:42:23Z" duration="0.002305" total="3" passed="3" failed="0" inconclusive="0" skipped="0" asserts="0">
              <properties />
              <test-case id="1317" name="CalculateTotal_SumsMaintenanceCost" fullname="CleanEnergy.Tests.EditMode.UpkeepEconomyTests.CalculateTotal_SumsMaintenanceCost" methodname="CalculateTotal_SumsMaintenanceCost" classname="CleanEnergy.Tests.EditMode.UpkeepEconomyTests" runstate="Runnable" seed="1735319255" result="Passed" start-time="2026-07-12 14:42:23Z" end-time="2026-07-12 14:42:23Z" duration="0.000821" asserts="0">
                <properties>
                  <property name="retryIteration" value="0" />
                  <property name="repeatIteration" value="0" />
                </properties>
              </test-case>
              <test-case id="1319" name="ProcessTick_ClampsToZero_WhenBroke" fullname="CleanEnergy.Tests.EditMode.UpkeepEconomyTests.ProcessTick_ClampsToZero_WhenBroke" methodname="ProcessTick_ClampsToZero_WhenBroke" classname="CleanEnergy.Tests.EditMode.UpkeepEconomyTests" runstate="Runnable" seed="885783962" result="Passed" start-time="2026-07-12 14:42:23Z" end-time="2026-07-12 14:42:23Z" duration="0.000446" asserts="0">
                <properties>
                  <property name="retryIteration" value="0" />
                  <property name="repeatIteration" value="0" />
                </properties>
              </test-case>
              <test-case id="1318" name="ProcessTick_DeductsFromWallet" fullname="CleanEnergy.Tests.EditMode.UpkeepEconomyTests.ProcessTick_DeductsFromWallet" methodname="ProcessTick_DeductsFromWallet" classname="CleanEnergy.Tests.EditMode.UpkeepEconomyTests" runstate="Runnable" seed="867027509" result="Passed" start-time="2026-07-12 14:42:23Z" end-time="2026-07-12 14:42:23Z" duration="0.000367" asserts="0">
                <properties>
                  <property name="retryIteration" value="0" />
                  <property name="repeatIteration" value="0" />
                </properties>
              </test-case>
            </test-suite>
            <test-suite type="TestFixture" id="1320" name="UpkeepMaintenanceTests" fullname="CleanEnergy.Tests.EditMode.UpkeepMaintenanceTests" classname="CleanEnergy.Tests.EditMode.UpkeepMaintenanceTests" runstate="Runnable" testcasecount="1" result="Passed" start-time="2026-07-12 14:42:23Z" end-time="2026-07-12 14:42:23Z" duration="0.000622" total="1" passed="1" failed="0" inconclusive="0" skipped="0" asserts="0">
              <properties />
              <test-case id="1321" name="MaintenanceMultiplier_FullIsOne_BrokenIsTwo" fullname="CleanEnergy.Tests.EditMode.UpkeepMaintenanceTests.MaintenanceMultiplier_FullIsOne_BrokenIsTwo" methodname="MaintenanceMultiplier_FullIsOne_BrokenIsTwo" classname="CleanEnergy.Tests.EditMode.UpkeepMaintenanceTests" runstate="Runnable" seed="942258640" result="Passed" start-time="2026-07-12 14:42:23Z" end-time="2026-07-12 14:42:23Z" duration="0.000122" asserts="0">
                <properties>
                  <property name="retryIteration" value="0" />
                  <property name="repeatIteration" value="0" />
                </properties>
              </test-case>
            </test-suite>
            <test-suite type="TestFixture" id="1322" name="VillagePopulationTests" fullname="CleanEnergy.Tests.EditMode.VillagePopulationTests" classname="CleanEnergy.Tests.EditMode.VillagePopulationTests" runstate="Runnable" testcasecount="4" result="Passed" start-time="2026-07-12 14:42:23Z" end-time="2026-07-12 14:42:23Z" duration="0.001606" total="4" passed="4" failed="0" inconclusive="0" skipped="0" asserts="0">
              <properties />
              <test-case id="1323" name="DemandScale_TracksPopulationRatio" fullname="CleanEnergy.Tests.EditMode.VillagePopulationTests.DemandScale_TracksPopulationRatio" methodname="DemandScale_TracksPopulationRatio" classname="CleanEnergy.Tests.EditMode.VillagePopulationTests" runstate="Runnable" seed="627674485" result="Passed" start-time="2026-07-12 14:42:23Z" end-time="2026-07-12 14:42:23Z" duration="0.000308" asserts="0">
                <properties>
                  <property name="retryIteration" value="0" />
                  <property name="repeatIteration" value="0" />
                </properties>
              </test-case>
              <test-case id="1324" name="Tick_GrowsWhenCoverageHigh" fullname="CleanEnergy.Tests.EditMode.VillagePopulationTests.Tick_GrowsWhenCoverageHigh" methodname="Tick_GrowsWhenCoverageHigh" classname="CleanEnergy.Tests.EditMode.VillagePopulationTests" runstate="Runnable" seed="1443673957" result="Passed" start-time="2026-07-12 14:42:23Z" end-time="2026-07-12 14:42:23Z" duration="0.000209" asserts="0">
                <properties>
                  <property name="retryIteration" value="0" />
                  <property name="repeatIteration" value="0" />
                </properties>
              </test-case>
              <test-case id="1326" name="Tick_RespectsCapAndFloor" fullname="CleanEnergy.Tests.EditMode.VillagePopulationTests.Tick_RespectsCapAndFloor" methodname="Tick_RespectsCapAndFloor" classname="CleanEnergy.Tests.EditMode.VillagePopulationTests" runstate="Runnable" seed="1641701769" result="Passed" start-time="2026-07-12 14:42:23Z" end-time="2026-07-12 14:42:23Z" duration="0.000192" asserts="0">
                <properties>
                  <property name="retryIteration" value="0" />
                  <property name="repeatIteration" value="0" />
                </properties>
              </test-case>
              <test-case id="1325" name="Tick_ShrinksWhenCoverageLow" fullname="CleanEnergy.Tests.EditMode.VillagePopulationTests.Tick_ShrinksWhenCoverageLow" methodname="Tick_ShrinksWhenCoverageLow" classname="CleanEnergy.Tests.EditMode.VillagePopulationTests" runstate="Runnable" seed="401484965" result="Passed" start-time="2026-07-12 14:42:23Z" end-time="2026-07-12 14:42:23Z" duration="0.000147" asserts="0">
                <properties>
                  <property name="retryIteration" value="0" />
                  <property name="repeatIteration" value="0" />
                </properties>
              </test-case>
            </test-suite>
            <test-suite type="TestFixture" id="1293" name="WaterFlowCalculatorTests" fullname="CleanEnergy.Tests.EditMode.WaterFlowCalculatorTests" classname="CleanEnergy.Tests.EditMode.WaterFlowCalculatorTests" runstate="Runnable" testcasecount="2" result="Passed" start-time="2026-07-12 14:42:23Z" end-time="2026-07-12 14:42:23Z" duration="0.061067" total="2" passed="2" failed="0" inconclusive="0" skipped="0" asserts="0">
              <properties />
              <test-case id="1295" name="SameHeightMap_ProducesDeterministicWater" fullname="CleanEnergy.Tests.EditMode.WaterFlowCalculatorTests.SameHeightMap_ProducesDeterministicWater" methodname="SameHeightMap_ProducesDeterministicWater" classname="CleanEnergy.Tests.EditMode.WaterFlowCalculatorTests" runstate="Runnable" seed="126511413" result="Passed" start-time="2026-07-12 14:42:23Z" end-time="2026-07-12 14:42:23Z" duration="0.059868" asserts="0">
                <properties>
                  <property name="retryIteration" value="0" />
                  <property name="repeatIteration" value="0" />
                </properties>
              </test-case>
              <test-case id="1294" name="SlopedMap_RoutesFlowDownhillAndAccumulates" fullname="CleanEnergy.Tests.EditMode.WaterFlowCalculatorTests.SlopedMap_RoutesFlowDownhillAndAccumulates" methodname="SlopedMap_RoutesFlowDownhillAndAccumulates" classname="CleanEnergy.Tests.EditMode.WaterFlowCalculatorTests" runstate="Runnable" seed="1999277063" result="Passed" start-time="2026-07-12 14:42:23Z" end-time="2026-07-12 14:42:23Z" duration="0.000506" asserts="0">
                <properties>
                  <property name="retryIteration" value="0" />
                  <property name="repeatIteration" value="0" />
                </properties>
              </test-case>
            </test-suite>
            <test-suite type="TestFixture" id="1327" name="WeatherEventTests" fullname="CleanEnergy.Tests.EditMode.WeatherEventTests" classname="CleanEnergy.Tests.EditMode.WeatherEventTests" runstate="Runnable" testcasecount="5" result="Passed" start-time="2026-07-12 14:42:23Z" end-time="2026-07-12 14:42:23Z" duration="0.002575" total="5" passed="5" failed="0" inconclusive="0" skipped="0" asserts="0">
              <properties />
              <test-case id="1332" name="Advance_ExpiresActiveEvent" fullname="CleanEnergy.Tests.EditMode.WeatherEventTests.Advance_ExpiresActiveEvent" methodname="Advance_ExpiresActiveEvent" classname="CleanEnergy.Tests.EditMode.WeatherEventTests" runstate="Runnable" seed="607937886" result="Passed" start-time="2026-07-12 14:42:23Z" end-time="2026-07-12 14:42:23Z" duration="0.000479" asserts="0">
                <properties>
                  <property name="retryIteration" value="0" />
                  <property name="repeatIteration" value="0" />
                </properties>
              </test-case>
              <test-case id="1329" name="Cloudy_HalvesSolarMultiplier" fullname="CleanEnergy.Tests.EditMode.WeatherEventTests.Cloudy_HalvesSolarMultiplier" methodname="Cloudy_HalvesSolarMultiplier" classname="CleanEnergy.Tests.EditMode.WeatherEventTests" runstate="Runnable" seed="123947937" result="Passed" start-time="2026-07-12 14:42:23Z" end-time="2026-07-12 14:42:23Z" duration="0.000186" asserts="0">
                <properties>
                  <property name="retryIteration" value="0" />
                  <property name="repeatIteration" value="0" />
                </properties>
              </test-case>
              <test-case id="1331" name="Context_AppliesWeatherToDaylightAndWind" fullname="CleanEnergy.Tests.EditMode.WeatherEventTests.Context_AppliesWeatherToDaylightAndWind" methodname="Context_AppliesWeatherToDaylightAndWind" classname="CleanEnergy.Tests.EditMode.WeatherEventTests" runstate="Runnable" seed="816764378" result="Passed" start-time="2026-07-12 14:42:23Z" end-time="2026-07-12 14:42:23Z" duration="0.000153" asserts="0">
                <properties>
                  <property name="retryIteration" value="0" />
                  <property name="repeatIteration" value="0" />
                </properties>
              </test-case>
              <test-case id="1328" name="DeterministicRoll_IsXor" fullname="CleanEnergy.Tests.EditMode.WeatherEventTests.DeterministicRoll_IsXor" methodname="DeterministicRoll_IsXor" classname="CleanEnergy.Tests.EditMode.WeatherEventTests" runstate="Runnable" seed="1847387521" result="Passed" start-time="2026-07-12 14:42:23Z" end-time="2026-07-12 14:42:23Z" duration="0.000319" asserts="0">
                <properties>
                  <property name="retryIteration" value="0" />
                  <property name="repeatIteration" value="0" />
                </properties>
              </test-case>
              <test-case id="1330" name="WindGust_BoostsWindMultiplier" fullname="CleanEnergy.Tests.EditMode.WeatherEventTests.WindGust_BoostsWindMultiplier" methodname="WindGust_BoostsWindMultiplier" classname="CleanEnergy.Tests.EditMode.WeatherEventTests" runstate="Runnable" seed="799006068" result="Passed" start-time="2026-07-12 14:42:23Z" end-time="2026-07-12 14:42:23Z" duration="0.000156" asserts="0">
                <properties>
                  <property name="retryIteration" value="0" />
                  <property name="repeatIteration" value="0" />
                </properties>
              </test-case>
            </test-suite>
            <test-suite type="TestFixture" id="1333" name="WindWakeTests" fullname="CleanEnergy.Tests.EditMode.WindWakeTests" classname="CleanEnergy.Tests.EditMode.WindWakeTests" runstate="Runnable" testcasecount="4" result="Passed" start-time="2026-07-12 14:42:23Z" end-time="2026-07-12 14:42:23Z" duration="0.008477" total="4" passed="4" failed="0" inconclusive="0" skipped="0" asserts="0">
              <properties />
              <test-case id="1334" name="ClampFactor_AppliesPenaltyAndFloor" fullname="CleanEnergy.Tests.EditMode.WindWakeTests.ClampFactor_AppliesPenaltyAndFloor" methodname="ClampFactor_AppliesPenaltyAndFloor" classname="CleanEnergy.Tests.EditMode.WindWakeTests" runstate="Runnable" seed="1878874773" result="Passed" start-time="2026-07-12 14:42:23Z" end-time="2026-07-12 14:42:23Z" duration="0.005028" asserts="0">
                <properties>
                  <property name="retryIteration" value="0" />
                  <property name="repeatIteration" value="0" />
                </properties>
              </test-case>
              <test-case id="1335" name="Compute_IsolatedTurbine_NoPenalty" fullname="CleanEnergy.Tests.EditMode.WindWakeTests.Compute_IsolatedTurbine_NoPenalty" methodname="Compute_IsolatedTurbine_NoPenalty" classname="CleanEnergy.Tests.EditMode.WindWakeTests" runstate="Runnable" seed="384309928" result="Passed" start-time="2026-07-12 14:42:23Z" end-time="2026-07-12 14:42:23Z" duration="0.000966" asserts="0">
                <properties>
                  <property name="retryIteration" value="0" />
                  <property name="repeatIteration" value="0" />
                </properties>
              </test-case>
              <test-case id="1336" name="Compute_NeighborWithinChebyshev_Penalizes" fullname="CleanEnergy.Tests.EditMode.WindWakeTests.Compute_NeighborWithinChebyshev_Penalizes" methodname="Compute_NeighborWithinChebyshev_Penalizes" classname="CleanEnergy.Tests.EditMode.WindWakeTests" runstate="Runnable" seed="1753614596" result="Passed" start-time="2026-07-12 14:42:23Z" end-time="2026-07-12 14:42:23Z" duration="0.000499" asserts="0">
                <properties>
                  <property name="retryIteration" value="0" />
                  <property name="repeatIteration" value="0" />
                </properties>
              </test-case>
              <test-case id="1337" name="Compute_NonWind_AlwaysOne" fullname="CleanEnergy.Tests.EditMode.WindWakeTests.Compute_NonWind_AlwaysOne" methodname="Compute_NonWind_AlwaysOne" classname="CleanEnergy.Tests.EditMode.WindWakeTests" runstate="Runnable" seed="524545032" result="Passed" start-time="2026-07-12 14:42:23Z" end-time="2026-07-12 14:42:23Z" duration="0.000326" asserts="0">
                <properties>
                  <property name="retryIteration" value="0" />
                  <property name="repeatIteration" value="0" />
                </properties>
              </test-case>
            </test-suite>
            <test-suite type="TestFixture" id="1338" name="ZoomFitTests" fullname="CleanEnergy.Tests.EditMode.ZoomFitTests" classname="CleanEnergy.Tests.EditMode.ZoomFitTests" runstate="Runnable" testcasecount="3" result="Passed" start-time="2026-07-12 14:42:23Z" end-time="2026-07-12 14:42:23Z" duration="0.004103" total="3" passed="3" failed="0" inconclusive="0" skipped="0" asserts="0">
              <properties />
              <test-case id="1341" name="BoundsAroundCell_AppliesPadding" fullname="CleanEnergy.Tests.EditMode.ZoomFitTests.BoundsAroundCell_AppliesPadding" methodname="BoundsAroundCell_AppliesPadding" classname="CleanEnergy.Tests.EditMode.ZoomFitTests" runstate="Runnable" seed="1919740018" result="Passed" start-time="2026-07-12 14:42:23Z" end-time="2026-07-12 14:42:23Z" duration="0.000747" asserts="0">
                <properties>
                  <property name="retryIteration" value="0" />
                  <property name="repeatIteration" value="0" />
                </properties>
              </test-case>
              <test-case id="1340" name="OrthographicSize_ClampsToLimits" fullname="CleanEnergy.Tests.EditMode.ZoomFitTests.OrthographicSize_ClampsToLimits" methodname="OrthographicSize_ClampsToLimits" classname="CleanEnergy.Tests.EditMode.ZoomFitTests" runstate="Runnable" seed="259723345" result="Passed" start-time="2026-07-12 14:42:23Z" end-time="2026-07-12 14:42:23Z" duration="0.000560" asserts="0">
                <properties>
                  <property name="retryIteration" value="0" />
                  <property name="repeatIteration" value="0" />
                </properties>
              </test-case>
              <test-case id="1339" name="OrthographicSize_UsesLargerAxis" fullname="CleanEnergy.Tests.EditMode.ZoomFitTests.OrthographicSize_UsesLargerAxis" methodname="OrthographicSize_UsesLargerAxis" classname="CleanEnergy.Tests.EditMode.ZoomFitTests" runstate="Runnable" seed="1403309919" result="Passed" start-time="2026-07-12 14:42:23Z" end-time="2026-07-12 14:42:23Z" duration="0.000283" asserts="0">
                <properties>
                  <property name="retryIteration" value="0" />
                  <property name="repeatIteration" value="0" />
                </properties>
                <output><![CDATA[Saving results to: C:/Users/Alercode/AppData/LocalLow/CleanEnergy/Clean Energy Prototype\TestResults.xml
]]></output>
              </test-case>
            </test-suite>
          </test-suite>
        </test-suite>
      </test-suite>
    </test-suite>
  </test-suite>
</test-run>